#
# There is insufficient memory for the Java Runtime Environment to continue.
# Native memory allocation (mmap) failed to map 536870912 bytes. Error detail: G1 virtual space
# Possible reasons:
#   The system is out of physical RAM or swap space
#   This process is running with CompressedOops enabled, and the Java Heap may be blocking the growth of the native heap
# Possible solutions:
#   Reduce memory load on the system
#   Increase physical memory or swap space
#   Check if swap backing store is full
#   Decrease Java heap size (-Xmx/-Xms)
#   Decrease number of Java threads
#   Decrease Java thread stack sizes (-Xss)
#   Set larger code cache with -XX:ReservedCodeCacheSize=
#   JVM is running with Zero Based Compressed Oops mode in which the Java heap is
#     placed in the first 32GB address space. The Java Heap base address is the
#     maximum limit for the native heap growth. Please use -XX:HeapBaseMinAddress
#     to set the Java Heap base and to place the Java Heap above 32GB virtual address.
# This output file may be truncated or incomplete.
#
#  Out of Memory Error (os_windows.cpp:3828), pid=32352, tid=29916
#
# JRE version:  (21.0.4+13) (build )
# Java VM: OpenJDK 64-Bit Server VM (21.0.4+13-b509.17, mixed mode, sharing, tiered, compressed oops, compressed class ptrs, g1 gc, windows-amd64)
# No core dump will be written. Minidumps are not enabled by default on client versions of Windows
#

---------------  S U M M A R Y ------------

Command Line: git4idea.http.GitAskPassApp Username for 'https://github.com': 

Host: Intel(R) Core(TM) i7-14700F, 28 cores, 31G,  Windows 11 , 64 bit Build 26100 (10.0.26100.3037)
Time: Mon Mar 17 09:48:10 2025 Mountain Daylight Time elapsed time: 1.047138 seconds (0d 0h 0m 1s)

---------------  T H R E A D  ---------------

Current thread (0x00000119536597e0):  JavaThread "Unknown thread" [_thread_in_vm, id=29916, stack(0x000000051c700000,0x000000051c800000) (1024K)]

Stack: [0x000000051c700000,0x000000051c800000]
Native frames: (J=compiled Java code, j=interpreted, Vv=VM code, C=native code)
V  [jvm.dll+0x6e36d9]
V  [jvm.dll+0x8c0bd3]
V  [jvm.dll+0x8c312e]
V  [jvm.dll+0x8c3813]
V  [jvm.dll+0x288256]
V  [jvm.dll+0x6dfe65]
V  [jvm.dll+0x6d433a]
V  [jvm.dll+0x36209b]
V  [jvm.dll+0x369c46]
V  [jvm.dll+0x3bbd76]
V  [jvm.dll+0x3bc048]
V  [jvm.dll+0x33485c]
V  [jvm.dll+0x33554b]
V  [jvm.dll+0x888039]
V  [jvm.dll+0x3c8ea8]
V  [jvm.dll+0x8711d8]
V  [jvm.dll+0x45d85e]
V  [jvm.dll+0x45f541]
C  [jli.dll+0x52ab]
C  [ucrtbase.dll+0x37b0]
C  [KERNEL32.DLL+0x2e8d7]
C  [ntdll.dll+0xbbf2c]


---------------  P R O C E S S  ---------------

Threads class SMR info:
_java_thread_list=0x00007ffb18882108, length=0, elements={
}

Java Threads: ( => current thread )
Total: 0

Other Threads:
  0x0000011953704830 WorkerThread "GC Thread#0"                     [id=44752, stack(0x000000051c800000,0x000000051c900000) (1024K)]
  0x0000011953716590 ConcurrentGCThread "G1 Main Marker"            [id=40480, stack(0x000000051c900000,0x000000051ca00000) (1024K)]
  0x0000011953717090 WorkerThread "G1 Conc#0"                       [id=6656, stack(0x000000051ca00000,0x000000051cb00000) (1024K)]

[error occurred during error reporting (printing all threads), id 0xc0000005, EXCEPTION_ACCESS_VIOLATION (0xc0000005) at pc=0x00007ffb17f77917]
VM state: not at safepoint (not fully initialized)

VM Mutex/Monitor currently owned by a thread:  ([mutex/lock_event])
[0x00007ffb188f6a48] Heap_lock - owner thread: 0x00000119536597e0

Heap address: 0x0000000603400000, size: 8140 MB, Compressed Oops mode: Zero based, Oop shift amount: 3

CDS archive(s) mapped at: [0x0000000000000000-0x0000000000000000-0x0000000000000000), size 0, SharedBaseAddress: 0x0000000800000000, ArchiveRelocationMode: 1.
Narrow klass base: 0x0000000000000000, Narrow klass shift: 0, Narrow klass range: 0x0

GC Precious Log:
 CardTable entry size: 512
 Card Set container configuration: InlinePtr #cards 4 size 8 Array Of Cards #cards 32 size 80 Howl #buckets 8 coarsen threshold 7372 Howl Bitmap #cards 1024 size 144 coarsen threshold 921 Card regions per heap region 1 cards per card region 8192

Heap:
 garbage-first heap   total 0K, used 0K [0x0000000603400000, 0x0000000800000000)
  region size 4096K, 0 young (0K), 0 survivors (0K)
 Metaspace       used 0K, committed 0K, reserved 0K
  class space    used 0K, committed 0K, reserved 0K

Heap Regions: E=young(eden), S=young(survivor), O=old, HS=humongous(starts), HC=humongous(continues), CS=collection set, F=free, TAMS=top-at-mark-start, PB=parsable bottom

Card table byte_map: [0x0000011968d60000,0x0000011969d50000] _byte_map_base: 0x0000011965d46000

Marking Bits: (CMBitMap*) 0x0000011953704f30
 Bits: [0x0000011969d50000, 0x0000011971c80000)

GC Heap History (0 events):
No events

Dll operation events (1 events):
Event: 0.004 Loaded shared library C:\Program Files\JetBrains\IntelliJ IDEA 2024.2.0.2\jbr\bin\java.dll

Deoptimization events (0 events):
No events

Classes loaded (0 events):
No events

Classes unloaded (0 events):
No events

Classes redefined (0 events):
No events

Internal exceptions (0 events):
No events

ZGC Phase Switch (0 events):
No events

VM Operations (0 events):
No events

Memory protections (0 events):
No events

Nmethod flushes (0 events):
No events

Events (0 events):
No events


Dynamic libraries:
0x00007ff701f80000 - 0x00007ff701f8a000 	C:\Program Files\JetBrains\IntelliJ IDEA 2024.2.0.2\jbr\bin\java.exe
0x00007ffb5d5c0000 - 0x00007ffb5d823000 	C:\WINDOWS\SYSTEM32\ntdll.dll
0x00007ffb5c030000 - 0x00007ffb5c0f7000 	C:\WINDOWS\System32\KERNEL32.DLL
0x00007ffb5ac10000 - 0x00007ffb5afd7000 	C:\WINDOWS\System32\KERNELBASE.dll
0x00007ffb5a990000 - 0x00007ffb5aadc000 	C:\WINDOWS\System32\ucrtbase.dll
0x00007ffb343b0000 - 0x00007ffb343cb000 	C:\Program Files\JetBrains\IntelliJ IDEA 2024.2.0.2\jbr\bin\VCRUNTIME140.dll
0x00007ffb462f0000 - 0x00007ffb46308000 	C:\Program Files\JetBrains\IntelliJ IDEA 2024.2.0.2\jbr\bin\jli.dll
0x00007ffb5bc70000 - 0x00007ffb5be39000 	C:\WINDOWS\System32\USER32.dll
0x00007ffb5a960000 - 0x00007ffb5a987000 	C:\WINDOWS\System32\win32u.dll
0x00007ffb446c0000 - 0x00007ffb44950000 	C:\WINDOWS\WinSxS\amd64_microsoft.windows.common-controls_6595b64144ccf1df_6.0.26100.3037_none_3e09262ce333c378\COMCTL32.dll
0x00007ffb5d510000 - 0x00007ffb5d53a000 	C:\WINDOWS\System32\GDI32.dll
0x00007ffb5c330000 - 0x00007ffb5c3d9000 	C:\WINDOWS\System32\msvcrt.dll
0x00007ffb5aae0000 - 0x00007ffb5ac0b000 	C:\WINDOWS\System32\gdi32full.dll
0x00007ffb5b0a0000 - 0x00007ffb5b143000 	C:\WINDOWS\System32\msvcp_win.dll
0x00007ffb5d540000 - 0x00007ffb5d56f000 	C:\WINDOWS\System32\IMM32.DLL
0x00007ffb57600000 - 0x00007ffb5760c000 	C:\Program Files\JetBrains\IntelliJ IDEA 2024.2.0.2\jbr\bin\vcruntime140_1.dll
0x00007ffb0fe10000 - 0x00007ffb0fe9d000 	C:\Program Files\JetBrains\IntelliJ IDEA 2024.2.0.2\jbr\bin\msvcp140.dll
0x00007ffb17c30000 - 0x00007ffb189e7000 	C:\Program Files\JetBrains\IntelliJ IDEA 2024.2.0.2\jbr\bin\server\jvm.dll
0x00007ffb5be40000 - 0x00007ffb5bef4000 	C:\WINDOWS\System32\ADVAPI32.dll
0x00007ffb5b5c0000 - 0x00007ffb5b666000 	C:\WINDOWS\System32\sechost.dll
0x00007ffb5cd00000 - 0x00007ffb5ce16000 	C:\WINDOWS\System32\RPCRT4.dll
0x00007ffb5c2a0000 - 0x00007ffb5c314000 	C:\WINDOWS\System32\WS2_32.dll
0x00007ffb595c0000 - 0x00007ffb5960e000 	C:\WINDOWS\SYSTEM32\POWRPROF.dll
0x00007ffb4cea0000 - 0x00007ffb4ced6000 	C:\WINDOWS\SYSTEM32\WINMM.dll
0x00007ffb52c00000 - 0x00007ffb52c0b000 	C:\WINDOWS\SYSTEM32\VERSION.dll
0x00007ffb595a0000 - 0x00007ffb595b4000 	C:\WINDOWS\SYSTEM32\UMPDC.dll
0x00007ffb59870000 - 0x00007ffb5988a000 	C:\WINDOWS\SYSTEM32\kernel.appcore.dll
0x00007ffb524d0000 - 0x00007ffb524da000 	C:\Program Files\JetBrains\IntelliJ IDEA 2024.2.0.2\jbr\bin\jimage.dll
0x00007ffb58090000 - 0x00007ffb582d1000 	C:\WINDOWS\SYSTEM32\DBGHELP.DLL
0x00007ffb5d180000 - 0x00007ffb5d4fe000 	C:\WINDOWS\System32\combase.dll
0x00007ffb5b400000 - 0x00007ffb5b4d6000 	C:\WINDOWS\System32\OLEAUT32.dll
0x00007ffaf0580000 - 0x00007ffaf05b9000 	C:\WINDOWS\SYSTEM32\dbgcore.DLL
0x00007ffb5b150000 - 0x00007ffb5b1e9000 	C:\WINDOWS\System32\bcryptPrimitives.dll
0x00007ffb333f0000 - 0x00007ffb3340f000 	C:\Program Files\JetBrains\IntelliJ IDEA 2024.2.0.2\jbr\bin\java.dll

dbghelp: loaded successfully - version: 4.0.5 - missing functions: none
symbol engine: initialized successfully - sym options: 0x614 - pdb path: .;C:\Program Files\JetBrains\IntelliJ IDEA 2024.2.0.2\jbr\bin;C:\WINDOWS\SYSTEM32;C:\WINDOWS\WinSxS\amd64_microsoft.windows.common-controls_6595b64144ccf1df_6.0.26100.3037_none_3e09262ce333c378;C:\Program Files\JetBrains\IntelliJ IDEA 2024.2.0.2\jbr\bin\server

VM Arguments:
java_command: git4idea.http.GitAskPassApp Username for 'https://github.com': 
java_class_path (initial): C:/Program Files/JetBrains/IntelliJ IDEA 2024.2.0.2/plugins/vcs-git/lib/git4idea-rt.jar;C:/Program Files/JetBrains/IntelliJ IDEA 2024.2.0.2/lib/externalProcess-rt.jar
Launcher Type: SUN_STANDARD

[Global flags]
     intx CICompilerCount                          = 12                                        {product} {ergonomic}
     uint ConcGCThreads                            = 5                                         {product} {ergonomic}
     uint G1ConcRefinementThreads                  = 20                                        {product} {ergonomic}
   size_t G1HeapRegionSize                         = 4194304                                   {product} {ergonomic}
    uintx GCDrainStackTargetSize                   = 64                                        {product} {ergonomic}
   size_t InitialHeapSize                          = 536870912                                 {product} {ergonomic}
   size_t MarkStackSize                            = 4194304                                   {product} {ergonomic}
   size_t MaxHeapSize                              = 8535408640                                {product} {ergonomic}
   size_t MinHeapDeltaBytes                        = 4194304                                   {product} {ergonomic}
   size_t MinHeapSize                              = 8388608                                   {product} {ergonomic}
    uintx NonNMethodCodeHeapSize                   = 7602480                                {pd product} {ergonomic}
    uintx NonProfiledCodeHeapSize                  = 122027880                              {pd product} {ergonomic}
    uintx ProfiledCodeHeapSize                     = 122027880                              {pd product} {ergonomic}
    uintx ReservedCodeCacheSize                    = 251658240                              {pd product} {ergonomic}
     bool SegmentedCodeCache                       = true                                      {product} {ergonomic}
   size_t SoftMaxHeapSize                          = 8535408640                             {manageable} {ergonomic}
     bool UseCompressedOops                        = true                           {product lp64_product} {ergonomic}
     bool UseG1GC                                  = true                                      {product} {ergonomic}
     bool UseLargePagesIndividualAllocation        = false                                  {pd product} {ergonomic}

Logging:
Log output configuration:
 #0: stdout all=warning uptime,level,tags foldmultilines=false
 #1: stderr all=off uptime,level,tags foldmultilines=false

Environment Variables:
PATH=C:\Program Files\Git\mingw64\libexec\git-core;C:\Program Files\Git\mingw64\libexec\git-core;C:\Program Files\Git\mingw64\bin;C:\Program Files\Git\usr\bin;C:\Users\adity\bin;C:\Windows\system32;C:\Windows;C:\Windows\System32\Wbem;C:\Windows\System32\WindowsPowerShell\v1.0;C:\Windows\System32\OpenSSH;C:\Program Files (x86)\NVIDIA Corporation\PhysX\Common;C:\Program Files\NVIDIA Corporation\NVIDIA NvDLISR;C:\Program Files\dotnet;C:\WINDOWS\system32;C:\WINDOWS;C:\WINDOWS\System32\Wbem;C:\WINDOWS\System32\WindowsPowerShell\v1.0;C:\WINDOWS\System32\OpenSSH;C:\Program Files\Git\cmd;C:\Program Files\nodejs;C:\Users\adity\AppData\Local\Microsoft\WindowsApps;C:\Users\adity\AppData\Local\Programs\Microsoft VS Code\bin;C:\Users\adity\.dotnet\tools;C:\Users\adity\AppData\Local\Microsoft\WinGet\Packages\Schniz.fnm_Microsoft.Winget.Source_8wekyb3d8bbwe;C:\Users\adity\AppData\Roaming\npm
USERNAME=adity
DISPLAY=:0.0
LC_ALL=en_US.UTF-8
TERM=xterm-256color
TMPDIR=C:\Users\adity\AppData\Local\Temp
OS=Windows_NT
PROCESSOR_IDENTIFIER=Intel64 Family 6 Model 183 Stepping 1, GenuineIntel
TMP=C:\Users\adity\AppData\Local\Temp
TEMP=C:\Users\adity\AppData\Local\Temp




Periodic native trim disabled

JNI global refs:
JNI global refs: 0, weak refs: 0

JNI global refs memory usage: 0, weak refs: 0

Process memory usage:
Resident Set Size: 13380K (0% of 33329392K total physical memory with 8467496K free physical memory)

OOME stack traces (most recent first):
Classloader memory used:

---------------  S Y S T E M  ---------------

OS:
 Windows 11 , 64 bit Build 26100 (10.0.26100.3037)
OS uptime: 9 days 17:23 hours
Hyper-V role detected

CPU: total 28 (initial active 28) (14 cores per cpu, 2 threads per core) family 6 model 183 stepping 1 microcode 0x11d, cx8, cmov, fxsr, ht, mmx, 3dnowpref, sse, sse2, sse3, ssse3, sse4.1, sse4.2, popcnt, lzcnt, tsc, tscinvbit, avx, avx2, aes, erms, clmul, bmi1, bmi2, adx, sha, fma, vzeroupper, clflush, clflushopt, clwb, hv, serialize, rdtscp, rdpid, fsrm, f16c, cet_ibt, cet_ss
Processor Information for all 28 processors :
  Max Mhz: 2100, Current Mhz: 2100, Mhz Limit: 2100

Memory: 4k page, system-wide physical 32548M (8269M free)
TotalPageFile size 130852M (AvailPageFile size 193M)
current process WorkingSet (physical memory assigned to process): 13M, peak: 13M
current process commit charge ("private bytes"): 86M, peak: 598M

vm_info: OpenJDK 64-Bit Server VM (21.0.4+13-b509.17) for windows-amd64 JRE (21.0.4+13-b509.17), built on 2024-09-04 by "builduser" with MS VC++ 16.10 / 16.11 (VS2019)

END.
