#
# There is insufficient memory for the Java Runtime Environment to continue.
# Native memory allocation (malloc) failed to allocate 1065872 bytes. Error detail: Chunk::new
# Possible reasons:
#   The system is out of physical RAM or swap space
#   This process is running with CompressedOops enabled, and the Java Heap may be blocking the growth of the native heap
# Possible solutions:
#   Reduce memory load on the system
#   Increase physical memory or swap space
#   Check if swap backing store is full
#   Decrease Java heap size (-Xmx/-Xms)
#   Decrease number of Java threads
#   Decrease Java thread stack sizes (-Xss)
#   Set larger code cache with -XX:ReservedCodeCacheSize=
#   JVM is running with Zero Based Compressed Oops mode in which the Java heap is
#     placed in the first 32GB address space. The Java Heap base address is the
#     maximum limit for the native heap growth. Please use -XX:HeapBaseMinAddress
#     to set the Java Heap base and to place the Java Heap above 32GB virtual address.
# This output file may be truncated or incomplete.
#
#  Out of Memory Error (arena.cpp:168), pid=52064, tid=42196
#
# JRE version: OpenJDK Runtime Environment JBR-21.0.4+13-509.17-jcef (21.0.4+13) (build 21.0.4+13-b509.17)
# Java VM: OpenJDK 64-Bit Server VM JBR-21.0.4+13-509.17-jcef (21.0.4+13-b509.17, mixed mode, tiered, compressed oops, compressed class ptrs, g1 gc, windows-amd64)
# No core dump will be written. Minidumps are not enabled by default on client versions of Windows
#

---------------  S U M M A R Y ------------

Command Line: git4idea.http.GitAskPassApp Username for 'https://github.com': 

Host: Intel(R) Core(TM) i7-14700F, 28 cores, 31G,  Windows 11 , 64 bit Build 26100 (10.0.26100.3323)
Time: Thu Apr 10 07:45:24 2025 Mountain Daylight Time elapsed time: 0.524158 seconds (0d 0h 0m 0s)

---------------  T H R E A D  ---------------

Current thread (0x000001c82783fac0):  JavaThread "C2 CompilerThread0" daemon [_thread_in_native, id=42196, stack(0x000000c014f00000,0x000000c015000000) (1024K)]


Current CompileTask:
C2:    524 1166       4       sun.security.ec.ECOperations::setDouble (463 bytes)

Stack: [0x000000c014f00000,0x000000c015000000]
Native frames: (J=compiled Java code, j=interpreted, Vv=VM code, C=native code)
V  [jvm.dll+0x6e36d9]
V  [jvm.dll+0x8c0bd3]
V  [jvm.dll+0x8c312e]
V  [jvm.dll+0x8c3813]
V  [jvm.dll+0x288256]
V  [jvm.dll+0xc613d]
V  [jvm.dll+0xc6673]
V  [jvm.dll+0x3c2f9b]
V  [jvm.dll+0x1e5b94]
V  [jvm.dll+0x24fcc4]
V  [jvm.dll+0x24f141]
V  [jvm.dll+0x1cd074]
V  [jvm.dll+0x25e88c]
V  [jvm.dll+0x25cdd6]
V  [jvm.dll+0x3fdff6]
V  [jvm.dll+0x868868]
V  [jvm.dll+0x6e1edd]
C  [ucrtbase.dll+0x37b0]
C  [KERNEL32.DLL+0x2e8d7]
C  [ntdll.dll+0xbbf6c]


---------------  P R O C E S S  ---------------

Threads class SMR info:
_java_thread_list=0x000001c82c4faab0, length=21, elements={
0x000001c80601f530, 0x000001c82780b190, 0x000001c8278562a0, 0x000001c8278394d0,
0x000001c82783a5a0, 0x000001c82783bb70, 0x000001c82783d2f0, 0x000001c82783fac0,
0x000001c82788c730, 0x000001c826262e90, 0x000001c827a32590, 0x000001c827a333d0,
0x000001c82c18a760, 0x000001c82c18d630, 0x000001c82c4cb930, 0x000001c82c521800,
0x000001c82c5b0230, 0x000001c82c590ad0, 0x000001c82c591f40, 0x000001c82c591870,
0x000001c82c592610
}

Java Threads: ( => current thread )
  0x000001c80601f530 JavaThread "main"                              [_thread_blocked, id=38116, stack(0x000000c014100000,0x000000c014200000) (1024K)]
  0x000001c82780b190 JavaThread "Reference Handler"          daemon [_thread_blocked, id=3848, stack(0x000000c014900000,0x000000c014a00000) (1024K)]
  0x000001c8278562a0 JavaThread "Finalizer"                  daemon [_thread_blocked, id=30812, stack(0x000000c014a00000,0x000000c014b00000) (1024K)]
  0x000001c8278394d0 JavaThread "Signal Dispatcher"          daemon [_thread_blocked, id=8304, stack(0x000000c014b00000,0x000000c014c00000) (1024K)]
  0x000001c82783a5a0 JavaThread "Attach Listener"            daemon [_thread_blocked, id=44792, stack(0x000000c014c00000,0x000000c014d00000) (1024K)]
  0x000001c82783bb70 JavaThread "Service Thread"             daemon [_thread_blocked, id=51676, stack(0x000000c014d00000,0x000000c014e00000) (1024K)]
  0x000001c82783d2f0 JavaThread "Monitor Deflation Thread"   daemon [_thread_blocked, id=40684, stack(0x000000c014e00000,0x000000c014f00000) (1024K)]
=>0x000001c82783fac0 JavaThread "C2 CompilerThread0"         daemon [_thread_in_native, id=42196, stack(0x000000c014f00000,0x000000c015000000) (1024K)]
  0x000001c82788c730 JavaThread "C1 CompilerThread0"         daemon [_thread_blocked, id=44520, stack(0x000000c015000000,0x000000c015100000) (1024K)]
  0x000001c826262e90 JavaThread "C1 CompilerThread1"         daemon [_thread_blocked, id=656, stack(0x000000c015100000,0x000000c015200000) (1024K)]
  0x000001c827a32590 JavaThread "Notification Thread"        daemon [_thread_blocked, id=30608, stack(0x000000c015200000,0x000000c015300000) (1024K)]
  0x000001c827a333d0 JavaThread "Common-Cleaner"             daemon [_thread_blocked, id=7528, stack(0x000000c015300000,0x000000c015400000) (1024K)]
  0x000001c82c18a760 JavaThread "C1 CompilerThread2"         daemon [_thread_blocked, id=28160, stack(0x000000c015400000,0x000000c015500000) (1024K)]
  0x000001c82c18d630 JavaThread "C1 CompilerThread3"         daemon [_thread_blocked, id=44068, stack(0x000000c015500000,0x000000c015600000) (1024K)]
  0x000001c82c4cb930 JavaThread "HttpClient-1-SelectorManager" daemon [_thread_in_native, id=51516, stack(0x000000c015600000,0x000000c015700000) (1024K)]
  0x000001c82c521800 JavaThread "HttpClient-1-Worker-0"      daemon [_thread_blocked, id=40712, stack(0x000000c015800000,0x000000c015900000) (1024K)]
  0x000001c82c5b0230 JavaThread "HttpClient-1-Worker-1"      daemon [_thread_blocked, id=15312, stack(0x000000c015900000,0x000000c015a00000) (1024K)]
  0x000001c82c590ad0 JavaThread "C2 CompilerThread1"         daemon [_thread_blocked, id=29832, stack(0x000000c015a00000,0x000000c015b00000) (1024K)]
  0x000001c82c591f40 JavaThread "C2 CompilerThread2"         daemon [_thread_blocked, id=47128, stack(0x000000c015b00000,0x000000c015c00000) (1024K)]
  0x000001c82c591870 JavaThread "C2 CompilerThread3"         daemon [_thread_blocked, id=40636, stack(0x000000c015c00000,0x000000c015d00000) (1024K)]
  0x000001c82c592610 JavaThread "C2 CompilerThread4"         daemon [_thread_blocked, id=43876, stack(0x000000c015d00000,0x000000c015e00000) (1024K)]
Total: 21

Other Threads:
  0x000001c8277d16e0 VMThread "VM Thread"                           [id=34292, stack(0x000000c014800000,0x000000c014900000) (1024K)]
  0x000001c827780af0 WatcherThread "VM Periodic Task Thread"        [id=12476, stack(0x000000c014700000,0x000000c014800000) (1024K)]
  0x000001c8060c6530 WorkerThread "GC Thread#0"                     [id=28168, stack(0x000000c014200000,0x000000c014300000) (1024K)]
  0x000001c8060d7ff0 ConcurrentGCThread "G1 Main Marker"            [id=48156, stack(0x000000c014300000,0x000000c014400000) (1024K)]
  0x000001c8060d91a0 WorkerThread "G1 Conc#0"                       [id=37392, stack(0x000000c014400000,0x000000c014500000) (1024K)]
  0x000001c8261a02a0 ConcurrentGCThread "G1 Refine#0"               [id=38628, stack(0x000000c014500000,0x000000c014600000) (1024K)]
  0x000001c8261a3ae0 ConcurrentGCThread "G1 Service"                [id=51820, stack(0x000000c014600000,0x000000c014700000) (1024K)]
Total: 7

Threads with active compile tasks:
C2 CompilerThread0      532 1166       4       sun.security.ec.ECOperations::setDouble (463 bytes)
Total: 1

VM state: not at safepoint (normal execution)

VM Mutex/Monitor currently owned by a thread: None

Heap address: 0x0000000603400000, size: 8140 MB, Compressed Oops mode: Zero based, Oop shift amount: 3

CDS archive(s) not mapped
Compressed class space mapped at: 0x0000000800000000-0x0000000840000000, reserved size: 1073741824
Narrow klass base: 0x0000000800000000, Narrow klass shift: 0, Narrow klass range: 0x40000000

GC Precious Log:
 CardTable entry size: 512
 Card Set container configuration: InlinePtr #cards 4 size 8 Array Of Cards #cards 32 size 80 Howl #buckets 8 coarsen threshold 7372 Howl Bitmap #cards 1024 size 144 coarsen threshold 921 Card regions per heap region 1 cards per card region 8192
 CPUs: 28 total, 28 available
 Memory: 32548M
 Large Page Support: Disabled
 NUMA Support: Disabled
 Compressed Oops: Enabled (Zero based)
 Heap Region Size: 4M
 Heap Min Capacity: 8M
 Heap Initial Capacity: 512M
 Heap Max Capacity: 8140M
 Pre-touch: Disabled
 Parallel Workers: 20
 Concurrent Workers: 5
 Concurrent Refinement Workers: 20
 Periodic GC: Disabled

Heap:
 garbage-first heap   total 524288K, used 16384K [0x0000000603400000, 0x0000000800000000)
  region size 4096K, 5 young (20480K), 0 survivors (0K)
 Metaspace       used 18187K, committed 18432K, reserved 1114112K
  class space    used 1791K, committed 1920K, reserved 1048576K

Heap Regions: E=young(eden), S=young(survivor), O=old, HS=humongous(starts), HC=humongous(continues), CS=collection set, F=free, TAMS=top-at-mark-start, PB=parsable bottom
|   0|0x0000000603400000, 0x0000000603400000, 0x0000000603800000|  0%| F|  |TAMS 0x0000000603400000| PB 0x0000000603400000| Untracked 
|   1|0x0000000603800000, 0x0000000603800000, 0x0000000603c00000|  0%| F|  |TAMS 0x0000000603800000| PB 0x0000000603800000| Untracked 
|   2|0x0000000603c00000, 0x0000000603c00000, 0x0000000604000000|  0%| F|  |TAMS 0x0000000603c00000| PB 0x0000000603c00000| Untracked 
|   3|0x0000000604000000, 0x0000000604000000, 0x0000000604400000|  0%| F|  |TAMS 0x0000000604000000| PB 0x0000000604000000| Untracked 
|   4|0x0000000604400000, 0x0000000604400000, 0x0000000604800000|  0%| F|  |TAMS 0x0000000604400000| PB 0x0000000604400000| Untracked 
|   5|0x0000000604800000, 0x0000000604800000, 0x0000000604c00000|  0%| F|  |TAMS 0x0000000604800000| PB 0x0000000604800000| Untracked 
|   6|0x0000000604c00000, 0x0000000604c00000, 0x0000000605000000|  0%| F|  |TAMS 0x0000000604c00000| PB 0x0000000604c00000| Untracked 
|   7|0x0000000605000000, 0x0000000605000000, 0x0000000605400000|  0%| F|  |TAMS 0x0000000605000000| PB 0x0000000605000000| Untracked 
|   8|0x0000000605400000, 0x0000000605400000, 0x0000000605800000|  0%| F|  |TAMS 0x0000000605400000| PB 0x0000000605400000| Untracked 
|   9|0x0000000605800000, 0x0000000605800000, 0x0000000605c00000|  0%| F|  |TAMS 0x0000000605800000| PB 0x0000000605800000| Untracked 
|  10|0x0000000605c00000, 0x0000000605c00000, 0x0000000606000000|  0%| F|  |TAMS 0x0000000605c00000| PB 0x0000000605c00000| Untracked 
|  11|0x0000000606000000, 0x0000000606000000, 0x0000000606400000|  0%| F|  |TAMS 0x0000000606000000| PB 0x0000000606000000| Untracked 
|  12|0x0000000606400000, 0x0000000606400000, 0x0000000606800000|  0%| F|  |TAMS 0x0000000606400000| PB 0x0000000606400000| Untracked 
|  13|0x0000000606800000, 0x0000000606800000, 0x0000000606c00000|  0%| F|  |TAMS 0x0000000606800000| PB 0x0000000606800000| Untracked 
|  14|0x0000000606c00000, 0x0000000606c00000, 0x0000000607000000|  0%| F|  |TAMS 0x0000000606c00000| PB 0x0000000606c00000| Untracked 
|  15|0x0000000607000000, 0x0000000607000000, 0x0000000607400000|  0%| F|  |TAMS 0x0000000607000000| PB 0x0000000607000000| Untracked 
|  16|0x0000000607400000, 0x0000000607400000, 0x0000000607800000|  0%| F|  |TAMS 0x0000000607400000| PB 0x0000000607400000| Untracked 
|  17|0x0000000607800000, 0x0000000607800000, 0x0000000607c00000|  0%| F|  |TAMS 0x0000000607800000| PB 0x0000000607800000| Untracked 
|  18|0x0000000607c00000, 0x0000000607c00000, 0x0000000608000000|  0%| F|  |TAMS 0x0000000607c00000| PB 0x0000000607c00000| Untracked 
|  19|0x0000000608000000, 0x0000000608000000, 0x0000000608400000|  0%| F|  |TAMS 0x0000000608000000| PB 0x0000000608000000| Untracked 
|  20|0x0000000608400000, 0x0000000608400000, 0x0000000608800000|  0%| F|  |TAMS 0x0000000608400000| PB 0x0000000608400000| Untracked 
|  21|0x0000000608800000, 0x0000000608800000, 0x0000000608c00000|  0%| F|  |TAMS 0x0000000608800000| PB 0x0000000608800000| Untracked 
|  22|0x0000000608c00000, 0x0000000608c00000, 0x0000000609000000|  0%| F|  |TAMS 0x0000000608c00000| PB 0x0000000608c00000| Untracked 
|  23|0x0000000609000000, 0x0000000609000000, 0x0000000609400000|  0%| F|  |TAMS 0x0000000609000000| PB 0x0000000609000000| Untracked 
|  24|0x0000000609400000, 0x0000000609400000, 0x0000000609800000|  0%| F|  |TAMS 0x0000000609400000| PB 0x0000000609400000| Untracked 
|  25|0x0000000609800000, 0x0000000609800000, 0x0000000609c00000|  0%| F|  |TAMS 0x0000000609800000| PB 0x0000000609800000| Untracked 
|  26|0x0000000609c00000, 0x0000000609c00000, 0x000000060a000000|  0%| F|  |TAMS 0x0000000609c00000| PB 0x0000000609c00000| Untracked 
|  27|0x000000060a000000, 0x000000060a000000, 0x000000060a400000|  0%| F|  |TAMS 0x000000060a000000| PB 0x000000060a000000| Untracked 
|  28|0x000000060a400000, 0x000000060a400000, 0x000000060a800000|  0%| F|  |TAMS 0x000000060a400000| PB 0x000000060a400000| Untracked 
|  29|0x000000060a800000, 0x000000060a800000, 0x000000060ac00000|  0%| F|  |TAMS 0x000000060a800000| PB 0x000000060a800000| Untracked 
|  30|0x000000060ac00000, 0x000000060ac00000, 0x000000060b000000|  0%| F|  |TAMS 0x000000060ac00000| PB 0x000000060ac00000| Untracked 
|  31|0x000000060b000000, 0x000000060b000000, 0x000000060b400000|  0%| F|  |TAMS 0x000000060b000000| PB 0x000000060b000000| Untracked 
|  32|0x000000060b400000, 0x000000060b400000, 0x000000060b800000|  0%| F|  |TAMS 0x000000060b400000| PB 0x000000060b400000| Untracked 
|  33|0x000000060b800000, 0x000000060b800000, 0x000000060bc00000|  0%| F|  |TAMS 0x000000060b800000| PB 0x000000060b800000| Untracked 
|  34|0x000000060bc00000, 0x000000060bc00000, 0x000000060c000000|  0%| F|  |TAMS 0x000000060bc00000| PB 0x000000060bc00000| Untracked 
|  35|0x000000060c000000, 0x000000060c000000, 0x000000060c400000|  0%| F|  |TAMS 0x000000060c000000| PB 0x000000060c000000| Untracked 
|  36|0x000000060c400000, 0x000000060c400000, 0x000000060c800000|  0%| F|  |TAMS 0x000000060c400000| PB 0x000000060c400000| Untracked 
|  37|0x000000060c800000, 0x000000060c800000, 0x000000060cc00000|  0%| F|  |TAMS 0x000000060c800000| PB 0x000000060c800000| Untracked 
|  38|0x000000060cc00000, 0x000000060cc00000, 0x000000060d000000|  0%| F|  |TAMS 0x000000060cc00000| PB 0x000000060cc00000| Untracked 
|  39|0x000000060d000000, 0x000000060d000000, 0x000000060d400000|  0%| F|  |TAMS 0x000000060d000000| PB 0x000000060d000000| Untracked 
|  40|0x000000060d400000, 0x000000060d400000, 0x000000060d800000|  0%| F|  |TAMS 0x000000060d400000| PB 0x000000060d400000| Untracked 
|  41|0x000000060d800000, 0x000000060d800000, 0x000000060dc00000|  0%| F|  |TAMS 0x000000060d800000| PB 0x000000060d800000| Untracked 
|  42|0x000000060dc00000, 0x000000060dc00000, 0x000000060e000000|  0%| F|  |TAMS 0x000000060dc00000| PB 0x000000060dc00000| Untracked 
|  43|0x000000060e000000, 0x000000060e000000, 0x000000060e400000|  0%| F|  |TAMS 0x000000060e000000| PB 0x000000060e000000| Untracked 
|  44|0x000000060e400000, 0x000000060e400000, 0x000000060e800000|  0%| F|  |TAMS 0x000000060e400000| PB 0x000000060e400000| Untracked 
|  45|0x000000060e800000, 0x000000060e800000, 0x000000060ec00000|  0%| F|  |TAMS 0x000000060e800000| PB 0x000000060e800000| Untracked 
|  46|0x000000060ec00000, 0x000000060ec00000, 0x000000060f000000|  0%| F|  |TAMS 0x000000060ec00000| PB 0x000000060ec00000| Untracked 
|  47|0x000000060f000000, 0x000000060f000000, 0x000000060f400000|  0%| F|  |TAMS 0x000000060f000000| PB 0x000000060f000000| Untracked 
|  48|0x000000060f400000, 0x000000060f400000, 0x000000060f800000|  0%| F|  |TAMS 0x000000060f400000| PB 0x000000060f400000| Untracked 
|  49|0x000000060f800000, 0x000000060f800000, 0x000000060fc00000|  0%| F|  |TAMS 0x000000060f800000| PB 0x000000060f800000| Untracked 
|  50|0x000000060fc00000, 0x000000060fc00000, 0x0000000610000000|  0%| F|  |TAMS 0x000000060fc00000| PB 0x000000060fc00000| Untracked 
|  51|0x0000000610000000, 0x0000000610000000, 0x0000000610400000|  0%| F|  |TAMS 0x0000000610000000| PB 0x0000000610000000| Untracked 
|  52|0x0000000610400000, 0x0000000610400000, 0x0000000610800000|  0%| F|  |TAMS 0x0000000610400000| PB 0x0000000610400000| Untracked 
|  53|0x0000000610800000, 0x0000000610800000, 0x0000000610c00000|  0%| F|  |TAMS 0x0000000610800000| PB 0x0000000610800000| Untracked 
|  54|0x0000000610c00000, 0x0000000610c00000, 0x0000000611000000|  0%| F|  |TAMS 0x0000000610c00000| PB 0x0000000610c00000| Untracked 
|  55|0x0000000611000000, 0x0000000611000000, 0x0000000611400000|  0%| F|  |TAMS 0x0000000611000000| PB 0x0000000611000000| Untracked 
|  56|0x0000000611400000, 0x0000000611400000, 0x0000000611800000|  0%| F|  |TAMS 0x0000000611400000| PB 0x0000000611400000| Untracked 
|  57|0x0000000611800000, 0x0000000611800000, 0x0000000611c00000|  0%| F|  |TAMS 0x0000000611800000| PB 0x0000000611800000| Untracked 
|  58|0x0000000611c00000, 0x0000000611c00000, 0x0000000612000000|  0%| F|  |TAMS 0x0000000611c00000| PB 0x0000000611c00000| Untracked 
|  59|0x0000000612000000, 0x0000000612000000, 0x0000000612400000|  0%| F|  |TAMS 0x0000000612000000| PB 0x0000000612000000| Untracked 
|  60|0x0000000612400000, 0x0000000612400000, 0x0000000612800000|  0%| F|  |TAMS 0x0000000612400000| PB 0x0000000612400000| Untracked 
|  61|0x0000000612800000, 0x0000000612800000, 0x0000000612c00000|  0%| F|  |TAMS 0x0000000612800000| PB 0x0000000612800000| Untracked 
|  62|0x0000000612c00000, 0x0000000612c00000, 0x0000000613000000|  0%| F|  |TAMS 0x0000000612c00000| PB 0x0000000612c00000| Untracked 
|  63|0x0000000613000000, 0x0000000613000000, 0x0000000613400000|  0%| F|  |TAMS 0x0000000613000000| PB 0x0000000613000000| Untracked 
|  64|0x0000000613400000, 0x0000000613400000, 0x0000000613800000|  0%| F|  |TAMS 0x0000000613400000| PB 0x0000000613400000| Untracked 
|  65|0x0000000613800000, 0x0000000613800000, 0x0000000613c00000|  0%| F|  |TAMS 0x0000000613800000| PB 0x0000000613800000| Untracked 
|  66|0x0000000613c00000, 0x0000000613c00000, 0x0000000614000000|  0%| F|  |TAMS 0x0000000613c00000| PB 0x0000000613c00000| Untracked 
|  67|0x0000000614000000, 0x0000000614000000, 0x0000000614400000|  0%| F|  |TAMS 0x0000000614000000| PB 0x0000000614000000| Untracked 
|  68|0x0000000614400000, 0x0000000614400000, 0x0000000614800000|  0%| F|  |TAMS 0x0000000614400000| PB 0x0000000614400000| Untracked 
|  69|0x0000000614800000, 0x0000000614800000, 0x0000000614c00000|  0%| F|  |TAMS 0x0000000614800000| PB 0x0000000614800000| Untracked 
|  70|0x0000000614c00000, 0x0000000614c00000, 0x0000000615000000|  0%| F|  |TAMS 0x0000000614c00000| PB 0x0000000614c00000| Untracked 
|  71|0x0000000615000000, 0x0000000615000000, 0x0000000615400000|  0%| F|  |TAMS 0x0000000615000000| PB 0x0000000615000000| Untracked 
|  72|0x0000000615400000, 0x0000000615400000, 0x0000000615800000|  0%| F|  |TAMS 0x0000000615400000| PB 0x0000000615400000| Untracked 
|  73|0x0000000615800000, 0x0000000615800000, 0x0000000615c00000|  0%| F|  |TAMS 0x0000000615800000| PB 0x0000000615800000| Untracked 
|  74|0x0000000615c00000, 0x0000000615c00000, 0x0000000616000000|  0%| F|  |TAMS 0x0000000615c00000| PB 0x0000000615c00000| Untracked 
|  75|0x0000000616000000, 0x0000000616000000, 0x0000000616400000|  0%| F|  |TAMS 0x0000000616000000| PB 0x0000000616000000| Untracked 
|  76|0x0000000616400000, 0x0000000616400000, 0x0000000616800000|  0%| F|  |TAMS 0x0000000616400000| PB 0x0000000616400000| Untracked 
|  77|0x0000000616800000, 0x0000000616800000, 0x0000000616c00000|  0%| F|  |TAMS 0x0000000616800000| PB 0x0000000616800000| Untracked 
|  78|0x0000000616c00000, 0x0000000616c00000, 0x0000000617000000|  0%| F|  |TAMS 0x0000000616c00000| PB 0x0000000616c00000| Untracked 
|  79|0x0000000617000000, 0x0000000617000000, 0x0000000617400000|  0%| F|  |TAMS 0x0000000617000000| PB 0x0000000617000000| Untracked 
|  80|0x0000000617400000, 0x0000000617400000, 0x0000000617800000|  0%| F|  |TAMS 0x0000000617400000| PB 0x0000000617400000| Untracked 
|  81|0x0000000617800000, 0x0000000617800000, 0x0000000617c00000|  0%| F|  |TAMS 0x0000000617800000| PB 0x0000000617800000| Untracked 
|  82|0x0000000617c00000, 0x0000000617c00000, 0x0000000618000000|  0%| F|  |TAMS 0x0000000617c00000| PB 0x0000000617c00000| Untracked 
|  83|0x0000000618000000, 0x0000000618000000, 0x0000000618400000|  0%| F|  |TAMS 0x0000000618000000| PB 0x0000000618000000| Untracked 
|  84|0x0000000618400000, 0x0000000618400000, 0x0000000618800000|  0%| F|  |TAMS 0x0000000618400000| PB 0x0000000618400000| Untracked 
|  85|0x0000000618800000, 0x0000000618800000, 0x0000000618c00000|  0%| F|  |TAMS 0x0000000618800000| PB 0x0000000618800000| Untracked 
|  86|0x0000000618c00000, 0x0000000618c00000, 0x0000000619000000|  0%| F|  |TAMS 0x0000000618c00000| PB 0x0000000618c00000| Untracked 
|  87|0x0000000619000000, 0x0000000619000000, 0x0000000619400000|  0%| F|  |TAMS 0x0000000619000000| PB 0x0000000619000000| Untracked 
|  88|0x0000000619400000, 0x0000000619400000, 0x0000000619800000|  0%| F|  |TAMS 0x0000000619400000| PB 0x0000000619400000| Untracked 
|  89|0x0000000619800000, 0x0000000619800000, 0x0000000619c00000|  0%| F|  |TAMS 0x0000000619800000| PB 0x0000000619800000| Untracked 
|  90|0x0000000619c00000, 0x0000000619c00000, 0x000000061a000000|  0%| F|  |TAMS 0x0000000619c00000| PB 0x0000000619c00000| Untracked 
|  91|0x000000061a000000, 0x000000061a000000, 0x000000061a400000|  0%| F|  |TAMS 0x000000061a000000| PB 0x000000061a000000| Untracked 
|  92|0x000000061a400000, 0x000000061a400000, 0x000000061a800000|  0%| F|  |TAMS 0x000000061a400000| PB 0x000000061a400000| Untracked 
|  93|0x000000061a800000, 0x000000061a800000, 0x000000061ac00000|  0%| F|  |TAMS 0x000000061a800000| PB 0x000000061a800000| Untracked 
|  94|0x000000061ac00000, 0x000000061ac00000, 0x000000061b000000|  0%| F|  |TAMS 0x000000061ac00000| PB 0x000000061ac00000| Untracked 
|  95|0x000000061b000000, 0x000000061b000000, 0x000000061b400000|  0%| F|  |TAMS 0x000000061b000000| PB 0x000000061b000000| Untracked 
|  96|0x000000061b400000, 0x000000061b400000, 0x000000061b800000|  0%| F|  |TAMS 0x000000061b400000| PB 0x000000061b400000| Untracked 
|  97|0x000000061b800000, 0x000000061b800000, 0x000000061bc00000|  0%| F|  |TAMS 0x000000061b800000| PB 0x000000061b800000| Untracked 
|  98|0x000000061bc00000, 0x000000061bc00000, 0x000000061c000000|  0%| F|  |TAMS 0x000000061bc00000| PB 0x000000061bc00000| Untracked 
|  99|0x000000061c000000, 0x000000061c000000, 0x000000061c400000|  0%| F|  |TAMS 0x000000061c000000| PB 0x000000061c000000| Untracked 
| 100|0x000000061c400000, 0x000000061c400000, 0x000000061c800000|  0%| F|  |TAMS 0x000000061c400000| PB 0x000000061c400000| Untracked 
| 101|0x000000061c800000, 0x000000061c800000, 0x000000061cc00000|  0%| F|  |TAMS 0x000000061c800000| PB 0x000000061c800000| Untracked 
| 102|0x000000061cc00000, 0x000000061cc00000, 0x000000061d000000|  0%| F|  |TAMS 0x000000061cc00000| PB 0x000000061cc00000| Untracked 
| 103|0x000000061d000000, 0x000000061d000000, 0x000000061d400000|  0%| F|  |TAMS 0x000000061d000000| PB 0x000000061d000000| Untracked 
| 104|0x000000061d400000, 0x000000061d400000, 0x000000061d800000|  0%| F|  |TAMS 0x000000061d400000| PB 0x000000061d400000| Untracked 
| 105|0x000000061d800000, 0x000000061d800000, 0x000000061dc00000|  0%| F|  |TAMS 0x000000061d800000| PB 0x000000061d800000| Untracked 
| 106|0x000000061dc00000, 0x000000061dc00000, 0x000000061e000000|  0%| F|  |TAMS 0x000000061dc00000| PB 0x000000061dc00000| Untracked 
| 107|0x000000061e000000, 0x000000061e000000, 0x000000061e400000|  0%| F|  |TAMS 0x000000061e000000| PB 0x000000061e000000| Untracked 
| 108|0x000000061e400000, 0x000000061e400000, 0x000000061e800000|  0%| F|  |TAMS 0x000000061e400000| PB 0x000000061e400000| Untracked 
| 109|0x000000061e800000, 0x000000061e800000, 0x000000061ec00000|  0%| F|  |TAMS 0x000000061e800000| PB 0x000000061e800000| Untracked 
| 110|0x000000061ec00000, 0x000000061ec00000, 0x000000061f000000|  0%| F|  |TAMS 0x000000061ec00000| PB 0x000000061ec00000| Untracked 
| 111|0x000000061f000000, 0x000000061f000000, 0x000000061f400000|  0%| F|  |TAMS 0x000000061f000000| PB 0x000000061f000000| Untracked 
| 112|0x000000061f400000, 0x000000061f400000, 0x000000061f800000|  0%| F|  |TAMS 0x000000061f400000| PB 0x000000061f400000| Untracked 
| 113|0x000000061f800000, 0x000000061f800000, 0x000000061fc00000|  0%| F|  |TAMS 0x000000061f800000| PB 0x000000061f800000| Untracked 
| 114|0x000000061fc00000, 0x000000061fc00000, 0x0000000620000000|  0%| F|  |TAMS 0x000000061fc00000| PB 0x000000061fc00000| Untracked 
| 115|0x0000000620000000, 0x0000000620000000, 0x0000000620400000|  0%| F|  |TAMS 0x0000000620000000| PB 0x0000000620000000| Untracked 
| 116|0x0000000620400000, 0x0000000620400000, 0x0000000620800000|  0%| F|  |TAMS 0x0000000620400000| PB 0x0000000620400000| Untracked 
| 117|0x0000000620800000, 0x0000000620800000, 0x0000000620c00000|  0%| F|  |TAMS 0x0000000620800000| PB 0x0000000620800000| Untracked 
| 118|0x0000000620c00000, 0x0000000620c00000, 0x0000000621000000|  0%| F|  |TAMS 0x0000000620c00000| PB 0x0000000620c00000| Untracked 
| 119|0x0000000621000000, 0x0000000621000000, 0x0000000621400000|  0%| F|  |TAMS 0x0000000621000000| PB 0x0000000621000000| Untracked 
| 120|0x0000000621400000, 0x0000000621400000, 0x0000000621800000|  0%| F|  |TAMS 0x0000000621400000| PB 0x0000000621400000| Untracked 
| 121|0x0000000621800000, 0x0000000621800000, 0x0000000621c00000|  0%| F|  |TAMS 0x0000000621800000| PB 0x0000000621800000| Untracked 
| 122|0x0000000621c00000, 0x0000000621c00000, 0x0000000622000000|  0%| F|  |TAMS 0x0000000621c00000| PB 0x0000000621c00000| Untracked 
| 123|0x0000000622000000, 0x00000006221ed068, 0x0000000622400000| 48%| E|  |TAMS 0x0000000622000000| PB 0x0000000622000000| Complete 
| 124|0x0000000622400000, 0x0000000622800000, 0x0000000622800000|100%| E|CS|TAMS 0x0000000622400000| PB 0x0000000622400000| Complete 
| 125|0x0000000622800000, 0x0000000622c00000, 0x0000000622c00000|100%| E|CS|TAMS 0x0000000622800000| PB 0x0000000622800000| Complete 
| 126|0x0000000622c00000, 0x0000000623000000, 0x0000000623000000|100%| E|CS|TAMS 0x0000000622c00000| PB 0x0000000622c00000| Complete 
| 127|0x0000000623000000, 0x0000000623400000, 0x0000000623400000|100%| E|CS|TAMS 0x0000000623000000| PB 0x0000000623000000| Complete 

Card table byte_map: [0x000001c81af20000,0x000001c81bf10000] _byte_map_base: 0x000001c817f06000

Marking Bits: (CMBitMap*) 0x000001c8060c6a40
 Bits: [0x000001c81bf10000, 0x000001c823e40000)

Polling page: 0x000001c805730000

Metaspace:

Usage:
  Non-class:     16.01 MB used.
      Class:      1.75 MB used.
       Both:     17.76 MB used.

Virtual space:
  Non-class space:       64.00 MB reserved,      16.12 MB ( 25%) committed,  1 nodes.
      Class space:        1.00 GB reserved,       1.88 MB ( <1%) committed,  1 nodes.
             Both:        1.06 GB reserved,      18.00 MB (  2%) committed. 

Chunk freelists:
   Non-Class:  15.91 MB
       Class:  14.16 MB
        Both:  30.06 MB

MaxMetaspaceSize: unlimited
CompressedClassSpaceSize: 1.00 GB
Initial GC threshold: 21.00 MB
Current GC threshold: 21.00 MB
CDS: off
 - commit_granule_bytes: 65536.
 - commit_granule_words: 8192.
 - virtual_space_node_default_size: 8388608.
 - enlarge_chunks_in_place: 1.
 - use_allocation_guard: 0.


Internal statistics:

num_allocs_failed_limit: 0.
num_arena_births: 242.
num_arena_deaths: 0.
num_vsnodes_births: 2.
num_vsnodes_deaths: 0.
num_space_committed: 288.
num_space_uncommitted: 0.
num_chunks_returned_to_freelist: 0.
num_chunks_taken_from_freelist: 432.
num_chunk_merges: 0.
num_chunk_splits: 247.
num_chunks_enlarged: 120.
num_inconsistent_stats: 0.

CodeHeap 'non-profiled nmethods': size=119168Kb used=395Kb max_used=395Kb free=118772Kb
 bounds [0x000001c811ad0000, 0x000001c811d40000, 0x000001c818f30000]
CodeHeap 'profiled nmethods': size=119104Kb used=2156Kb max_used=2156Kb free=116947Kb
 bounds [0x000001c809f30000, 0x000001c80a1a0000, 0x000001c811380000]
CodeHeap 'non-nmethods': size=7488Kb used=3118Kb max_used=3157Kb free=4369Kb
 bounds [0x000001c811380000, 0x000001c8116a0000, 0x000001c811ad0000]
 total_blobs=1781 nmethods=1263 adapters=420
 compilation: enabled
              stopped_count=0, restarted_count=0
 full_count=0

Compilation events (20 events):
Event: 0.312 Thread 0x000001c82c18a760 1256       3       java.nio.MappedByteBuffer::limit (6 bytes)
Event: 0.312 Thread 0x000001c82788c730 1257       3       java.nio.MappedByteBuffer::position (6 bytes)
Event: 0.312 Thread 0x000001c82c18d630 nmethod 1255 0x000001c80a145d10 code [0x000001c80a145ec0, 0x000001c80a146010]
Event: 0.312 Thread 0x000001c82c18a760 nmethod 1256 0x000001c80a146110 code [0x000001c80a1462c0, 0x000001c80a1464d0]
Event: 0.312 Thread 0x000001c82788c730 nmethod 1257 0x000001c80a146610 code [0x000001c80a1467c0, 0x000001c80a1469d0]
Event: 0.313 Thread 0x000001c826262e90 1258   !   3       java.lang.invoke.MethodHandleNatives::linkMethodHandleConstant (50 bytes)
Event: 0.313 Thread 0x000001c82788c730 1259       3       java.lang.invoke.MethodHandles$Lookup::linkMethodHandleConstant (223 bytes)
Event: 0.313 Thread 0x000001c826262e90 nmethod 1258 0x000001c80a146b10 code [0x000001c80a146ce0, 0x000001c80a146ee8]
Event: 0.313 Thread 0x000001c82788c730 nmethod 1259 0x000001c80a147090 code [0x000001c80a147480, 0x000001c80a148d38]
Event: 0.313 Thread 0x000001c82788c730 1260   !   3       jdk.internal.misc.ScopedMemoryAccess::copyMemory (27 bytes)
Event: 0.313 Thread 0x000001c82c18d630 1261   !   3       jdk.internal.misc.ScopedMemoryAccess::copyMemoryInternal (56 bytes)
Event: 0.313 Thread 0x000001c82788c730 nmethod 1260 0x000001c80a149510 code [0x000001c80a149720, 0x000001c80a149d48]
Event: 0.314 Thread 0x000001c82c18d630 nmethod 1261 0x000001c80a14a110 code [0x000001c80a14a300, 0x000001c80a14a840]
Event: 0.314 Thread 0x000001c82c591870 nmethod 1253 0x000001c811b31e90 code [0x000001c811b320a0, 0x000001c811b324c8]
Event: 0.314 Thread 0x000001c82788c730 1262       1       java.util.concurrent.atomic.AtomicInteger::get (5 bytes)
Event: 0.314 Thread 0x000001c82788c730 nmethod 1262 0x000001c811b32810 code [0x000001c811b329a0, 0x000001c811b32a68]
Event: 0.314 Thread 0x000001c82c18d630 1263       3       java.nio.MappedByteBuffer::limit (6 bytes)
Event: 0.314 Thread 0x000001c82c18d630 nmethod 1263 0x000001c80a14ab90 code [0x000001c80a14ad40, 0x000001c80a14af50]
Event: 0.315 Thread 0x000001c826262e90 1264       1       sun.security.provider.DigestBase::engineGetDigestLength (5 bytes)
Event: 0.315 Thread 0x000001c826262e90 nmethod 1264 0x000001c811b32b10 code [0x000001c811b32ca0, 0x000001c811b32d68]

GC Heap History (0 events):
No events

Dll operation events (2 events):
Event: 0.004 Loaded shared library C:\Program Files\JetBrains\IntelliJ IDEA 2024.2.0.2\jbr\bin\java.dll
Event: 0.007 Loaded shared library C:\Program Files\JetBrains\IntelliJ IDEA 2024.2.0.2\jbr\bin\zip.dll

Deoptimization events (20 events):
Event: 0.288 Thread 0x000001c82c521800 Uncommon trap: trap_request=0xffffff66 fr.pc=0x000001c811b26ef4 relative=0x0000000000000314
Event: 0.288 Thread 0x000001c82c521800 Uncommon trap: reason=speculate_class_check action=maybe_recompile pc=0x000001c811b26ef4 method=sun.security.util.math.intpoly.IntegerPolynomial.multByInt([JJ)V @ 26 c2
Event: 0.288 Thread 0x000001c82c521800 DEOPT PACKING pc=0x000001c811b26ef4 sp=0x000000c0158fe4a0
Event: 0.288 Thread 0x000001c82c521800 DEOPT UNPACKING pc=0x000001c8113d46a2 sp=0x000000c0158fe388 mode 2
Event: 0.288 Thread 0x000001c82c521800 Uncommon trap: trap_request=0xffffff66 fr.pc=0x000001c811b26ef4 relative=0x0000000000000314
Event: 0.288 Thread 0x000001c82c521800 Uncommon trap: reason=speculate_class_check action=maybe_recompile pc=0x000001c811b26ef4 method=sun.security.util.math.intpoly.IntegerPolynomial.multByInt([JJ)V @ 26 c2
Event: 0.288 Thread 0x000001c82c521800 DEOPT PACKING pc=0x000001c811b26ef4 sp=0x000000c0158fe4a0
Event: 0.288 Thread 0x000001c82c521800 DEOPT UNPACKING pc=0x000001c8113d46a2 sp=0x000000c0158fe388 mode 2
Event: 0.288 Thread 0x000001c82c521800 Uncommon trap: trap_request=0xffffff66 fr.pc=0x000001c811b26ef4 relative=0x0000000000000314
Event: 0.288 Thread 0x000001c82c521800 Uncommon trap: reason=speculate_class_check action=maybe_recompile pc=0x000001c811b26ef4 method=sun.security.util.math.intpoly.IntegerPolynomial.multByInt([JJ)V @ 26 c2
Event: 0.288 Thread 0x000001c82c521800 DEOPT PACKING pc=0x000001c811b26ef4 sp=0x000000c0158fe4a0
Event: 0.288 Thread 0x000001c82c521800 DEOPT UNPACKING pc=0x000001c8113d46a2 sp=0x000000c0158fe388 mode 2
Event: 0.288 Thread 0x000001c82c521800 Uncommon trap: trap_request=0xffffff66 fr.pc=0x000001c811b27c74 relative=0x0000000000000314
Event: 0.288 Thread 0x000001c82c521800 Uncommon trap: reason=speculate_class_check action=maybe_recompile pc=0x000001c811b27c74 method=sun.security.util.math.intpoly.IntegerPolynomial.multByInt([JJ)V @ 26 c2
Event: 0.288 Thread 0x000001c82c521800 DEOPT PACKING pc=0x000001c811b27c74 sp=0x000000c0158fe430
Event: 0.288 Thread 0x000001c82c521800 DEOPT UNPACKING pc=0x000001c8113d46a2 sp=0x000000c0158fe380 mode 2
Event: 0.288 Thread 0x000001c82c521800 Uncommon trap: trap_request=0xffffff66 fr.pc=0x000001c811b27c74 relative=0x0000000000000314
Event: 0.288 Thread 0x000001c82c521800 Uncommon trap: reason=speculate_class_check action=maybe_recompile pc=0x000001c811b27c74 method=sun.security.util.math.intpoly.IntegerPolynomial.multByInt([JJ)V @ 26 c2
Event: 0.288 Thread 0x000001c82c521800 DEOPT PACKING pc=0x000001c811b27c74 sp=0x000000c0158fe430
Event: 0.288 Thread 0x000001c82c521800 DEOPT UNPACKING pc=0x000001c8113d46a2 sp=0x000000c0158fe380 mode 2

Classes loaded (20 events):
Event: 0.301 Loading class jdk/internal/event/TLSHandshakeEvent
Event: 0.301 Loading class jdk/internal/event/TLSHandshakeEvent done
Event: 0.301 Loading class com/sun/crypto/provider/GaloisCounterMode$GCMEncrypt
Event: 0.301 Loading class com/sun/crypto/provider/GaloisCounterMode$GCMEncrypt done
Event: 0.301 Loading class com/sun/crypto/provider/GaloisCounterMode$EncryptOp
Event: 0.301 Loading class com/sun/crypto/provider/GaloisCounterMode$EncryptOp done
Event: 0.301 Loading class sun/security/ssl/CipherSuite$1
Event: 0.301 Loading class sun/security/ssl/CipherSuite$1 done
Event: 0.302 Loading class java/util/concurrent/CompletionException
Event: 0.302 Loading class java/util/concurrent/CompletionException done
Event: 0.311 Loading class java/util/Collections$UnmodifiableMap$UnmodifiableEntrySet
Event: 0.311 Loading class java/util/Collections$UnmodifiableMap$UnmodifiableEntrySet done
Event: 0.311 Loading class java/util/Collections$UnmodifiableMap$UnmodifiableEntrySet$1
Event: 0.311 Loading class java/util/Collections$UnmodifiableMap$UnmodifiableEntrySet$1 done
Event: 0.311 Loading class java/util/Collections$UnmodifiableMap$UnmodifiableEntrySet$UnmodifiableEntry
Event: 0.311 Loading class java/util/Collections$UnmodifiableMap$UnmodifiableEntrySet$UnmodifiableEntry done
Event: 0.315 Loading class sun/security/ssl/NewSessionTicket$T13NewSessionTicketMessage
Event: 0.315 Loading class sun/security/ssl/NewSessionTicket$NewSessionTicketMessage
Event: 0.315 Loading class sun/security/ssl/NewSessionTicket$NewSessionTicketMessage done
Event: 0.315 Loading class sun/security/ssl/NewSessionTicket$T13NewSessionTicketMessage done

Classes unloaded (0 events):
No events

Classes redefined (0 events):
No events

Internal exceptions (20 events):
Event: 0.171 Thread 0x000001c80601f530 Exception <a 'java/lang/NoSuchMethodError'{0x0000000622823518}: 'int java.lang.invoke.DirectMethodHandle$Holder.invokeStaticInit(java.lang.Object, long, long)'> (0x0000000622823518) 
thrown [s\src\hotspot\share\interpreter\linkResolver.cpp, line 784]
Event: 0.172 Thread 0x000001c80601f530 Exception <a 'java/lang/NoSuchMethodError'{0x0000000622829fb0}: 'int java.lang.invoke.DirectMethodHandle$Holder.invokeStaticInit(java.lang.Object, float, float)'> (0x0000000622829fb0) 
thrown [s\src\hotspot\share\interpreter\linkResolver.cpp, line 784]
Event: 0.172 Thread 0x000001c80601f530 Exception <a 'java/lang/NoSuchMethodError'{0x0000000622830a40}: 'int java.lang.invoke.DirectMethodHandle$Holder.invokeStaticInit(java.lang.Object, double, double)'> (0x0000000622830a40) 
thrown [s\src\hotspot\share\interpreter\linkResolver.cpp, line 784]
Event: 0.172 Thread 0x000001c80601f530 Exception <a 'java/lang/NoSuchMethodError'{0x00000006228351f0}: 'int java.lang.invoke.DirectMethodHandle$Holder.invokeStatic(java.lang.Object, long)'> (0x00000006228351f0) 
thrown [s\src\hotspot\share\interpreter\linkResolver.cpp, line 784]
Event: 0.174 Thread 0x000001c80601f530 Exception <a 'java/lang/NoSuchMethodError'{0x0000000622861fd0}: 'java.lang.Object java.lang.invoke.DelegatingMethodHandle$Holder.delegate(java.lang.Object, int, java.lang.Object, java.lang.Object)'> (0x0000000622861fd0) 
thrown [s\src\hotspot\share\interpreter\linkResolver.cpp, line 784]
Event: 0.175 Thread 0x000001c80601f530 Exception <a 'java/lang/NoSuchMethodError'{0x00000006228712f0}: 'int java.lang.invoke.Invokers$Holder.linkToTargetMethod(java.lang.Object, java.lang.Object, java.lang.Object)'> (0x00000006228712f0) 
thrown [s\src\hotspot\share\interpreter\linkResolver.cpp, line 784]
Event: 0.176 Thread 0x000001c80601f530 Exception <a 'java/lang/NoSuchMethodError'{0x00000006228a3700}: 'long java.lang.invoke.DirectMethodHandle$Holder.invokeSpecial(java.lang.Object, java.lang.Object)'> (0x00000006228a3700) 
thrown [s\src\hotspot\share\interpreter\linkResolver.cpp, line 784]
Event: 0.177 Thread 0x000001c80601f530 Exception <a 'java/lang/NoSuchMethodError'{0x00000006228a9fd0}: 'int java.lang.invoke.DirectMethodHandle$Holder.invokeStatic(java.lang.Object, java.lang.Object, java.lang.Object, java.lang.Object)'> (0x00000006228a9fd0) 
thrown [s\src\hotspot\share\interpreter\linkResolver.cpp, line 784]
Event: 0.177 Thread 0x000001c80601f530 Exception <a 'java/lang/NoSuchMethodError'{0x00000006228ad3f0}: 'java.lang.Object java.lang.invoke.Invokers$Holder.invokeExact_MT(java.lang.Object, java.lang.Object, java.lang.Object, java.lang.Object, java.lang.Object, java.lang.Object)'> (0x00000006228ad3f0) 
thrown [s\src\hotspot\share\interpreter\linkResolver.cpp, line 784]
Event: 0.215 Thread 0x000001c80601f530 Exception <a 'java/lang/NoSuchMethodError'{0x0000000622aad4e8}: 'java.lang.Object java.lang.invoke.DirectMethodHandle$Holder.newInvokeSpecial(java.lang.Object, java.lang.Object, java.lang.Object, java.lang.Object, java.lang.Object)'> (0x0000000622aad4e8) 
thrown [s\src\hotspot\share\interpreter\linkResolver.cpp, line 784]
Event: 0.227 Thread 0x000001c80601f530 Exception <a 'java/lang/NoSuchMethodError'{0x00000006224aa6d8}: 'java.lang.Object java.lang.invoke.DirectMethodHandle$Holder.invokeSpecial(java.lang.Object, java.lang.Object, java.lang.Object, java.lang.Object, int)'> (0x00000006224aa6d8) 
thrown [s\src\hotspot\share\interpreter\linkResolver.cpp, line 784]
Event: 0.227 Thread 0x000001c80601f530 Exception <a 'java/lang/NoSuchMethodError'{0x00000006224ae040}: 'java.lang.Object java.lang.invoke.Invokers$Holder.linkToTargetMethod(java.lang.Object, java.lang.Object, int, java.lang.Object)'> (0x00000006224ae040) 
thrown [s\src\hotspot\share\interpreter\linkResolver.cpp, line 784]
Event: 0.230 Thread 0x000001c80601f530 Exception <a 'java/lang/NoSuchMethodError'{0x00000006224dc0e8}: 'void java.lang.invoke.DirectMethodHandle$Holder.invokeSpecial(java.lang.Object, java.lang.Object, java.lang.Object)'> (0x00000006224dc0e8) 
thrown [s\src\hotspot\share\interpreter\linkResolver.cpp, line 784]
Event: 0.235 Thread 0x000001c80601f530 Exception <a 'java/lang/NoSuchMethodError'{0x000000062255e190}: 'void java.lang.invoke.DirectMethodHandle$Holder.invokeSpecial(java.lang.Object, java.lang.Object, java.lang.Object, java.lang.Object, java.lang.Object)'> (0x000000062255e190) 
thrown [s\src\hotspot\share\interpreter\linkResolver.cpp, line 784]
Event: 0.235 Thread 0x000001c82c4cb930 Exception <a 'java/lang/NoSuchMethodError'{0x0000000622b10070}: 'void java.lang.invoke.DirectMethodHandle$Holder.invokeStatic(java.lang.Object, java.lang.Object, int)'> (0x0000000622b10070) 
thrown [s\src\hotspot\share\interpreter\linkResolver.cpp, line 784]
Event: 0.238 Thread 0x000001c82c4cb930 Exception <a 'java/lang/NoSuchMethodError'{0x0000000622b496b8}: 'void java.lang.invoke.DirectMethodHandle$Holder.invokeStatic(java.lang.Object, java.lang.Object)'> (0x0000000622b496b8) 
thrown [s\src\hotspot\share\interpreter\linkResolver.cpp, line 784]
Event: 0.239 Thread 0x000001c82c521800 Exception <a 'java/lang/NoSuchMethodError'{0x00000006225c0c28}: 'void java.lang.invoke.DirectMethodHandle$Holder.invokeInterface(java.lang.Object, java.lang.Object, java.lang.Object)'> (0x00000006225c0c28) 
thrown [s\src\hotspot\share\interpreter\linkResolver.cpp, line 784]
Event: 0.241 Thread 0x000001c82c521800 Exception <a 'java/lang/NoSuchMethodError'{0x000000062260ecd0}: 'void java.lang.invoke.DirectMethodHandle$Holder.invokeVirtual(java.lang.Object, java.lang.Object)'> (0x000000062260ecd0) 
thrown [s\src\hotspot\share\interpreter\linkResolver.cpp, line 784]
Event: 0.285 Thread 0x000001c82c521800 Exception <a 'java/lang/NoSuchMethodError'{0x000000062202a350}: 'void java.lang.invoke.DirectMethodHandle$Holder.invokeInterface(java.lang.Object, java.lang.Object)'> (0x000000062202a350) 
thrown [s\src\hotspot\share\interpreter\linkResolver.cpp, line 784]
Event: 0.302 Thread 0x000001c82c521800 Exception <a 'java/lang/NoSuchMethodError'{0x00000006220a1998}: 'void java.lang.invoke.DirectMethodHandle$Holder.invokeStatic(java.lang.Object, java.lang.Object, java.lang.Object, java.lang.Object)'> (0x00000006220a1998) 
thrown [s\src\hotspot\share\interpreter\linkResolver.cpp, line 784]

ZGC Phase Switch (0 events):
No events

VM Operations (10 events):
Event: 0.057 Executing VM operation: HandshakeAllThreads (Deoptimize)
Event: 0.057 Executing VM operation: HandshakeAllThreads (Deoptimize) done
Event: 0.062 Executing VM operation: HandshakeAllThreads (Deoptimize)
Event: 0.062 Executing VM operation: HandshakeAllThreads (Deoptimize) done
Event: 0.140 Executing VM operation: HandshakeAllThreads (Deoptimize)
Event: 0.141 Executing VM operation: HandshakeAllThreads (Deoptimize) done
Event: 0.237 Executing VM operation: HandshakeAllThreads (Deoptimize)
Event: 0.237 Executing VM operation: HandshakeAllThreads (Deoptimize) done
Event: 0.282 Executing VM operation: ICBufferFull
Event: 0.282 Executing VM operation: ICBufferFull done

Memory protections (0 events):
No events

Nmethod flushes (0 events):
No events

Events (20 events):
Event: 0.030 Thread 0x000001c80601f530 Thread added: 0x000001c82783fac0
Event: 0.031 Thread 0x000001c80601f530 Thread added: 0x000001c82788c730
Event: 0.042 Thread 0x000001c82788c730 Thread added: 0x000001c826262e90
Event: 0.045 Thread 0x000001c80601f530 Thread added: 0x000001c827a32590
Event: 0.048 Thread 0x000001c80601f530 Thread added: 0x000001c827a333d0
Event: 0.051 Loaded shared library C:\Program Files\JetBrains\IntelliJ IDEA 2024.2.0.2\jbr\bin\net.dll
Event: 0.052 Loaded shared library C:\Program Files\JetBrains\IntelliJ IDEA 2024.2.0.2\jbr\bin\nio.dll
Event: 0.055 Loaded shared library C:\Program Files\JetBrains\IntelliJ IDEA 2024.2.0.2\jbr\bin\zip.dll
Event: 0.089 Loaded shared library C:\Program Files\JetBrains\IntelliJ IDEA 2024.2.0.2\jbr\bin\jimage.dll
Event: 0.145 Thread 0x000001c826262e90 Thread added: 0x000001c82c18a760
Event: 0.145 Thread 0x000001c82c18a760 Thread added: 0x000001c82c18d630
Event: 0.190 Loaded shared library C:\Program Files\JetBrains\IntelliJ IDEA 2024.2.0.2\jbr\bin\sunmscapi.dll
Event: 0.210 Loaded shared library C:\Program Files\JetBrains\IntelliJ IDEA 2024.2.0.2\jbr\bin\extnet.dll
Event: 0.213 Thread 0x000001c80601f530 Thread added: 0x000001c82c4cb930
Event: 0.238 Thread 0x000001c82c4cb930 Thread added: 0x000001c82c521800
Event: 0.244 Thread 0x000001c82c4cb930 Thread added: 0x000001c82c5b0230
Event: 0.262 Thread 0x000001c82788c730 Thread added: 0x000001c82c590ad0
Event: 0.263 Thread 0x000001c826262e90 Thread added: 0x000001c82c591f40
Event: 0.263 Thread 0x000001c82c18a760 Thread added: 0x000001c82c591870
Event: 0.265 Thread 0x000001c82c590ad0 Thread added: 0x000001c82c592610


Dynamic libraries:
0x00007ff6fc990000 - 0x00007ff6fc99a000 	C:\Program Files\JetBrains\IntelliJ IDEA 2024.2.0.2\jbr\bin\java.exe
0x00007ff816880000 - 0x00007ff816ae3000 	C:\WINDOWS\SYSTEM32\ntdll.dll
0x00007ff815e00000 - 0x00007ff815ec7000 	C:\WINDOWS\System32\KERNEL32.DLL
0x00007ff814030000 - 0x00007ff8143f9000 	C:\WINDOWS\System32\KERNELBASE.dll
0x00007ff814400000 - 0x00007ff81454c000 	C:\WINDOWS\System32\ucrtbase.dll
0x00007fffe2a20000 - 0x00007fffe2a3b000 	C:\Program Files\JetBrains\IntelliJ IDEA 2024.2.0.2\jbr\bin\VCRUNTIME140.dll
0x00007ffff12d0000 - 0x00007ffff12e8000 	C:\Program Files\JetBrains\IntelliJ IDEA 2024.2.0.2\jbr\bin\jli.dll
0x00007ff815460000 - 0x00007ff81562a000 	C:\WINDOWS\System32\USER32.dll
0x00007ffffd0f0000 - 0x00007ffffd380000 	C:\WINDOWS\WinSxS\amd64_microsoft.windows.common-controls_6595b64144ccf1df_6.0.26100.3323_none_3e088096e3344490\COMCTL32.dll
0x00007ff813b10000 - 0x00007ff813b37000 	C:\WINDOWS\System32\win32u.dll
0x00007ff814d20000 - 0x00007ff814d4a000 	C:\WINDOWS\System32\GDI32.dll
0x00007ff8165d0000 - 0x00007ff816679000 	C:\WINDOWS\System32\msvcrt.dll
0x00007ff813b40000 - 0x00007ff813c71000 	C:\WINDOWS\System32\gdi32full.dll
0x00007ff814550000 - 0x00007ff8145f3000 	C:\WINDOWS\System32\msvcp_win.dll
0x00007ff816680000 - 0x00007ff8166af000 	C:\WINDOWS\System32\IMM32.DLL
0x00007ffffefd0000 - 0x00007ffffefdc000 	C:\Program Files\JetBrains\IntelliJ IDEA 2024.2.0.2\jbr\bin\vcruntime140_1.dll
0x00007fffac550000 - 0x00007fffac5dd000 	C:\Program Files\JetBrains\IntelliJ IDEA 2024.2.0.2\jbr\bin\msvcp140.dll
0x00007ffed0cc0000 - 0x00007ffed1a77000 	C:\Program Files\JetBrains\IntelliJ IDEA 2024.2.0.2\jbr\bin\server\jvm.dll
0x00007ff816020000 - 0x00007ff8160d2000 	C:\WINDOWS\System32\ADVAPI32.dll
0x00007ff814ef0000 - 0x00007ff814f96000 	C:\WINDOWS\System32\sechost.dll
0x00007ff814d50000 - 0x00007ff814e66000 	C:\WINDOWS\System32\RPCRT4.dll
0x00007ff815220000 - 0x00007ff815294000 	C:\WINDOWS\System32\WS2_32.dll
0x00007ff8126d0000 - 0x00007ff81271e000 	C:\WINDOWS\SYSTEM32\POWRPROF.dll
0x00007ff80d250000 - 0x00007ff80d25b000 	C:\WINDOWS\SYSTEM32\VERSION.dll
0x00007ff8056d0000 - 0x00007ff805706000 	C:\WINDOWS\SYSTEM32\WINMM.dll
0x00007ff8126b0000 - 0x00007ff8126c4000 	C:\WINDOWS\SYSTEM32\UMPDC.dll
0x00007ff812980000 - 0x00007ff81299a000 	C:\WINDOWS\SYSTEM32\kernel.appcore.dll
0x00007ffffee70000 - 0x00007ffffee7a000 	C:\Program Files\JetBrains\IntelliJ IDEA 2024.2.0.2\jbr\bin\jimage.dll
0x00007ff8111d0000 - 0x00007ff811411000 	C:\WINDOWS\SYSTEM32\DBGHELP.DLL
0x00007ff8147a0000 - 0x00007ff814b22000 	C:\WINDOWS\System32\combase.dll
0x00007ff815ee0000 - 0x00007ff815fb6000 	C:\WINDOWS\System32\OLEAUT32.dll
0x00007ffff6c50000 - 0x00007ffff6c89000 	C:\WINDOWS\SYSTEM32\dbgcore.DLL
0x00007ff814600000 - 0x00007ff814699000 	C:\WINDOWS\System32\bcryptPrimitives.dll
0x00007fff7d930000 - 0x00007fff7d94f000 	C:\Program Files\JetBrains\IntelliJ IDEA 2024.2.0.2\jbr\bin\java.dll
0x00007fff7d660000 - 0x00007fff7d678000 	C:\Program Files\JetBrains\IntelliJ IDEA 2024.2.0.2\jbr\bin\zip.dll
0x00007ff8156e0000 - 0x00007ff815df5000 	C:\WINDOWS\System32\SHELL32.dll
0x00007ff813e00000 - 0x00007ff813f68000 	C:\WINDOWS\System32\wintypes.dll
0x00007ff811760000 - 0x00007ff811fa5000 	C:\WINDOWS\SYSTEM32\windows.storage.dll
0x00007ff814be0000 - 0x00007ff814ccb000 	C:\WINDOWS\System32\SHCORE.dll
0x00007ff8160e0000 - 0x00007ff81613d000 	C:\WINDOWS\System32\shlwapi.dll
0x00007ff813990000 - 0x00007ff8139bf000 	C:\WINDOWS\SYSTEM32\profapi.dll
0x00007ffff80c0000 - 0x00007ffff80d0000 	C:\Program Files\JetBrains\IntelliJ IDEA 2024.2.0.2\jbr\bin\net.dll
0x00007ff80bba0000 - 0x00007ff80bcbe000 	C:\WINDOWS\SYSTEM32\WINHTTP.dll
0x00007ff812eb0000 - 0x00007ff812f1a000 	C:\WINDOWS\system32\mswsock.dll
0x00007fff3dbc0000 - 0x00007fff3dbd6000 	C:\Program Files\JetBrains\IntelliJ IDEA 2024.2.0.2\jbr\bin\nio.dll
0x00007ff813180000 - 0x00007ff81319c000 	C:\WINDOWS\SYSTEM32\CRYPTSP.dll
0x00007ff8128e0000 - 0x00007ff81291a000 	C:\WINDOWS\system32\rsaenh.dll
0x00007ff812f50000 - 0x00007ff812f7b000 	C:\WINDOWS\SYSTEM32\USERENV.dll
0x00007ff8133b0000 - 0x00007ff8133d6000 	C:\WINDOWS\SYSTEM32\bcrypt.dll
0x00007ff813170000 - 0x00007ff81317c000 	C:\WINDOWS\SYSTEM32\CRYPTBASE.dll
0x00007ff812310000 - 0x00007ff812343000 	C:\WINDOWS\SYSTEM32\IPHLPAPI.DLL
0x00007ff8152a0000 - 0x00007ff8152aa000 	C:\WINDOWS\System32\NSI.dll
0x00007fffe0640000 - 0x00007fffe064e000 	C:\Program Files\JetBrains\IntelliJ IDEA 2024.2.0.2\jbr\bin\sunmscapi.dll
0x00007ff813c80000 - 0x00007ff813df7000 	C:\WINDOWS\System32\CRYPT32.dll
0x00007ff813370000 - 0x00007ff8133a0000 	C:\WINDOWS\SYSTEM32\ncrypt.dll
0x00007ff813320000 - 0x00007ff81335f000 	C:\WINDOWS\SYSTEM32\NTASN1.dll
0x00007ffff9b10000 - 0x00007ffff9b18000 	C:\WINDOWS\system32\wshunix.dll
0x00007fffd4bc0000 - 0x00007fffd4bc9000 	C:\Program Files\JetBrains\IntelliJ IDEA 2024.2.0.2\jbr\bin\extnet.dll

dbghelp: loaded successfully - version: 4.0.5 - missing functions: none
symbol engine: initialized successfully - sym options: 0x614 - pdb path: .;C:\Program Files\JetBrains\IntelliJ IDEA 2024.2.0.2\jbr\bin;C:\WINDOWS\SYSTEM32;C:\WINDOWS\WinSxS\amd64_microsoft.windows.common-controls_6595b64144ccf1df_6.0.26100.3323_none_3e088096e3344490;C:\Program Files\JetBrains\IntelliJ IDEA 2024.2.0.2\jbr\bin\server

VM Arguments:
java_command: git4idea.http.GitAskPassApp Username for 'https://github.com': 
java_class_path (initial): C:/Program Files/JetBrains/IntelliJ IDEA 2024.2.0.2/plugins/vcs-git/lib/git4idea-rt.jar;C:/Program Files/JetBrains/IntelliJ IDEA 2024.2.0.2/lib/externalProcess-rt.jar
Launcher Type: SUN_STANDARD

[Global flags]
     intx CICompilerCount                          = 12                                        {product} {ergonomic}
     uint ConcGCThreads                            = 5                                         {product} {ergonomic}
     uint G1ConcRefinementThreads                  = 20                                        {product} {ergonomic}
   size_t G1HeapRegionSize                         = 4194304                                   {product} {ergonomic}
    uintx GCDrainStackTargetSize                   = 64                                        {product} {ergonomic}
   size_t InitialHeapSize                          = 536870912                                 {product} {ergonomic}
   size_t MarkStackSize                            = 4194304                                   {product} {ergonomic}
   size_t MaxHeapSize                              = 8535408640                                {product} {ergonomic}
   size_t MaxNewSize                               = 5121245184                                {product} {ergonomic}
   size_t MinHeapDeltaBytes                        = 4194304                                   {product} {ergonomic}
   size_t MinHeapSize                              = 8388608                                   {product} {ergonomic}
    uintx NonNMethodCodeHeapSize                   = 7602480                                {pd product} {ergonomic}
    uintx NonProfiledCodeHeapSize                  = 122027880                              {pd product} {ergonomic}
    uintx ProfiledCodeHeapSize                     = 122027880                              {pd product} {ergonomic}
    uintx ReservedCodeCacheSize                    = 251658240                              {pd product} {ergonomic}
     bool SegmentedCodeCache                       = true                                      {product} {ergonomic}
   size_t SoftMaxHeapSize                          = 8535408640                             {manageable} {ergonomic}
     bool UseCompressedOops                        = true                           {product lp64_product} {ergonomic}
     bool UseG1GC                                  = true                                      {product} {ergonomic}
     bool UseLargePagesIndividualAllocation        = false                                  {pd product} {ergonomic}

Logging:
Log output configuration:
 #0: stdout all=warning uptime,level,tags foldmultilines=false
 #1: stderr all=off uptime,level,tags foldmultilines=false

Environment Variables:
PATH=C:\Program Files\Git\mingw64\libexec\git-core;C:\Program Files\Git\mingw64\libexec\git-core;C:\Program Files\Git\mingw64\bin;C:\Program Files\Git\usr\bin;C:\Users\adity\bin;C:\Windows\system32;C:\Windows;C:\Windows\System32\Wbem;C:\Windows\System32\WindowsPowerShell\v1.0;C:\Windows\System32\OpenSSH;C:\Program Files (x86)\NVIDIA Corporation\PhysX\Common;C:\Program Files\NVIDIA Corporation\NVIDIA NvDLISR;C:\Program Files\dotnet;C:\WINDOWS\system32;C:\WINDOWS;C:\WINDOWS\System32\Wbem;C:\WINDOWS\System32\WindowsPowerShell\v1.0;C:\WINDOWS\System32\OpenSSH;C:\Program Files\Git\cmd;C:\Program Files\nodejs;C:\Users\adity\AppData\Local\Microsoft\WindowsApps;C:\Users\adity\AppData\Local\Programs\Microsoft VS Code\bin;C:\Users\adity\.dotnet\tools;C:\Users\adity\AppData\Local\Microsoft\WinGet\Packages\Schniz.fnm_Microsoft.Winget.Source_8wekyb3d8bbwe;C:\Users\adity\AppData\Roaming\npm
USERNAME=adity
DISPLAY=:0.0
LC_ALL=en_US.UTF-8
TERM=xterm-256color
TMPDIR=C:\Users\adity\AppData\Local\Temp
OS=Windows_NT
PROCESSOR_IDENTIFIER=Intel64 Family 6 Model 183 Stepping 1, GenuineIntel
TMP=C:\Users\adity\AppData\Local\Temp
TEMP=C:\Users\adity\AppData\Local\Temp




Periodic native trim disabled

JNI global refs:
JNI global refs: 28, weak refs: 0

JNI global refs memory usage: 835, weak refs: 833

Process memory usage:
Resident Set Size: 94164K (0% of 33329392K total physical memory with 4952140K free physical memory)

OOME stack traces (most recent first):
Classloader memory used:
Loader bootstrap                                                                       : 16278K
Loader jdk.internal.loader.ClassLoaders$PlatformClassLoader                            : 1892K
Loader jdk.internal.loader.ClassLoaders$AppClassLoader                                 : 16448B

---------------  S Y S T E M  ---------------

OS:
 Windows 11 , 64 bit Build 26100 (10.0.26100.3323)
OS uptime: 2 days 19:45 hours
Hyper-V role detected

CPU: total 28 (initial active 28) (14 cores per cpu, 2 threads per core) family 6 model 183 stepping 1 microcode 0x11d, cx8, cmov, fxsr, ht, mmx, 3dnowpref, sse, sse2, sse3, ssse3, sse4.1, sse4.2, popcnt, lzcnt, tsc, tscinvbit, avx, avx2, aes, erms, clmul, bmi1, bmi2, adx, sha, fma, vzeroupper, clflush, clflushopt, clwb, hv, serialize, rdtscp, rdpid, fsrm, f16c, cet_ibt, cet_ss
Processor Information for all 28 processors :
  Max Mhz: 2100, Current Mhz: 2100, Mhz Limit: 2100

Memory: 4k page, system-wide physical 32548M (4835M free)
TotalPageFile size 130852M (AvailPageFile size 23M)
current process WorkingSet (physical memory assigned to process): 91M, peak: 93M
current process commit charge ("private bytes"): 655M, peak: 658M

vm_info: OpenJDK 64-Bit Server VM (21.0.4+13-b509.17) for windows-amd64 JRE (21.0.4+13-b509.17), built on 2024-09-04 by "builduser" with MS VC++ 16.10 / 16.11 (VS2019)

END.
