#
# There is insufficient memory for the Java Runtime Environment to continue.
# Native memory allocation (malloc) failed to allocate 1351872 bytes. Error detail: Chunk::new
# Possible reasons:
#   The system is out of physical RAM or swap space
#   This process is running with CompressedOops enabled, and the Java Heap may be blocking the growth of the native heap
# Possible solutions:
#   Reduce memory load on the system
#   Increase physical memory or swap space
#   Check if swap backing store is full
#   Decrease Java heap size (-Xmx/-Xms)
#   Decrease number of Java threads
#   Decrease Java thread stack sizes (-Xss)
#   Set larger code cache with -XX:ReservedCodeCacheSize=
#   JVM is running with Zero Based Compressed Oops mode in which the Java heap is
#     placed in the first 32GB address space. The Java Heap base address is the
#     maximum limit for the native heap growth. Please use -XX:HeapBaseMinAddress
#     to set the Java Heap base and to place the Java Heap above 32GB virtual address.
# This output file may be truncated or incomplete.
#
#  Out of Memory Error (arena.cpp:168), pid=37148, tid=27928
#
# JRE version: OpenJDK Runtime Environment JBR-21.0.4+13-509.17-jcef (21.0.4+13) (build 21.0.4+13-b509.17)
# Java VM: OpenJDK 64-Bit Server VM JBR-21.0.4+13-509.17-jcef (21.0.4+13-b509.17, mixed mode, tiered, compressed oops, compressed class ptrs, g1 gc, windows-amd64)
# No core dump will be written. Minidumps are not enabled by default on client versions of Windows
#

---------------  S U M M A R Y ------------

Command Line: git4idea.http.GitAskPassApp Username for 'https://github.com': 

Host: Intel(R) Core(TM) i7-14700F, 28 cores, 31G,  Windows 11 , 64 bit Build 26100 (10.0.26100.3323)
Time: Thu Mar 27 00:10:22 2025 Mountain Daylight Time elapsed time: 1.392638 seconds (0d 0h 0m 1s)

---------------  T H R E A D  ---------------

Current thread (0x000001cca0617ec0):  JavaThread "C2 CompilerThread2" daemon [_thread_in_native, id=27928, stack(0x0000002e5e500000,0x0000002e5e600000) (1024K)]


Current CompileTask:
C2:   1392 1167       4       sun.security.ec.ECOperations::setDouble (463 bytes)

Stack: [0x0000002e5e500000,0x0000002e5e600000]
Native frames: (J=compiled Java code, j=interpreted, Vv=VM code, C=native code)
V  [jvm.dll+0x6e36d9]
V  [jvm.dll+0x8c0bd3]
V  [jvm.dll+0x8c312e]
V  [jvm.dll+0x8c3813]
V  [jvm.dll+0x288256]
V  [jvm.dll+0xc613d]
V  [jvm.dll+0xc6673]
V  [jvm.dll+0x3c2f9b]
V  [jvm.dll+0x38ed77]
V  [jvm.dll+0x38e1ea]
V  [jvm.dll+0x24fb72]
V  [jvm.dll+0x24f141]
V  [jvm.dll+0x1cd074]
V  [jvm.dll+0x25e88c]
V  [jvm.dll+0x25cdd6]
V  [jvm.dll+0x3fdff6]
V  [jvm.dll+0x868868]
V  [jvm.dll+0x6e1edd]
C  [ucrtbase.dll+0x37b0]
C  [KERNEL32.DLL+0x2e8d7]
C  [ntdll.dll+0xbbf6c]


---------------  P R O C E S S  ---------------

Threads class SMR info:
_java_thread_list=0x000001cca05feac0, length=21, elements={
0x000001ccf985f7a0, 0x000001cc9b91dcf0, 0x000001cc9b920760, 0x000001cc9b8f9d60,
0x000001cc9b902f90, 0x000001cc9b904220, 0x000001cc9b907b00, 0x000001cc9b9295e0,
0x000001cc9b92a080, 0x000001cc9a23fc70, 0x000001cc9badc150, 0x000001cc9bae11b0,
0x000001cca01ccb00, 0x000001cca01a2840, 0x000001cca0423820, 0x000001cca050ff50,
0x000001cca04ddc30, 0x000001cca06031a0, 0x000001cca0617ec0, 0x000001cca0604870,
0x000001cca0604f20
}

Java Threads: ( => current thread )
  0x000001ccf985f7a0 JavaThread "main"                              [_thread_blocked, id=2740, stack(0x0000002e5cb00000,0x0000002e5cc00000) (1024K)]
  0x000001cc9b91dcf0 JavaThread "Reference Handler"          daemon [_thread_blocked, id=26656, stack(0x0000002e5d300000,0x0000002e5d400000) (1024K)]
  0x000001cc9b920760 JavaThread "Finalizer"                  daemon [_thread_blocked, id=16868, stack(0x0000002e5d400000,0x0000002e5d500000) (1024K)]
  0x000001cc9b8f9d60 JavaThread "Signal Dispatcher"          daemon [_thread_blocked, id=30984, stack(0x0000002e5d500000,0x0000002e5d600000) (1024K)]
  0x000001cc9b902f90 JavaThread "Attach Listener"            daemon [_thread_blocked, id=16292, stack(0x0000002e5d600000,0x0000002e5d700000) (1024K)]
  0x000001cc9b904220 JavaThread "Service Thread"             daemon [_thread_blocked, id=37468, stack(0x0000002e5d700000,0x0000002e5d800000) (1024K)]
  0x000001cc9b907b00 JavaThread "Monitor Deflation Thread"   daemon [_thread_blocked, id=26972, stack(0x0000002e5d800000,0x0000002e5d900000) (1024K)]
  0x000001cc9b9295e0 JavaThread "C2 CompilerThread0"         daemon [_thread_blocked, id=50048, stack(0x0000002e5d900000,0x0000002e5da00000) (1024K)]
  0x000001cc9b92a080 JavaThread "C1 CompilerThread0"         daemon [_thread_blocked, id=37640, stack(0x0000002e5da00000,0x0000002e5db00000) (1024K)]
  0x000001cc9a23fc70 JavaThread "C1 CompilerThread1"         daemon [_thread_blocked, id=22664, stack(0x0000002e5db00000,0x0000002e5dc00000) (1024K)]
  0x000001cc9badc150 JavaThread "Notification Thread"        daemon [_thread_blocked, id=46716, stack(0x0000002e5dc00000,0x0000002e5dd00000) (1024K)]
  0x000001cc9bae11b0 JavaThread "Common-Cleaner"             daemon [_thread_blocked, id=27460, stack(0x0000002e5dd00000,0x0000002e5de00000) (1024K)]
  0x000001cca01ccb00 JavaThread "C1 CompilerThread2"         daemon [_thread_blocked, id=37084, stack(0x0000002e5de00000,0x0000002e5df00000) (1024K)]
  0x000001cca01a2840 JavaThread "C1 CompilerThread3"         daemon [_thread_blocked, id=48224, stack(0x0000002e5df00000,0x0000002e5e000000) (1024K)]
  0x000001cca0423820 JavaThread "HttpClient-1-SelectorManager" daemon [_thread_in_native, id=32484, stack(0x0000002e5e000000,0x0000002e5e100000) (1024K)]
  0x000001cca050ff50 JavaThread "HttpClient-1-Worker-0"      daemon [_thread_blocked, id=44664, stack(0x0000002e5e200000,0x0000002e5e300000) (1024K)]
  0x000001cca04ddc30 JavaThread "HttpClient-1-Worker-1"      daemon [_thread_blocked, id=32436, stack(0x0000002e5e300000,0x0000002e5e400000) (1024K)]
  0x000001cca06031a0 JavaThread "C2 CompilerThread1"         daemon [_thread_blocked, id=18372, stack(0x0000002e5e400000,0x0000002e5e500000) (1024K)]
=>0x000001cca0617ec0 JavaThread "C2 CompilerThread2"         daemon [_thread_in_native, id=27928, stack(0x0000002e5e500000,0x0000002e5e600000) (1024K)]
  0x000001cca0604870 JavaThread "C2 CompilerThread3"         daemon [_thread_blocked, id=19712, stack(0x0000002e5e600000,0x0000002e5e700000) (1024K)]
  0x000001cca0604f20 JavaThread "C2 CompilerThread4"         daemon [_thread_blocked, id=7668, stack(0x0000002e5e700000,0x0000002e5e800000) (1024K)]
Total: 21

Other Threads:
  0x000001cc9a26e810 VMThread "VM Thread"                           [id=43856, stack(0x0000002e5d200000,0x0000002e5d300000) (1024K)] _threads_hazard_ptr=0x000001cca05feac0
  0x000001cc9b841180 WatcherThread "VM Periodic Task Thread"        [id=38984, stack(0x0000002e5d100000,0x0000002e5d200000) (1024K)]
  0x000001ccf99087e0 WorkerThread "GC Thread#0"                     [id=40428, stack(0x0000002e5cc00000,0x0000002e5cd00000) (1024K)]
  0x000001ccf9919510 ConcurrentGCThread "G1 Main Marker"            [id=37632, stack(0x0000002e5cd00000,0x0000002e5ce00000) (1024K)]
  0x000001ccf9919f10 WorkerThread "G1 Conc#0"                       [id=33476, stack(0x0000002e5ce00000,0x0000002e5cf00000) (1024K)]
  0x000001cc9a184af0 ConcurrentGCThread "G1 Refine#0"               [id=34216, stack(0x0000002e5cf00000,0x0000002e5d000000) (1024K)]
  0x000001cc9a187410 ConcurrentGCThread "G1 Service"                [id=31968, stack(0x0000002e5d000000,0x0000002e5d100000) (1024K)]
Total: 7

Threads with active compile tasks:
C2 CompilerThread0     1404 1265       4       jdk.internal.util.StrongReferenceKey::hashCode (8 bytes)
C1 CompilerThread1     1404 1271       3       java.nio.MappedByteBuffer::limit (6 bytes)
C2 CompilerThread2     1404 1167       4       sun.security.ec.ECOperations::setDouble (463 bytes)
Total: 3

VM state: synchronizing (normal execution)

VM Mutex/Monitor currently owned by a thread:  ([mutex/lock_event])
[0x00007ff8c8b86948] Threads_lock - owner thread: 0x000001cc9a26e810

Heap address: 0x0000000603400000, size: 8140 MB, Compressed Oops mode: Zero based, Oop shift amount: 3

CDS archive(s) not mapped
Compressed class space mapped at: 0x0000000800000000-0x0000000840000000, reserved size: 1073741824
Narrow klass base: 0x0000000800000000, Narrow klass shift: 0, Narrow klass range: 0x40000000

GC Precious Log:
 CardTable entry size: 512
 Card Set container configuration: InlinePtr #cards 4 size 8 Array Of Cards #cards 32 size 80 Howl #buckets 8 coarsen threshold 7372 Howl Bitmap #cards 1024 size 144 coarsen threshold 921 Card regions per heap region 1 cards per card region 8192
 CPUs: 28 total, 28 available
 Memory: 32548M
 Large Page Support: Disabled
 NUMA Support: Disabled
 Compressed Oops: Enabled (Zero based)
 Heap Region Size: 4M
 Heap Min Capacity: 8M
 Heap Initial Capacity: 512M
 Heap Max Capacity: 8140M
 Pre-touch: Disabled
 Parallel Workers: 20
 Concurrent Workers: 5
 Concurrent Refinement Workers: 20
 Periodic GC: Disabled

Heap:
 garbage-first heap   total 524288K, used 16384K [0x0000000603400000, 0x0000000800000000)
  region size 4096K, 5 young (20480K), 0 survivors (0K)
 Metaspace       used 18184K, committed 18432K, reserved 1114112K
  class space    used 1790K, committed 1920K, reserved 1048576K

Heap Regions: E=young(eden), S=young(survivor), O=old, HS=humongous(starts), HC=humongous(continues), CS=collection set, F=free, TAMS=top-at-mark-start, PB=parsable bottom
|   0|0x0000000603400000, 0x0000000603400000, 0x0000000603800000|  0%| F|  |TAMS 0x0000000603400000| PB 0x0000000603400000| Untracked 
|   1|0x0000000603800000, 0x0000000603800000, 0x0000000603c00000|  0%| F|  |TAMS 0x0000000603800000| PB 0x0000000603800000| Untracked 
|   2|0x0000000603c00000, 0x0000000603c00000, 0x0000000604000000|  0%| F|  |TAMS 0x0000000603c00000| PB 0x0000000603c00000| Untracked 
|   3|0x0000000604000000, 0x0000000604000000, 0x0000000604400000|  0%| F|  |TAMS 0x0000000604000000| PB 0x0000000604000000| Untracked 
|   4|0x0000000604400000, 0x0000000604400000, 0x0000000604800000|  0%| F|  |TAMS 0x0000000604400000| PB 0x0000000604400000| Untracked 
|   5|0x0000000604800000, 0x0000000604800000, 0x0000000604c00000|  0%| F|  |TAMS 0x0000000604800000| PB 0x0000000604800000| Untracked 
|   6|0x0000000604c00000, 0x0000000604c00000, 0x0000000605000000|  0%| F|  |TAMS 0x0000000604c00000| PB 0x0000000604c00000| Untracked 
|   7|0x0000000605000000, 0x0000000605000000, 0x0000000605400000|  0%| F|  |TAMS 0x0000000605000000| PB 0x0000000605000000| Untracked 
|   8|0x0000000605400000, 0x0000000605400000, 0x0000000605800000|  0%| F|  |TAMS 0x0000000605400000| PB 0x0000000605400000| Untracked 
|   9|0x0000000605800000, 0x0000000605800000, 0x0000000605c00000|  0%| F|  |TAMS 0x0000000605800000| PB 0x0000000605800000| Untracked 
|  10|0x0000000605c00000, 0x0000000605c00000, 0x0000000606000000|  0%| F|  |TAMS 0x0000000605c00000| PB 0x0000000605c00000| Untracked 
|  11|0x0000000606000000, 0x0000000606000000, 0x0000000606400000|  0%| F|  |TAMS 0x0000000606000000| PB 0x0000000606000000| Untracked 
|  12|0x0000000606400000, 0x0000000606400000, 0x0000000606800000|  0%| F|  |TAMS 0x0000000606400000| PB 0x0000000606400000| Untracked 
|  13|0x0000000606800000, 0x0000000606800000, 0x0000000606c00000|  0%| F|  |TAMS 0x0000000606800000| PB 0x0000000606800000| Untracked 
|  14|0x0000000606c00000, 0x0000000606c00000, 0x0000000607000000|  0%| F|  |TAMS 0x0000000606c00000| PB 0x0000000606c00000| Untracked 
|  15|0x0000000607000000, 0x0000000607000000, 0x0000000607400000|  0%| F|  |TAMS 0x0000000607000000| PB 0x0000000607000000| Untracked 
|  16|0x0000000607400000, 0x0000000607400000, 0x0000000607800000|  0%| F|  |TAMS 0x0000000607400000| PB 0x0000000607400000| Untracked 
|  17|0x0000000607800000, 0x0000000607800000, 0x0000000607c00000|  0%| F|  |TAMS 0x0000000607800000| PB 0x0000000607800000| Untracked 
|  18|0x0000000607c00000, 0x0000000607c00000, 0x0000000608000000|  0%| F|  |TAMS 0x0000000607c00000| PB 0x0000000607c00000| Untracked 
|  19|0x0000000608000000, 0x0000000608000000, 0x0000000608400000|  0%| F|  |TAMS 0x0000000608000000| PB 0x0000000608000000| Untracked 
|  20|0x0000000608400000, 0x0000000608400000, 0x0000000608800000|  0%| F|  |TAMS 0x0000000608400000| PB 0x0000000608400000| Untracked 
|  21|0x0000000608800000, 0x0000000608800000, 0x0000000608c00000|  0%| F|  |TAMS 0x0000000608800000| PB 0x0000000608800000| Untracked 
|  22|0x0000000608c00000, 0x0000000608c00000, 0x0000000609000000|  0%| F|  |TAMS 0x0000000608c00000| PB 0x0000000608c00000| Untracked 
|  23|0x0000000609000000, 0x0000000609000000, 0x0000000609400000|  0%| F|  |TAMS 0x0000000609000000| PB 0x0000000609000000| Untracked 
|  24|0x0000000609400000, 0x0000000609400000, 0x0000000609800000|  0%| F|  |TAMS 0x0000000609400000| PB 0x0000000609400000| Untracked 
|  25|0x0000000609800000, 0x0000000609800000, 0x0000000609c00000|  0%| F|  |TAMS 0x0000000609800000| PB 0x0000000609800000| Untracked 
|  26|0x0000000609c00000, 0x0000000609c00000, 0x000000060a000000|  0%| F|  |TAMS 0x0000000609c00000| PB 0x0000000609c00000| Untracked 
|  27|0x000000060a000000, 0x000000060a000000, 0x000000060a400000|  0%| F|  |TAMS 0x000000060a000000| PB 0x000000060a000000| Untracked 
|  28|0x000000060a400000, 0x000000060a400000, 0x000000060a800000|  0%| F|  |TAMS 0x000000060a400000| PB 0x000000060a400000| Untracked 
|  29|0x000000060a800000, 0x000000060a800000, 0x000000060ac00000|  0%| F|  |TAMS 0x000000060a800000| PB 0x000000060a800000| Untracked 
|  30|0x000000060ac00000, 0x000000060ac00000, 0x000000060b000000|  0%| F|  |TAMS 0x000000060ac00000| PB 0x000000060ac00000| Untracked 
|  31|0x000000060b000000, 0x000000060b000000, 0x000000060b400000|  0%| F|  |TAMS 0x000000060b000000| PB 0x000000060b000000| Untracked 
|  32|0x000000060b400000, 0x000000060b400000, 0x000000060b800000|  0%| F|  |TAMS 0x000000060b400000| PB 0x000000060b400000| Untracked 
|  33|0x000000060b800000, 0x000000060b800000, 0x000000060bc00000|  0%| F|  |TAMS 0x000000060b800000| PB 0x000000060b800000| Untracked 
|  34|0x000000060bc00000, 0x000000060bc00000, 0x000000060c000000|  0%| F|  |TAMS 0x000000060bc00000| PB 0x000000060bc00000| Untracked 
|  35|0x000000060c000000, 0x000000060c000000, 0x000000060c400000|  0%| F|  |TAMS 0x000000060c000000| PB 0x000000060c000000| Untracked 
|  36|0x000000060c400000, 0x000000060c400000, 0x000000060c800000|  0%| F|  |TAMS 0x000000060c400000| PB 0x000000060c400000| Untracked 
|  37|0x000000060c800000, 0x000000060c800000, 0x000000060cc00000|  0%| F|  |TAMS 0x000000060c800000| PB 0x000000060c800000| Untracked 
|  38|0x000000060cc00000, 0x000000060cc00000, 0x000000060d000000|  0%| F|  |TAMS 0x000000060cc00000| PB 0x000000060cc00000| Untracked 
|  39|0x000000060d000000, 0x000000060d000000, 0x000000060d400000|  0%| F|  |TAMS 0x000000060d000000| PB 0x000000060d000000| Untracked 
|  40|0x000000060d400000, 0x000000060d400000, 0x000000060d800000|  0%| F|  |TAMS 0x000000060d400000| PB 0x000000060d400000| Untracked 
|  41|0x000000060d800000, 0x000000060d800000, 0x000000060dc00000|  0%| F|  |TAMS 0x000000060d800000| PB 0x000000060d800000| Untracked 
|  42|0x000000060dc00000, 0x000000060dc00000, 0x000000060e000000|  0%| F|  |TAMS 0x000000060dc00000| PB 0x000000060dc00000| Untracked 
|  43|0x000000060e000000, 0x000000060e000000, 0x000000060e400000|  0%| F|  |TAMS 0x000000060e000000| PB 0x000000060e000000| Untracked 
|  44|0x000000060e400000, 0x000000060e400000, 0x000000060e800000|  0%| F|  |TAMS 0x000000060e400000| PB 0x000000060e400000| Untracked 
|  45|0x000000060e800000, 0x000000060e800000, 0x000000060ec00000|  0%| F|  |TAMS 0x000000060e800000| PB 0x000000060e800000| Untracked 
|  46|0x000000060ec00000, 0x000000060ec00000, 0x000000060f000000|  0%| F|  |TAMS 0x000000060ec00000| PB 0x000000060ec00000| Untracked 
|  47|0x000000060f000000, 0x000000060f000000, 0x000000060f400000|  0%| F|  |TAMS 0x000000060f000000| PB 0x000000060f000000| Untracked 
|  48|0x000000060f400000, 0x000000060f400000, 0x000000060f800000|  0%| F|  |TAMS 0x000000060f400000| PB 0x000000060f400000| Untracked 
|  49|0x000000060f800000, 0x000000060f800000, 0x000000060fc00000|  0%| F|  |TAMS 0x000000060f800000| PB 0x000000060f800000| Untracked 
|  50|0x000000060fc00000, 0x000000060fc00000, 0x0000000610000000|  0%| F|  |TAMS 0x000000060fc00000| PB 0x000000060fc00000| Untracked 
|  51|0x0000000610000000, 0x0000000610000000, 0x0000000610400000|  0%| F|  |TAMS 0x0000000610000000| PB 0x0000000610000000| Untracked 
|  52|0x0000000610400000, 0x0000000610400000, 0x0000000610800000|  0%| F|  |TAMS 0x0000000610400000| PB 0x0000000610400000| Untracked 
|  53|0x0000000610800000, 0x0000000610800000, 0x0000000610c00000|  0%| F|  |TAMS 0x0000000610800000| PB 0x0000000610800000| Untracked 
|  54|0x0000000610c00000, 0x0000000610c00000, 0x0000000611000000|  0%| F|  |TAMS 0x0000000610c00000| PB 0x0000000610c00000| Untracked 
|  55|0x0000000611000000, 0x0000000611000000, 0x0000000611400000|  0%| F|  |TAMS 0x0000000611000000| PB 0x0000000611000000| Untracked 
|  56|0x0000000611400000, 0x0000000611400000, 0x0000000611800000|  0%| F|  |TAMS 0x0000000611400000| PB 0x0000000611400000| Untracked 
|  57|0x0000000611800000, 0x0000000611800000, 0x0000000611c00000|  0%| F|  |TAMS 0x0000000611800000| PB 0x0000000611800000| Untracked 
|  58|0x0000000611c00000, 0x0000000611c00000, 0x0000000612000000|  0%| F|  |TAMS 0x0000000611c00000| PB 0x0000000611c00000| Untracked 
|  59|0x0000000612000000, 0x0000000612000000, 0x0000000612400000|  0%| F|  |TAMS 0x0000000612000000| PB 0x0000000612000000| Untracked 
|  60|0x0000000612400000, 0x0000000612400000, 0x0000000612800000|  0%| F|  |TAMS 0x0000000612400000| PB 0x0000000612400000| Untracked 
|  61|0x0000000612800000, 0x0000000612800000, 0x0000000612c00000|  0%| F|  |TAMS 0x0000000612800000| PB 0x0000000612800000| Untracked 
|  62|0x0000000612c00000, 0x0000000612c00000, 0x0000000613000000|  0%| F|  |TAMS 0x0000000612c00000| PB 0x0000000612c00000| Untracked 
|  63|0x0000000613000000, 0x0000000613000000, 0x0000000613400000|  0%| F|  |TAMS 0x0000000613000000| PB 0x0000000613000000| Untracked 
|  64|0x0000000613400000, 0x0000000613400000, 0x0000000613800000|  0%| F|  |TAMS 0x0000000613400000| PB 0x0000000613400000| Untracked 
|  65|0x0000000613800000, 0x0000000613800000, 0x0000000613c00000|  0%| F|  |TAMS 0x0000000613800000| PB 0x0000000613800000| Untracked 
|  66|0x0000000613c00000, 0x0000000613c00000, 0x0000000614000000|  0%| F|  |TAMS 0x0000000613c00000| PB 0x0000000613c00000| Untracked 
|  67|0x0000000614000000, 0x0000000614000000, 0x0000000614400000|  0%| F|  |TAMS 0x0000000614000000| PB 0x0000000614000000| Untracked 
|  68|0x0000000614400000, 0x0000000614400000, 0x0000000614800000|  0%| F|  |TAMS 0x0000000614400000| PB 0x0000000614400000| Untracked 
|  69|0x0000000614800000, 0x0000000614800000, 0x0000000614c00000|  0%| F|  |TAMS 0x0000000614800000| PB 0x0000000614800000| Untracked 
|  70|0x0000000614c00000, 0x0000000614c00000, 0x0000000615000000|  0%| F|  |TAMS 0x0000000614c00000| PB 0x0000000614c00000| Untracked 
|  71|0x0000000615000000, 0x0000000615000000, 0x0000000615400000|  0%| F|  |TAMS 0x0000000615000000| PB 0x0000000615000000| Untracked 
|  72|0x0000000615400000, 0x0000000615400000, 0x0000000615800000|  0%| F|  |TAMS 0x0000000615400000| PB 0x0000000615400000| Untracked 
|  73|0x0000000615800000, 0x0000000615800000, 0x0000000615c00000|  0%| F|  |TAMS 0x0000000615800000| PB 0x0000000615800000| Untracked 
|  74|0x0000000615c00000, 0x0000000615c00000, 0x0000000616000000|  0%| F|  |TAMS 0x0000000615c00000| PB 0x0000000615c00000| Untracked 
|  75|0x0000000616000000, 0x0000000616000000, 0x0000000616400000|  0%| F|  |TAMS 0x0000000616000000| PB 0x0000000616000000| Untracked 
|  76|0x0000000616400000, 0x0000000616400000, 0x0000000616800000|  0%| F|  |TAMS 0x0000000616400000| PB 0x0000000616400000| Untracked 
|  77|0x0000000616800000, 0x0000000616800000, 0x0000000616c00000|  0%| F|  |TAMS 0x0000000616800000| PB 0x0000000616800000| Untracked 
|  78|0x0000000616c00000, 0x0000000616c00000, 0x0000000617000000|  0%| F|  |TAMS 0x0000000616c00000| PB 0x0000000616c00000| Untracked 
|  79|0x0000000617000000, 0x0000000617000000, 0x0000000617400000|  0%| F|  |TAMS 0x0000000617000000| PB 0x0000000617000000| Untracked 
|  80|0x0000000617400000, 0x0000000617400000, 0x0000000617800000|  0%| F|  |TAMS 0x0000000617400000| PB 0x0000000617400000| Untracked 
|  81|0x0000000617800000, 0x0000000617800000, 0x0000000617c00000|  0%| F|  |TAMS 0x0000000617800000| PB 0x0000000617800000| Untracked 
|  82|0x0000000617c00000, 0x0000000617c00000, 0x0000000618000000|  0%| F|  |TAMS 0x0000000617c00000| PB 0x0000000617c00000| Untracked 
|  83|0x0000000618000000, 0x0000000618000000, 0x0000000618400000|  0%| F|  |TAMS 0x0000000618000000| PB 0x0000000618000000| Untracked 
|  84|0x0000000618400000, 0x0000000618400000, 0x0000000618800000|  0%| F|  |TAMS 0x0000000618400000| PB 0x0000000618400000| Untracked 
|  85|0x0000000618800000, 0x0000000618800000, 0x0000000618c00000|  0%| F|  |TAMS 0x0000000618800000| PB 0x0000000618800000| Untracked 
|  86|0x0000000618c00000, 0x0000000618c00000, 0x0000000619000000|  0%| F|  |TAMS 0x0000000618c00000| PB 0x0000000618c00000| Untracked 
|  87|0x0000000619000000, 0x0000000619000000, 0x0000000619400000|  0%| F|  |TAMS 0x0000000619000000| PB 0x0000000619000000| Untracked 
|  88|0x0000000619400000, 0x0000000619400000, 0x0000000619800000|  0%| F|  |TAMS 0x0000000619400000| PB 0x0000000619400000| Untracked 
|  89|0x0000000619800000, 0x0000000619800000, 0x0000000619c00000|  0%| F|  |TAMS 0x0000000619800000| PB 0x0000000619800000| Untracked 
|  90|0x0000000619c00000, 0x0000000619c00000, 0x000000061a000000|  0%| F|  |TAMS 0x0000000619c00000| PB 0x0000000619c00000| Untracked 
|  91|0x000000061a000000, 0x000000061a000000, 0x000000061a400000|  0%| F|  |TAMS 0x000000061a000000| PB 0x000000061a000000| Untracked 
|  92|0x000000061a400000, 0x000000061a400000, 0x000000061a800000|  0%| F|  |TAMS 0x000000061a400000| PB 0x000000061a400000| Untracked 
|  93|0x000000061a800000, 0x000000061a800000, 0x000000061ac00000|  0%| F|  |TAMS 0x000000061a800000| PB 0x000000061a800000| Untracked 
|  94|0x000000061ac00000, 0x000000061ac00000, 0x000000061b000000|  0%| F|  |TAMS 0x000000061ac00000| PB 0x000000061ac00000| Untracked 
|  95|0x000000061b000000, 0x000000061b000000, 0x000000061b400000|  0%| F|  |TAMS 0x000000061b000000| PB 0x000000061b000000| Untracked 
|  96|0x000000061b400000, 0x000000061b400000, 0x000000061b800000|  0%| F|  |TAMS 0x000000061b400000| PB 0x000000061b400000| Untracked 
|  97|0x000000061b800000, 0x000000061b800000, 0x000000061bc00000|  0%| F|  |TAMS 0x000000061b800000| PB 0x000000061b800000| Untracked 
|  98|0x000000061bc00000, 0x000000061bc00000, 0x000000061c000000|  0%| F|  |TAMS 0x000000061bc00000| PB 0x000000061bc00000| Untracked 
|  99|0x000000061c000000, 0x000000061c000000, 0x000000061c400000|  0%| F|  |TAMS 0x000000061c000000| PB 0x000000061c000000| Untracked 
| 100|0x000000061c400000, 0x000000061c400000, 0x000000061c800000|  0%| F|  |TAMS 0x000000061c400000| PB 0x000000061c400000| Untracked 
| 101|0x000000061c800000, 0x000000061c800000, 0x000000061cc00000|  0%| F|  |TAMS 0x000000061c800000| PB 0x000000061c800000| Untracked 
| 102|0x000000061cc00000, 0x000000061cc00000, 0x000000061d000000|  0%| F|  |TAMS 0x000000061cc00000| PB 0x000000061cc00000| Untracked 
| 103|0x000000061d000000, 0x000000061d000000, 0x000000061d400000|  0%| F|  |TAMS 0x000000061d000000| PB 0x000000061d000000| Untracked 
| 104|0x000000061d400000, 0x000000061d400000, 0x000000061d800000|  0%| F|  |TAMS 0x000000061d400000| PB 0x000000061d400000| Untracked 
| 105|0x000000061d800000, 0x000000061d800000, 0x000000061dc00000|  0%| F|  |TAMS 0x000000061d800000| PB 0x000000061d800000| Untracked 
| 106|0x000000061dc00000, 0x000000061dc00000, 0x000000061e000000|  0%| F|  |TAMS 0x000000061dc00000| PB 0x000000061dc00000| Untracked 
| 107|0x000000061e000000, 0x000000061e000000, 0x000000061e400000|  0%| F|  |TAMS 0x000000061e000000| PB 0x000000061e000000| Untracked 
| 108|0x000000061e400000, 0x000000061e400000, 0x000000061e800000|  0%| F|  |TAMS 0x000000061e400000| PB 0x000000061e400000| Untracked 
| 109|0x000000061e800000, 0x000000061e800000, 0x000000061ec00000|  0%| F|  |TAMS 0x000000061e800000| PB 0x000000061e800000| Untracked 
| 110|0x000000061ec00000, 0x000000061ec00000, 0x000000061f000000|  0%| F|  |TAMS 0x000000061ec00000| PB 0x000000061ec00000| Untracked 
| 111|0x000000061f000000, 0x000000061f000000, 0x000000061f400000|  0%| F|  |TAMS 0x000000061f000000| PB 0x000000061f000000| Untracked 
| 112|0x000000061f400000, 0x000000061f400000, 0x000000061f800000|  0%| F|  |TAMS 0x000000061f400000| PB 0x000000061f400000| Untracked 
| 113|0x000000061f800000, 0x000000061f800000, 0x000000061fc00000|  0%| F|  |TAMS 0x000000061f800000| PB 0x000000061f800000| Untracked 
| 114|0x000000061fc00000, 0x000000061fc00000, 0x0000000620000000|  0%| F|  |TAMS 0x000000061fc00000| PB 0x000000061fc00000| Untracked 
| 115|0x0000000620000000, 0x0000000620000000, 0x0000000620400000|  0%| F|  |TAMS 0x0000000620000000| PB 0x0000000620000000| Untracked 
| 116|0x0000000620400000, 0x0000000620400000, 0x0000000620800000|  0%| F|  |TAMS 0x0000000620400000| PB 0x0000000620400000| Untracked 
| 117|0x0000000620800000, 0x0000000620800000, 0x0000000620c00000|  0%| F|  |TAMS 0x0000000620800000| PB 0x0000000620800000| Untracked 
| 118|0x0000000620c00000, 0x0000000620c00000, 0x0000000621000000|  0%| F|  |TAMS 0x0000000620c00000| PB 0x0000000620c00000| Untracked 
| 119|0x0000000621000000, 0x0000000621000000, 0x0000000621400000|  0%| F|  |TAMS 0x0000000621000000| PB 0x0000000621000000| Untracked 
| 120|0x0000000621400000, 0x0000000621400000, 0x0000000621800000|  0%| F|  |TAMS 0x0000000621400000| PB 0x0000000621400000| Untracked 
| 121|0x0000000621800000, 0x0000000621800000, 0x0000000621c00000|  0%| F|  |TAMS 0x0000000621800000| PB 0x0000000621800000| Untracked 
| 122|0x0000000621c00000, 0x0000000621c00000, 0x0000000622000000|  0%| F|  |TAMS 0x0000000621c00000| PB 0x0000000621c00000| Untracked 
| 123|0x0000000622000000, 0x000000062226c620, 0x0000000622400000| 60%| E|  |TAMS 0x0000000622000000| PB 0x0000000622000000| Complete 
| 124|0x0000000622400000, 0x0000000622800000, 0x0000000622800000|100%| E|CS|TAMS 0x0000000622400000| PB 0x0000000622400000| Complete 
| 125|0x0000000622800000, 0x0000000622c00000, 0x0000000622c00000|100%| E|CS|TAMS 0x0000000622800000| PB 0x0000000622800000| Complete 
| 126|0x0000000622c00000, 0x0000000623000000, 0x0000000623000000|100%| E|CS|TAMS 0x0000000622c00000| PB 0x0000000622c00000| Complete 
| 127|0x0000000623000000, 0x0000000623400000, 0x0000000623400000|100%| E|CS|TAMS 0x0000000623000000| PB 0x0000000623000000| Complete 

Card table byte_map: [0x000001cc8f000000,0x000001cc8fff0000] _byte_map_base: 0x000001cc8bfe6000

Marking Bits: (CMBitMap*) 0x000001ccf9908de0
 Bits: [0x000001cc8fff0000, 0x000001cc97f20000)

Polling page: 0x000001ccf7f50000

Metaspace:

Usage:
  Non-class:     16.01 MB used.
      Class:      1.75 MB used.
       Both:     17.76 MB used.

Virtual space:
  Non-class space:       64.00 MB reserved,      16.12 MB ( 25%) committed,  1 nodes.
      Class space:        1.00 GB reserved,       1.88 MB ( <1%) committed,  1 nodes.
             Both:        1.06 GB reserved,      18.00 MB (  2%) committed. 

Chunk freelists:
   Non-Class:  15.89 MB
       Class:  14.16 MB
        Both:  30.05 MB

MaxMetaspaceSize: unlimited
CompressedClassSpaceSize: 1.00 GB
Initial GC threshold: 21.00 MB
Current GC threshold: 21.00 MB
CDS: off
 - commit_granule_bytes: 65536.
 - commit_granule_words: 8192.
 - virtual_space_node_default_size: 8388608.
 - enlarge_chunks_in_place: 1.
 - use_allocation_guard: 0.


Internal statistics:

num_allocs_failed_limit: 0.
num_arena_births: 242.
num_arena_deaths: 0.
num_vsnodes_births: 2.
num_vsnodes_deaths: 0.
num_space_committed: 288.
num_space_uncommitted: 0.
num_chunks_returned_to_freelist: 0.
num_chunks_taken_from_freelist: 427.
num_chunk_merges: 0.
num_chunk_splits: 244.
num_chunks_enlarged: 128.
num_inconsistent_stats: 0.

CodeHeap 'non-profiled nmethods': size=119168Kb used=393Kb max_used=393Kb free=118774Kb
 bounds [0x000001cc87ba0000, 0x000001cc87e10000, 0x000001cc8f000000]
CodeHeap 'profiled nmethods': size=119104Kb used=2174Kb max_used=2174Kb free=116929Kb
 bounds [0x000001cc80000000, 0x000001cc80270000, 0x000001cc87450000]
CodeHeap 'non-nmethods': size=7488Kb used=3124Kb max_used=3154Kb free=4363Kb
 bounds [0x000001cc87450000, 0x000001cc87770000, 0x000001cc87ba0000]
 total_blobs=1788 nmethods=1269 adapters=420
 compilation: enabled
              stopped_count=0, restarted_count=0
 full_count=0

Compilation events (20 events):
Event: 0.379 Thread 0x000001cc9b92a080 1261       3       java.lang.Record::<init> (5 bytes)
Event: 0.379 Thread 0x000001cc9b92a080 nmethod 1261 0x000001cc8021a810 code [0x000001cc8021a9a0, 0x000001cc8021ab08]
Event: 0.379 Thread 0x000001cc9b92a080 1262       3       java.nio.ByteBuffer::<init> (14 bytes)
Event: 0.379 Thread 0x000001cca01ccb00 1263       3       java.nio.MappedByteBuffer::limit (6 bytes)
Event: 0.379 Thread 0x000001cca01a2840 1264       3       java.nio.MappedByteBuffer::position (6 bytes)
Event: 0.379 Thread 0x000001cc9b92a080 nmethod 1262 0x000001cc8021ac10 code [0x000001cc8021adc0, 0x000001cc8021af10]
Event: 0.379 Thread 0x000001cca01ccb00 nmethod 1263 0x000001cc8021b010 code [0x000001cc8021b1c0, 0x000001cc8021b3d0]
Event: 0.379 Thread 0x000001cca01a2840 nmethod 1264 0x000001cc8021b510 code [0x000001cc8021b6c0, 0x000001cc8021b8d0]
Event: 0.379 Thread 0x000001cc9b9295e0 1265       4       jdk.internal.util.StrongReferenceKey::hashCode (8 bytes)
Event: 0.379 Thread 0x000001cc9b92a080 1266   !   3       java.lang.invoke.MethodHandleNatives::linkMethodHandleConstant (50 bytes)
Event: 0.379 Thread 0x000001cc9a23fc70 1267       3       java.lang.invoke.MethodHandles$Lookup::linkMethodHandleConstant (223 bytes)
Event: 0.379 Thread 0x000001cc9b92a080 nmethod 1266 0x000001cc8021ba10 code [0x000001cc8021bbe0, 0x000001cc8021bde8]
Event: 0.380 Thread 0x000001cc9a23fc70 nmethod 1267 0x000001cc8021bf90 code [0x000001cc8021c380, 0x000001cc8021dc38]
Event: 0.380 Thread 0x000001cca01ccb00 1268   !   3       jdk.internal.misc.ScopedMemoryAccess::copyMemory (27 bytes)
Event: 0.380 Thread 0x000001cc9a23fc70 1269   !   3       jdk.internal.misc.ScopedMemoryAccess::copyMemoryInternal (56 bytes)
Event: 0.380 Thread 0x000001cc9a23fc70 nmethod 1269 0x000001cc8021e410 code [0x000001cc8021e600, 0x000001cc8021eb40]
Event: 0.380 Thread 0x000001cca01ccb00 nmethod 1268 0x000001cc8021ee90 code [0x000001cc8021f0a0, 0x000001cc8021f6c8]
Event: 0.381 Thread 0x000001cc9b92a080 1270       1       java.util.concurrent.atomic.AtomicInteger::get (5 bytes)
Event: 0.381 Thread 0x000001cc9b92a080 nmethod 1270 0x000001cc87c01810 code [0x000001cc87c019a0, 0x000001cc87c01a68]
Event: 0.381 Thread 0x000001cc9a23fc70 1271       3       java.nio.MappedByteBuffer::limit (6 bytes)

GC Heap History (0 events):
No events

Dll operation events (2 events):
Event: 0.004 Loaded shared library C:\Program Files\JetBrains\IntelliJ IDEA 2024.2.0.2\jbr\bin\java.dll
Event: 0.006 Loaded shared library C:\Program Files\JetBrains\IntelliJ IDEA 2024.2.0.2\jbr\bin\zip.dll

Deoptimization events (20 events):
Event: 0.291 Thread 0x000001cca050ff50 Uncommon trap: trap_request=0xffffff66 fr.pc=0x000001cc87bf6f74 relative=0x0000000000000314
Event: 0.291 Thread 0x000001cca050ff50 Uncommon trap: reason=speculate_class_check action=maybe_recompile pc=0x000001cc87bf6f74 method=sun.security.util.math.intpoly.IntegerPolynomial.multByInt([JJ)V @ 26 c2
Event: 0.291 Thread 0x000001cca050ff50 DEOPT PACKING pc=0x000001cc87bf6f74 sp=0x0000002e5e2fe5d0
Event: 0.291 Thread 0x000001cca050ff50 DEOPT UNPACKING pc=0x000001cc874a46a2 sp=0x0000002e5e2fe4b8 mode 2
Event: 0.291 Thread 0x000001cca050ff50 Uncommon trap: trap_request=0xffffff66 fr.pc=0x000001cc87bf6f74 relative=0x0000000000000314
Event: 0.291 Thread 0x000001cca050ff50 Uncommon trap: reason=speculate_class_check action=maybe_recompile pc=0x000001cc87bf6f74 method=sun.security.util.math.intpoly.IntegerPolynomial.multByInt([JJ)V @ 26 c2
Event: 0.291 Thread 0x000001cca050ff50 DEOPT PACKING pc=0x000001cc87bf6f74 sp=0x0000002e5e2fe5d0
Event: 0.291 Thread 0x000001cca050ff50 DEOPT UNPACKING pc=0x000001cc874a46a2 sp=0x0000002e5e2fe4b8 mode 2
Event: 0.291 Thread 0x000001cca050ff50 Uncommon trap: trap_request=0xffffff66 fr.pc=0x000001cc87bf6f74 relative=0x0000000000000314
Event: 0.291 Thread 0x000001cca050ff50 Uncommon trap: reason=speculate_class_check action=maybe_recompile pc=0x000001cc87bf6f74 method=sun.security.util.math.intpoly.IntegerPolynomial.multByInt([JJ)V @ 26 c2
Event: 0.291 Thread 0x000001cca050ff50 DEOPT PACKING pc=0x000001cc87bf6f74 sp=0x0000002e5e2fe5d0
Event: 0.291 Thread 0x000001cca050ff50 DEOPT UNPACKING pc=0x000001cc874a46a2 sp=0x0000002e5e2fe4b8 mode 2
Event: 0.291 Thread 0x000001cca050ff50 Uncommon trap: trap_request=0xffffff66 fr.pc=0x000001cc87bf6674 relative=0x0000000000000314
Event: 0.291 Thread 0x000001cca050ff50 Uncommon trap: reason=speculate_class_check action=maybe_recompile pc=0x000001cc87bf6674 method=sun.security.util.math.intpoly.IntegerPolynomial.multByInt([JJ)V @ 26 c2
Event: 0.291 Thread 0x000001cca050ff50 DEOPT PACKING pc=0x000001cc87bf6674 sp=0x0000002e5e2fe560
Event: 0.291 Thread 0x000001cca050ff50 DEOPT UNPACKING pc=0x000001cc874a46a2 sp=0x0000002e5e2fe4b0 mode 2
Event: 0.291 Thread 0x000001cca050ff50 Uncommon trap: trap_request=0xffffff66 fr.pc=0x000001cc87bf6674 relative=0x0000000000000314
Event: 0.291 Thread 0x000001cca050ff50 Uncommon trap: reason=speculate_class_check action=maybe_recompile pc=0x000001cc87bf6674 method=sun.security.util.math.intpoly.IntegerPolynomial.multByInt([JJ)V @ 26 c2
Event: 0.291 Thread 0x000001cca050ff50 DEOPT PACKING pc=0x000001cc87bf6674 sp=0x0000002e5e2fe560
Event: 0.291 Thread 0x000001cca050ff50 DEOPT UNPACKING pc=0x000001cc874a46a2 sp=0x0000002e5e2fe4b0 mode 2

Classes loaded (20 events):
Event: 0.302 Loading class sun/security/ssl/SSLBasicKeyDerivation
Event: 0.302 Loading class sun/security/ssl/SSLBasicKeyDerivation done
Event: 0.302 Loading class sun/security/ssl/SSLBasicKeyDerivation$SecretSizeSpec
Event: 0.302 Loading class sun/security/ssl/SSLBasicKeyDerivation$SecretSizeSpec done
Event: 0.303 Loading class jdk/internal/event/TLSHandshakeEvent
Event: 0.303 Loading class jdk/internal/event/TLSHandshakeEvent done
Event: 0.303 Loading class com/sun/crypto/provider/GaloisCounterMode$GCMEncrypt
Event: 0.367 Loading class com/sun/crypto/provider/GaloisCounterMode$GCMEncrypt done
Event: 0.367 Loading class com/sun/crypto/provider/GaloisCounterMode$EncryptOp
Event: 0.367 Loading class com/sun/crypto/provider/GaloisCounterMode$EncryptOp done
Event: 0.367 Loading class sun/security/ssl/CipherSuite$1
Event: 0.367 Loading class sun/security/ssl/CipherSuite$1 done
Event: 0.368 Loading class java/util/concurrent/CompletionException
Event: 0.368 Loading class java/util/concurrent/CompletionException done
Event: 0.377 Loading class java/util/Collections$UnmodifiableMap$UnmodifiableEntrySet
Event: 0.377 Loading class java/util/Collections$UnmodifiableMap$UnmodifiableEntrySet done
Event: 0.377 Loading class java/util/Collections$UnmodifiableMap$UnmodifiableEntrySet$1
Event: 0.377 Loading class java/util/Collections$UnmodifiableMap$UnmodifiableEntrySet$1 done
Event: 0.377 Loading class java/util/Collections$UnmodifiableMap$UnmodifiableEntrySet$UnmodifiableEntry
Event: 0.378 Loading class java/util/Collections$UnmodifiableMap$UnmodifiableEntrySet$UnmodifiableEntry done

Classes unloaded (0 events):
No events

Classes redefined (0 events):
No events

Internal exceptions (20 events):
Event: 0.170 Thread 0x000001ccf985f7a0 Exception <a 'java/lang/NoSuchMethodError'{0x0000000622885d48}: 'int java.lang.invoke.DirectMethodHandle$Holder.invokeStaticInit(java.lang.Object, long, long)'> (0x0000000622885d48) 
thrown [s\src\hotspot\share\interpreter\linkResolver.cpp, line 784]
Event: 0.171 Thread 0x000001ccf985f7a0 Exception <a 'java/lang/NoSuchMethodError'{0x000000062288c7e0}: 'int java.lang.invoke.DirectMethodHandle$Holder.invokeStaticInit(java.lang.Object, float, float)'> (0x000000062288c7e0) 
thrown [s\src\hotspot\share\interpreter\linkResolver.cpp, line 784]
Event: 0.171 Thread 0x000001ccf985f7a0 Exception <a 'java/lang/NoSuchMethodError'{0x0000000622893270}: 'int java.lang.invoke.DirectMethodHandle$Holder.invokeStaticInit(java.lang.Object, double, double)'> (0x0000000622893270) 
thrown [s\src\hotspot\share\interpreter\linkResolver.cpp, line 784]
Event: 0.171 Thread 0x000001ccf985f7a0 Exception <a 'java/lang/NoSuchMethodError'{0x0000000622897a20}: 'int java.lang.invoke.DirectMethodHandle$Holder.invokeStatic(java.lang.Object, long)'> (0x0000000622897a20) 
thrown [s\src\hotspot\share\interpreter\linkResolver.cpp, line 784]
Event: 0.173 Thread 0x000001ccf985f7a0 Exception <a 'java/lang/NoSuchMethodError'{0x00000006228c4800}: 'java.lang.Object java.lang.invoke.DelegatingMethodHandle$Holder.delegate(java.lang.Object, int, java.lang.Object, java.lang.Object)'> (0x00000006228c4800) 
thrown [s\src\hotspot\share\interpreter\linkResolver.cpp, line 784]
Event: 0.174 Thread 0x000001ccf985f7a0 Exception <a 'java/lang/NoSuchMethodError'{0x00000006228d3b20}: 'int java.lang.invoke.Invokers$Holder.linkToTargetMethod(java.lang.Object, java.lang.Object, java.lang.Object)'> (0x00000006228d3b20) 
thrown [s\src\hotspot\share\interpreter\linkResolver.cpp, line 784]
Event: 0.176 Thread 0x000001ccf985f7a0 Exception <a 'java/lang/NoSuchMethodError'{0x0000000622905a10}: 'long java.lang.invoke.DirectMethodHandle$Holder.invokeSpecial(java.lang.Object, java.lang.Object)'> (0x0000000622905a10) 
thrown [s\src\hotspot\share\interpreter\linkResolver.cpp, line 784]
Event: 0.176 Thread 0x000001ccf985f7a0 Exception <a 'java/lang/NoSuchMethodError'{0x000000062290c2e0}: 'int java.lang.invoke.DirectMethodHandle$Holder.invokeStatic(java.lang.Object, java.lang.Object, java.lang.Object, java.lang.Object)'> (0x000000062290c2e0) 
thrown [s\src\hotspot\share\interpreter\linkResolver.cpp, line 784]
Event: 0.176 Thread 0x000001ccf985f7a0 Exception <a 'java/lang/NoSuchMethodError'{0x000000062290f700}: 'java.lang.Object java.lang.invoke.Invokers$Holder.invokeExact_MT(java.lang.Object, java.lang.Object, java.lang.Object, java.lang.Object, java.lang.Object, java.lang.Object)'> (0x000000062290f700) 
thrown [s\src\hotspot\share\interpreter\linkResolver.cpp, line 784]
Event: 0.216 Thread 0x000001ccf985f7a0 Exception <a 'java/lang/NoSuchMethodError'{0x0000000622b217e0}: 'java.lang.Object java.lang.invoke.DirectMethodHandle$Holder.newInvokeSpecial(java.lang.Object, java.lang.Object, java.lang.Object, java.lang.Object, java.lang.Object)'> (0x0000000622b217e0) 
thrown [s\src\hotspot\share\interpreter\linkResolver.cpp, line 784]
Event: 0.229 Thread 0x000001ccf985f7a0 Exception <a 'java/lang/NoSuchMethodError'{0x000000062251f760}: 'java.lang.Object java.lang.invoke.DirectMethodHandle$Holder.invokeSpecial(java.lang.Object, java.lang.Object, java.lang.Object, java.lang.Object, int)'> (0x000000062251f760) 
thrown [s\src\hotspot\share\interpreter\linkResolver.cpp, line 784]
Event: 0.229 Thread 0x000001ccf985f7a0 Exception <a 'java/lang/NoSuchMethodError'{0x00000006225230c8}: 'java.lang.Object java.lang.invoke.Invokers$Holder.linkToTargetMethod(java.lang.Object, java.lang.Object, int, java.lang.Object)'> (0x00000006225230c8) 
thrown [s\src\hotspot\share\interpreter\linkResolver.cpp, line 784]
Event: 0.231 Thread 0x000001ccf985f7a0 Exception <a 'java/lang/NoSuchMethodError'{0x00000006225513c0}: 'void java.lang.invoke.DirectMethodHandle$Holder.invokeSpecial(java.lang.Object, java.lang.Object, java.lang.Object)'> (0x00000006225513c0) 
thrown [s\src\hotspot\share\interpreter\linkResolver.cpp, line 784]
Event: 0.238 Thread 0x000001cca0423820 Exception <a 'java/lang/NoSuchMethodError'{0x0000000622b82820}: 'void java.lang.invoke.DirectMethodHandle$Holder.invokeStatic(java.lang.Object, java.lang.Object, int)'> (0x0000000622b82820) 
thrown [s\src\hotspot\share\interpreter\linkResolver.cpp, line 784]
Event: 0.238 Thread 0x000001ccf985f7a0 Exception <a 'java/lang/NoSuchMethodError'{0x00000006225d2fa8}: 'void java.lang.invoke.DirectMethodHandle$Holder.invokeSpecial(java.lang.Object, java.lang.Object, java.lang.Object, java.lang.Object, java.lang.Object)'> (0x00000006225d2fa8) 
thrown [s\src\hotspot\share\interpreter\linkResolver.cpp, line 784]
Event: 0.241 Thread 0x000001cca0423820 Exception <a 'java/lang/NoSuchMethodError'{0x0000000622bbc560}: 'void java.lang.invoke.DirectMethodHandle$Holder.invokeStatic(java.lang.Object, java.lang.Object)'> (0x0000000622bbc560) 
thrown [s\src\hotspot\share\interpreter\linkResolver.cpp, line 784]
Event: 0.241 Thread 0x000001cca050ff50 Exception <a 'java/lang/NoSuchMethodError'{0x00000006226381c0}: 'void java.lang.invoke.DirectMethodHandle$Holder.invokeInterface(java.lang.Object, java.lang.Object, java.lang.Object)'> (0x00000006226381c0) 
thrown [s\src\hotspot\share\interpreter\linkResolver.cpp, line 784]
Event: 0.244 Thread 0x000001cca050ff50 Exception <a 'java/lang/NoSuchMethodError'{0x000000062268a078}: 'void java.lang.invoke.DirectMethodHandle$Holder.invokeVirtual(java.lang.Object, java.lang.Object)'> (0x000000062268a078) 
thrown [s\src\hotspot\share\interpreter\linkResolver.cpp, line 784]
Event: 0.287 Thread 0x000001cca050ff50 Exception <a 'java/lang/NoSuchMethodError'{0x00000006220a1960}: 'void java.lang.invoke.DirectMethodHandle$Holder.invokeInterface(java.lang.Object, java.lang.Object)'> (0x00000006220a1960) 
thrown [s\src\hotspot\share\interpreter\linkResolver.cpp, line 784]
Event: 0.368 Thread 0x000001cca050ff50 Exception <a 'java/lang/NoSuchMethodError'{0x0000000622119158}: 'void java.lang.invoke.DirectMethodHandle$Holder.invokeStatic(java.lang.Object, java.lang.Object, java.lang.Object, java.lang.Object)'> (0x0000000622119158) 
thrown [s\src\hotspot\share\interpreter\linkResolver.cpp, line 784]

ZGC Phase Switch (0 events):
No events

VM Operations (11 events):
Event: 0.058 Executing VM operation: HandshakeAllThreads (Deoptimize)
Event: 0.058 Executing VM operation: HandshakeAllThreads (Deoptimize) done
Event: 0.062 Executing VM operation: HandshakeAllThreads (Deoptimize)
Event: 0.062 Executing VM operation: HandshakeAllThreads (Deoptimize) done
Event: 0.141 Executing VM operation: HandshakeAllThreads (Deoptimize)
Event: 0.141 Executing VM operation: HandshakeAllThreads (Deoptimize) done
Event: 0.239 Executing VM operation: HandshakeAllThreads (Deoptimize)
Event: 0.239 Executing VM operation: HandshakeAllThreads (Deoptimize) done
Event: 0.289 Executing VM operation: ICBufferFull
Event: 0.289 Executing VM operation: ICBufferFull done
Event: 1.295 Executing VM operation: Cleanup

Memory protections (0 events):
No events

Nmethod flushes (0 events):
No events

Events (20 events):
Event: 0.029 Thread 0x000001ccf985f7a0 Thread added: 0x000001cc9b9295e0
Event: 0.030 Thread 0x000001ccf985f7a0 Thread added: 0x000001cc9b92a080
Event: 0.040 Thread 0x000001cc9b92a080 Thread added: 0x000001cc9a23fc70
Event: 0.043 Thread 0x000001ccf985f7a0 Thread added: 0x000001cc9badc150
Event: 0.045 Thread 0x000001ccf985f7a0 Thread added: 0x000001cc9bae11b0
Event: 0.049 Loaded shared library C:\Program Files\JetBrains\IntelliJ IDEA 2024.2.0.2\jbr\bin\net.dll
Event: 0.049 Loaded shared library C:\Program Files\JetBrains\IntelliJ IDEA 2024.2.0.2\jbr\bin\nio.dll
Event: 0.056 Loaded shared library C:\Program Files\JetBrains\IntelliJ IDEA 2024.2.0.2\jbr\bin\zip.dll
Event: 0.091 Loaded shared library C:\Program Files\JetBrains\IntelliJ IDEA 2024.2.0.2\jbr\bin\jimage.dll
Event: 0.145 Thread 0x000001cc9a23fc70 Thread added: 0x000001cca01ccb00
Event: 0.145 Thread 0x000001cc9a23fc70 Thread added: 0x000001cca01a2840
Event: 0.190 Loaded shared library C:\Program Files\JetBrains\IntelliJ IDEA 2024.2.0.2\jbr\bin\sunmscapi.dll
Event: 0.211 Loaded shared library C:\Program Files\JetBrains\IntelliJ IDEA 2024.2.0.2\jbr\bin\extnet.dll
Event: 0.213 Thread 0x000001ccf985f7a0 Thread added: 0x000001cca0423820
Event: 0.240 Thread 0x000001cca0423820 Thread added: 0x000001cca050ff50
Event: 0.247 Thread 0x000001cca0423820 Thread added: 0x000001cca04ddc30
Event: 0.265 Thread 0x000001cca01ccb00 Thread added: 0x000001cca06031a0
Event: 0.265 Thread 0x000001cc9a23fc70 Thread added: 0x000001cca0617ec0
Event: 0.266 Thread 0x000001cca01a2840 Thread added: 0x000001cca0604870
Event: 0.267 Thread 0x000001cca0617ec0 Thread added: 0x000001cca0604f20


Dynamic libraries:
0x00007ff6f3660000 - 0x00007ff6f366a000 	C:\Program Files\JetBrains\IntelliJ IDEA 2024.2.0.2\jbr\bin\java.exe
0x00007ff997a20000 - 0x00007ff997c83000 	C:\WINDOWS\SYSTEM32\ntdll.dll
0x00007ff9960a0000 - 0x00007ff996167000 	C:\WINDOWS\System32\KERNEL32.DLL
0x00007ff9951e0000 - 0x00007ff9955a9000 	C:\WINDOWS\System32\KERNELBASE.dll
0x00007ff994da0000 - 0x00007ff994eec000 	C:\WINDOWS\System32\ucrtbase.dll
0x00007ff974840000 - 0x00007ff974858000 	C:\Program Files\JetBrains\IntelliJ IDEA 2024.2.0.2\jbr\bin\jli.dll
0x00007ff9793e0000 - 0x00007ff9793fb000 	C:\Program Files\JetBrains\IntelliJ IDEA 2024.2.0.2\jbr\bin\VCRUNTIME140.dll
0x00007ff995e00000 - 0x00007ff995fca000 	C:\WINDOWS\System32\USER32.dll
0x00007ff978c30000 - 0x00007ff978ec0000 	C:\WINDOWS\WinSxS\amd64_microsoft.windows.common-controls_6595b64144ccf1df_6.0.26100.3323_none_3e088096e3344490\COMCTL32.dll
0x00007ff994ef0000 - 0x00007ff994f17000 	C:\WINDOWS\System32\win32u.dll
0x00007ff996bf0000 - 0x00007ff996c99000 	C:\WINDOWS\System32\msvcrt.dll
0x00007ff996070000 - 0x00007ff99609a000 	C:\WINDOWS\System32\GDI32.dll
0x00007ff9955b0000 - 0x00007ff9956e1000 	C:\WINDOWS\System32\gdi32full.dll
0x00007ff9956f0000 - 0x00007ff995793000 	C:\WINDOWS\System32\msvcp_win.dll
0x00007ff996bb0000 - 0x00007ff996bdf000 	C:\WINDOWS\System32\IMM32.DLL
0x00007ff98d1c0000 - 0x00007ff98d1cc000 	C:\Program Files\JetBrains\IntelliJ IDEA 2024.2.0.2\jbr\bin\vcruntime140_1.dll
0x00007ff94ddf0000 - 0x00007ff94de7d000 	C:\Program Files\JetBrains\IntelliJ IDEA 2024.2.0.2\jbr\bin\msvcp140.dll
0x00007ff8c7ec0000 - 0x00007ff8c8c77000 	C:\Program Files\JetBrains\IntelliJ IDEA 2024.2.0.2\jbr\bin\server\jvm.dll
0x00007ff995bd0000 - 0x00007ff995c82000 	C:\WINDOWS\System32\ADVAPI32.dll
0x00007ff996ca0000 - 0x00007ff996d46000 	C:\WINDOWS\System32\sechost.dll
0x00007ff996d50000 - 0x00007ff996e66000 	C:\WINDOWS\System32\RPCRT4.dll
0x00007ff995ff0000 - 0x00007ff996064000 	C:\WINDOWS\System32\WS2_32.dll
0x00007ff98f440000 - 0x00007ff98f44b000 	C:\WINDOWS\SYSTEM32\VERSION.dll
0x00007ff993880000 - 0x00007ff9938ce000 	C:\WINDOWS\SYSTEM32\POWRPROF.dll
0x00007ff98b4a0000 - 0x00007ff98b4d6000 	C:\WINDOWS\SYSTEM32\WINMM.dll
0x00007ff993860000 - 0x00007ff993874000 	C:\WINDOWS\SYSTEM32\UMPDC.dll
0x00007ff993b20000 - 0x00007ff993b3a000 	C:\WINDOWS\SYSTEM32\kernel.appcore.dll
0x00007ff98c1d0000 - 0x00007ff98c1da000 	C:\Program Files\JetBrains\IntelliJ IDEA 2024.2.0.2\jbr\bin\jimage.dll
0x00007ff992330000 - 0x00007ff992571000 	C:\WINDOWS\SYSTEM32\DBGHELP.DLL
0x00007ff995840000 - 0x00007ff995bc2000 	C:\WINDOWS\System32\combase.dll
0x00007ff997680000 - 0x00007ff997756000 	C:\WINDOWS\System32\OLEAUT32.dll
0x00007ff93f890000 - 0x00007ff93f8c9000 	C:\WINDOWS\SYSTEM32\dbgcore.DLL
0x00007ff9957a0000 - 0x00007ff995839000 	C:\WINDOWS\System32\bcryptPrimitives.dll
0x00007ff976810000 - 0x00007ff97682f000 	C:\Program Files\JetBrains\IntelliJ IDEA 2024.2.0.2\jbr\bin\java.dll
0x00007ff973b60000 - 0x00007ff973b78000 	C:\Program Files\JetBrains\IntelliJ IDEA 2024.2.0.2\jbr\bin\zip.dll
0x00007ff996f60000 - 0x00007ff997675000 	C:\WINDOWS\System32\SHELL32.dll
0x00007ff994f20000 - 0x00007ff995088000 	C:\WINDOWS\System32\wintypes.dll
0x00007ff992900000 - 0x00007ff993145000 	C:\WINDOWS\SYSTEM32\windows.storage.dll
0x00007ff996e70000 - 0x00007ff996f5b000 	C:\WINDOWS\System32\SHCORE.dll
0x00007ff995da0000 - 0x00007ff995dfd000 	C:\WINDOWS\System32\shlwapi.dll
0x00007ff994b30000 - 0x00007ff994b5f000 	C:\WINDOWS\SYSTEM32\profapi.dll
0x00007ff987a70000 - 0x00007ff987a80000 	C:\Program Files\JetBrains\IntelliJ IDEA 2024.2.0.2\jbr\bin\net.dll
0x00007ff98ef90000 - 0x00007ff98f0ae000 	C:\WINDOWS\SYSTEM32\WINHTTP.dll
0x00007ff994070000 - 0x00007ff9940da000 	C:\WINDOWS\system32\mswsock.dll
0x00007ff973760000 - 0x00007ff973776000 	C:\Program Files\JetBrains\IntelliJ IDEA 2024.2.0.2\jbr\bin\nio.dll
0x00007ff994310000 - 0x00007ff99432c000 	C:\WINDOWS\SYSTEM32\CRYPTSP.dll
0x00007ff993a80000 - 0x00007ff993aba000 	C:\WINDOWS\system32\rsaenh.dll
0x00007ff994110000 - 0x00007ff99413b000 	C:\WINDOWS\SYSTEM32\USERENV.dll
0x00007ff994550000 - 0x00007ff994576000 	C:\WINDOWS\SYSTEM32\bcrypt.dll
0x00007ff994330000 - 0x00007ff99433c000 	C:\WINDOWS\SYSTEM32\CRYPTBASE.dll
0x00007ff993500000 - 0x00007ff993533000 	C:\WINDOWS\SYSTEM32\IPHLPAPI.DLL
0x00007ff9977c0000 - 0x00007ff9977ca000 	C:\WINDOWS\System32\NSI.dll
0x00007ff976840000 - 0x00007ff97684e000 	C:\Program Files\JetBrains\IntelliJ IDEA 2024.2.0.2\jbr\bin\sunmscapi.dll
0x00007ff994c20000 - 0x00007ff994d97000 	C:\WINDOWS\System32\CRYPT32.dll
0x00007ff994510000 - 0x00007ff994540000 	C:\WINDOWS\SYSTEM32\ncrypt.dll
0x00007ff9944c0000 - 0x00007ff9944ff000 	C:\WINDOWS\SYSTEM32\NTASN1.dll
0x00007ff96d600000 - 0x00007ff96d608000 	C:\WINDOWS\system32\wshunix.dll
0x00007ff973750000 - 0x00007ff973759000 	C:\Program Files\JetBrains\IntelliJ IDEA 2024.2.0.2\jbr\bin\extnet.dll

dbghelp: loaded successfully - version: 4.0.5 - missing functions: none
symbol engine: initialized successfully - sym options: 0x614 - pdb path: .;C:\Program Files\JetBrains\IntelliJ IDEA 2024.2.0.2\jbr\bin;C:\WINDOWS\SYSTEM32;C:\WINDOWS\WinSxS\amd64_microsoft.windows.common-controls_6595b64144ccf1df_6.0.26100.3323_none_3e088096e3344490;C:\Program Files\JetBrains\IntelliJ IDEA 2024.2.0.2\jbr\bin\server

VM Arguments:
java_command: git4idea.http.GitAskPassApp Username for 'https://github.com': 
java_class_path (initial): C:/Program Files/JetBrains/IntelliJ IDEA 2024.2.0.2/plugins/vcs-git/lib/git4idea-rt.jar;C:/Program Files/JetBrains/IntelliJ IDEA 2024.2.0.2/lib/externalProcess-rt.jar
Launcher Type: SUN_STANDARD

[Global flags]
     intx CICompilerCount                          = 12                                        {product} {ergonomic}
     uint ConcGCThreads                            = 5                                         {product} {ergonomic}
     uint G1ConcRefinementThreads                  = 20                                        {product} {ergonomic}
   size_t G1HeapRegionSize                         = 4194304                                   {product} {ergonomic}
    uintx GCDrainStackTargetSize                   = 64                                        {product} {ergonomic}
   size_t InitialHeapSize                          = 536870912                                 {product} {ergonomic}
   size_t MarkStackSize                            = 4194304                                   {product} {ergonomic}
   size_t MaxHeapSize                              = 8535408640                                {product} {ergonomic}
   size_t MaxNewSize                               = 5121245184                                {product} {ergonomic}
   size_t MinHeapDeltaBytes                        = 4194304                                   {product} {ergonomic}
   size_t MinHeapSize                              = 8388608                                   {product} {ergonomic}
    uintx NonNMethodCodeHeapSize                   = 7602480                                {pd product} {ergonomic}
    uintx NonProfiledCodeHeapSize                  = 122027880                              {pd product} {ergonomic}
    uintx ProfiledCodeHeapSize                     = 122027880                              {pd product} {ergonomic}
    uintx ReservedCodeCacheSize                    = 251658240                              {pd product} {ergonomic}
     bool SegmentedCodeCache                       = true                                      {product} {ergonomic}
   size_t SoftMaxHeapSize                          = 8535408640                             {manageable} {ergonomic}
     bool UseCompressedOops                        = true                           {product lp64_product} {ergonomic}
     bool UseG1GC                                  = true                                      {product} {ergonomic}
     bool UseLargePagesIndividualAllocation        = false                                  {pd product} {ergonomic}

Logging:
Log output configuration:
 #0: stdout all=warning uptime,level,tags foldmultilines=false
 #1: stderr all=off uptime,level,tags foldmultilines=false

Environment Variables:
PATH=C:\Program Files\Git\mingw64\libexec\git-core;C:\Program Files\Git\mingw64\libexec\git-core;C:\Program Files\Git\mingw64\bin;C:\Program Files\Git\usr\bin;C:\Users\adity\bin;C:\Windows\system32;C:\Windows;C:\Windows\System32\Wbem;C:\Windows\System32\WindowsPowerShell\v1.0;C:\Windows\System32\OpenSSH;C:\Program Files (x86)\NVIDIA Corporation\PhysX\Common;C:\Program Files\NVIDIA Corporation\NVIDIA NvDLISR;C:\Program Files\dotnet;C:\WINDOWS\system32;C:\WINDOWS;C:\WINDOWS\System32\Wbem;C:\WINDOWS\System32\WindowsPowerShell\v1.0;C:\WINDOWS\System32\OpenSSH;C:\Program Files\Git\cmd;C:\Program Files\nodejs;C:\Users\adity\AppData\Local\Microsoft\WindowsApps;C:\Users\adity\AppData\Local\Programs\Microsoft VS Code\bin;C:\Users\adity\.dotnet\tools;C:\Users\adity\AppData\Local\Microsoft\WinGet\Packages\Schniz.fnm_Microsoft.Winget.Source_8wekyb3d8bbwe;C:\Users\adity\AppData\Roaming\npm
USERNAME=adity
DISPLAY=:0.0
LC_ALL=en_US.UTF-8
TERM=xterm-256color
TMPDIR=C:\Users\adity\AppData\Local\Temp
OS=Windows_NT
PROCESSOR_IDENTIFIER=Intel64 Family 6 Model 183 Stepping 1, GenuineIntel
TMP=C:\Users\adity\AppData\Local\Temp
TEMP=C:\Users\adity\AppData\Local\Temp




Periodic native trim disabled

JNI global refs:
JNI global refs: 28, weak refs: 0

JNI global refs memory usage: 835, weak refs: 201

Process memory usage:
Resident Set Size: 92184K (0% of 33329392K total physical memory with 9918632K free physical memory)

OOME stack traces (most recent first):
Classloader memory used:
Loader bootstrap                                                                       : 16286K
Loader jdk.internal.loader.ClassLoaders$PlatformClassLoader                            : 1892K
Loader jdk.internal.loader.ClassLoaders$AppClassLoader                                 : 16448B

---------------  S Y S T E M  ---------------

OS:
 Windows 11 , 64 bit Build 26100 (10.0.26100.3323)
OS uptime: 9 days 13:40 hours
Hyper-V role detected

CPU: total 28 (initial active 28) (14 cores per cpu, 2 threads per core) family 6 model 183 stepping 1 microcode 0x11d, cx8, cmov, fxsr, ht, mmx, 3dnowpref, sse, sse2, sse3, ssse3, sse4.1, sse4.2, popcnt, lzcnt, tsc, tscinvbit, avx, avx2, aes, erms, clmul, bmi1, bmi2, adx, sha, fma, vzeroupper, clflush, clflushopt, clwb, hv, serialize, rdtscp, rdpid, fsrm, f16c, cet_ibt, cet_ss
Processor Information for all 28 processors :
  Max Mhz: 2100, Current Mhz: 2100, Mhz Limit: 2100

Memory: 4k page, system-wide physical 32548M (9685M free)
TotalPageFile size 130852M (AvailPageFile size 32M)
current process WorkingSet (physical memory assigned to process): 90M, peak: 90M
current process commit charge ("private bytes"): 654M, peak: 656M

vm_info: OpenJDK 64-Bit Server VM (21.0.4+13-b509.17) for windows-amd64 JRE (21.0.4+13-b509.17), built on 2024-09-04 by "builduser" with MS VC++ 16.10 / 16.11 (VS2019)

END.
