#
# There is insufficient memory for the Java Runtime Environment to continue.
# Native memory allocation (malloc) failed to allocate 1065872 bytes. Error detail: Chunk::new
# Possible reasons:
#   The system is out of physical RAM or swap space
#   This process is running with CompressedOops enabled, and the Java Heap may be blocking the growth of the native heap
# Possible solutions:
#   Reduce memory load on the system
#   Increase physical memory or swap space
#   Check if swap backing store is full
#   Decrease Java heap size (-Xmx/-Xms)
#   Decrease number of Java threads
#   Decrease Java thread stack sizes (-Xss)
#   Set larger code cache with -XX:ReservedCodeCacheSize=
#   JVM is running with Zero Based Compressed Oops mode in which the Java heap is
#     placed in the first 32GB address space. The Java Heap base address is the
#     maximum limit for the native heap growth. Please use -XX:HeapBaseMinAddress
#     to set the Java Heap base and to place the Java Heap above 32GB virtual address.
# This output file may be truncated or incomplete.
#
#  Out of Memory Error (arena.cpp:168), pid=55428, tid=57900
#
# JRE version: OpenJDK Runtime Environment JBR-21.0.4+13-509.17-jcef (21.0.4+13) (build 21.0.4+13-b509.17)
# Java VM: OpenJDK 64-Bit Server VM JBR-21.0.4+13-509.17-jcef (21.0.4+13-b509.17, mixed mode, tiered, compressed oops, compressed class ptrs, g1 gc, windows-amd64)
# No core dump will be written. Minidumps are not enabled by default on client versions of Windows
#

---------------  S U M M A R Y ------------

Command Line: git4idea.http.GitAskPassApp Username for 'https://github.com': 

Host: Intel(R) Core(TM) i7-14700F, 28 cores, 31G,  Windows 11 , 64 bit Build 26100 (10.0.26100.3323)
Time: Fri Apr  4 13:22:07 2025 Mountain Daylight Time elapsed time: 0.438269 seconds (0d 0h 0m 0s)

---------------  T H R E A D  ---------------

Current thread (0x000001e9f24eb1b0):  JavaThread "C2 CompilerThread1" daemon [_thread_in_native, id=57900, stack(0x00000017ceb00000,0x00000017cec00000) (1024K)]


Current CompileTask:
C2:    438 1167       4       sun.security.ec.ECOperations::setDouble (463 bytes)

Stack: [0x00000017ceb00000,0x00000017cec00000]
Native frames: (J=compiled Java code, j=interpreted, Vv=VM code, C=native code)
V  [jvm.dll+0x6e36d9]
V  [jvm.dll+0x8c0bd3]
V  [jvm.dll+0x8c312e]
V  [jvm.dll+0x8c3813]
V  [jvm.dll+0x288256]
V  [jvm.dll+0xc613d]
V  [jvm.dll+0xc6673]
V  [jvm.dll+0x3c2f9b]
V  [jvm.dll+0x1e5b94]
V  [jvm.dll+0x24fcc4]
V  [jvm.dll+0x24f141]
V  [jvm.dll+0x1cd074]
V  [jvm.dll+0x25e88c]
V  [jvm.dll+0x25cdd6]
V  [jvm.dll+0x3fdff6]
V  [jvm.dll+0x868868]
V  [jvm.dll+0x6e1edd]
C  [ucrtbase.dll+0x37b0]
C  [KERNEL32.DLL+0x2e8d7]
C  [ntdll.dll+0xbbf6c]


---------------  P R O C E S S  ---------------

Threads class SMR info:
_java_thread_list=0x000001e9f24a5d70, length=19, elements={
0x000001e9cb5f9740, 0x000001e9ed5ce9e0, 0x000001e9ed5cf050, 0x000001e9ed61a320,
0x000001e9ed61a990, 0x000001e9ed61f010, 0x000001e9ed621690, 0x000001e9ed622030,
0x000001e9ed623420, 0x000001e9ebf351d0, 0x000001e9ed7e61e0, 0x000001e9ed7e9b00,
0x000001e9f2137d70, 0x000001e9f246b8c0, 0x000001e9f24a7880, 0x000001e9f253dd80,
0x000001e9f24eb1b0, 0x000001e9f24eb860, 0x000001e9f257d530
}

Java Threads: ( => current thread )
  0x000001e9cb5f9740 JavaThread "main"                              [_thread_blocked, id=54320, stack(0x00000017cd300000,0x00000017cd400000) (1024K)]
  0x000001e9ed5ce9e0 JavaThread "Reference Handler"          daemon [_thread_blocked, id=55012, stack(0x00000017cdb00000,0x00000017cdc00000) (1024K)]
  0x000001e9ed5cf050 JavaThread "Finalizer"                  daemon [_thread_blocked, id=58244, stack(0x00000017cdc00000,0x00000017cdd00000) (1024K)]
  0x000001e9ed61a320 JavaThread "Signal Dispatcher"          daemon [_thread_blocked, id=58140, stack(0x00000017cdd00000,0x00000017cde00000) (1024K)]
  0x000001e9ed61a990 JavaThread "Attach Listener"            daemon [_thread_blocked, id=53160, stack(0x00000017cde00000,0x00000017cdf00000) (1024K)]
  0x000001e9ed61f010 JavaThread "Service Thread"             daemon [_thread_blocked, id=37688, stack(0x00000017cdf00000,0x00000017ce000000) (1024K)]
  0x000001e9ed621690 JavaThread "Monitor Deflation Thread"   daemon [_thread_blocked, id=43132, stack(0x00000017ce000000,0x00000017ce100000) (1024K)]
  0x000001e9ed622030 JavaThread "C2 CompilerThread0"         daemon [_thread_blocked, id=53772, stack(0x00000017ce100000,0x00000017ce200000) (1024K)]
  0x000001e9ed623420 JavaThread "C1 CompilerThread0"         daemon [_thread_blocked, id=57532, stack(0x00000017ce200000,0x00000017ce300000) (1024K)]
  0x000001e9ebf351d0 JavaThread "C1 CompilerThread1"         daemon [_thread_blocked, id=55260, stack(0x00000017ce300000,0x00000017ce400000) (1024K)]
  0x000001e9ed7e61e0 JavaThread "Notification Thread"        daemon [_thread_blocked, id=55376, stack(0x00000017ce400000,0x00000017ce500000) (1024K)]
  0x000001e9ed7e9b00 JavaThread "Common-Cleaner"             daemon [_thread_blocked, id=53836, stack(0x00000017ce500000,0x00000017ce600000) (1024K)]
  0x000001e9f2137d70 JavaThread "C1 CompilerThread2"         daemon [_thread_blocked, id=54020, stack(0x00000017ce600000,0x00000017ce700000) (1024K)]
  0x000001e9f246b8c0 JavaThread "HttpClient-1-SelectorManager" daemon [_thread_in_native, id=57628, stack(0x00000017ce700000,0x00000017ce800000) (1024K)]
  0x000001e9f24a7880 JavaThread "HttpClient-1-Worker-0"      daemon [_thread_blocked, id=56604, stack(0x00000017ce900000,0x00000017cea00000) (1024K)]
  0x000001e9f253dd80 JavaThread "HttpClient-1-Worker-1"      daemon [_thread_blocked, id=6584, stack(0x00000017cea00000,0x00000017ceb00000) (1024K)]
=>0x000001e9f24eb1b0 JavaThread "C2 CompilerThread1"         daemon [_thread_in_native, id=57900, stack(0x00000017ceb00000,0x00000017cec00000) (1024K)]
  0x000001e9f24eb860 JavaThread "C2 CompilerThread2"         daemon [_thread_blocked, id=53908, stack(0x00000017cec00000,0x00000017ced00000) (1024K)]
  0x000001e9f257d530 JavaThread "C2 CompilerThread3"         daemon [_thread_blocked, id=42464, stack(0x00000017ced00000,0x00000017cee00000) (1024K)]
Total: 19

Other Threads:
  0x000001e9ed591720 VMThread "VM Thread"                           [id=49472, stack(0x00000017cda00000,0x00000017cdb00000) (1024K)]
  0x000001e9ed541270 WatcherThread "VM Periodic Task Thread"        [id=30184, stack(0x00000017cd900000,0x00000017cda00000) (1024K)]
  0x000001e9cb6a5300 WorkerThread "GC Thread#0"                     [id=9144, stack(0x00000017cd400000,0x00000017cd500000) (1024K)]
  0x000001e9cb6b64f0 ConcurrentGCThread "G1 Main Marker"            [id=34388, stack(0x00000017cd500000,0x00000017cd600000) (1024K)]
  0x000001e9cb6b8a10 WorkerThread "G1 Conc#0"                       [id=37828, stack(0x00000017cd600000,0x00000017cd700000) (1024K)]
  0x000001e9ebe7ab00 ConcurrentGCThread "G1 Refine#0"               [id=56340, stack(0x00000017cd700000,0x00000017cd800000) (1024K)]
  0x000001e9ebe7d040 ConcurrentGCThread "G1 Service"                [id=58196, stack(0x00000017cd800000,0x00000017cd900000) (1024K)]
Total: 7

Threads with active compile tasks:
C2 CompilerThread1      455 1167       4       sun.security.ec.ECOperations::setDouble (463 bytes)
Total: 1

VM state: not at safepoint (normal execution)

VM Mutex/Monitor currently owned by a thread: None

Heap address: 0x0000000603400000, size: 8140 MB, Compressed Oops mode: Zero based, Oop shift amount: 3

CDS archive(s) not mapped
Compressed class space mapped at: 0x0000000800000000-0x0000000840000000, reserved size: 1073741824
Narrow klass base: 0x0000000800000000, Narrow klass shift: 0, Narrow klass range: 0x40000000

GC Precious Log:
 CardTable entry size: 512
 Card Set container configuration: InlinePtr #cards 4 size 8 Array Of Cards #cards 32 size 80 Howl #buckets 8 coarsen threshold 7372 Howl Bitmap #cards 1024 size 144 coarsen threshold 921 Card regions per heap region 1 cards per card region 8192
 CPUs: 28 total, 28 available
 Memory: 32548M
 Large Page Support: Disabled
 NUMA Support: Disabled
 Compressed Oops: Enabled (Zero based)
 Heap Region Size: 4M
 Heap Min Capacity: 8M
 Heap Initial Capacity: 512M
 Heap Max Capacity: 8140M
 Pre-touch: Disabled
 Parallel Workers: 20
 Concurrent Workers: 5
 Concurrent Refinement Workers: 20
 Periodic GC: Disabled

Heap:
 garbage-first heap   total 524288K, used 16384K [0x0000000603400000, 0x0000000800000000)
  region size 4096K, 5 young (20480K), 0 survivors (0K)
 Metaspace       used 18187K, committed 18496K, reserved 1114112K
  class space    used 1790K, committed 1920K, reserved 1048576K

Heap Regions: E=young(eden), S=young(survivor), O=old, HS=humongous(starts), HC=humongous(continues), CS=collection set, F=free, TAMS=top-at-mark-start, PB=parsable bottom
|   0|0x0000000603400000, 0x0000000603400000, 0x0000000603800000|  0%| F|  |TAMS 0x0000000603400000| PB 0x0000000603400000| Untracked 
|   1|0x0000000603800000, 0x0000000603800000, 0x0000000603c00000|  0%| F|  |TAMS 0x0000000603800000| PB 0x0000000603800000| Untracked 
|   2|0x0000000603c00000, 0x0000000603c00000, 0x0000000604000000|  0%| F|  |TAMS 0x0000000603c00000| PB 0x0000000603c00000| Untracked 
|   3|0x0000000604000000, 0x0000000604000000, 0x0000000604400000|  0%| F|  |TAMS 0x0000000604000000| PB 0x0000000604000000| Untracked 
|   4|0x0000000604400000, 0x0000000604400000, 0x0000000604800000|  0%| F|  |TAMS 0x0000000604400000| PB 0x0000000604400000| Untracked 
|   5|0x0000000604800000, 0x0000000604800000, 0x0000000604c00000|  0%| F|  |TAMS 0x0000000604800000| PB 0x0000000604800000| Untracked 
|   6|0x0000000604c00000, 0x0000000604c00000, 0x0000000605000000|  0%| F|  |TAMS 0x0000000604c00000| PB 0x0000000604c00000| Untracked 
|   7|0x0000000605000000, 0x0000000605000000, 0x0000000605400000|  0%| F|  |TAMS 0x0000000605000000| PB 0x0000000605000000| Untracked 
|   8|0x0000000605400000, 0x0000000605400000, 0x0000000605800000|  0%| F|  |TAMS 0x0000000605400000| PB 0x0000000605400000| Untracked 
|   9|0x0000000605800000, 0x0000000605800000, 0x0000000605c00000|  0%| F|  |TAMS 0x0000000605800000| PB 0x0000000605800000| Untracked 
|  10|0x0000000605c00000, 0x0000000605c00000, 0x0000000606000000|  0%| F|  |TAMS 0x0000000605c00000| PB 0x0000000605c00000| Untracked 
|  11|0x0000000606000000, 0x0000000606000000, 0x0000000606400000|  0%| F|  |TAMS 0x0000000606000000| PB 0x0000000606000000| Untracked 
|  12|0x0000000606400000, 0x0000000606400000, 0x0000000606800000|  0%| F|  |TAMS 0x0000000606400000| PB 0x0000000606400000| Untracked 
|  13|0x0000000606800000, 0x0000000606800000, 0x0000000606c00000|  0%| F|  |TAMS 0x0000000606800000| PB 0x0000000606800000| Untracked 
|  14|0x0000000606c00000, 0x0000000606c00000, 0x0000000607000000|  0%| F|  |TAMS 0x0000000606c00000| PB 0x0000000606c00000| Untracked 
|  15|0x0000000607000000, 0x0000000607000000, 0x0000000607400000|  0%| F|  |TAMS 0x0000000607000000| PB 0x0000000607000000| Untracked 
|  16|0x0000000607400000, 0x0000000607400000, 0x0000000607800000|  0%| F|  |TAMS 0x0000000607400000| PB 0x0000000607400000| Untracked 
|  17|0x0000000607800000, 0x0000000607800000, 0x0000000607c00000|  0%| F|  |TAMS 0x0000000607800000| PB 0x0000000607800000| Untracked 
|  18|0x0000000607c00000, 0x0000000607c00000, 0x0000000608000000|  0%| F|  |TAMS 0x0000000607c00000| PB 0x0000000607c00000| Untracked 
|  19|0x0000000608000000, 0x0000000608000000, 0x0000000608400000|  0%| F|  |TAMS 0x0000000608000000| PB 0x0000000608000000| Untracked 
|  20|0x0000000608400000, 0x0000000608400000, 0x0000000608800000|  0%| F|  |TAMS 0x0000000608400000| PB 0x0000000608400000| Untracked 
|  21|0x0000000608800000, 0x0000000608800000, 0x0000000608c00000|  0%| F|  |TAMS 0x0000000608800000| PB 0x0000000608800000| Untracked 
|  22|0x0000000608c00000, 0x0000000608c00000, 0x0000000609000000|  0%| F|  |TAMS 0x0000000608c00000| PB 0x0000000608c00000| Untracked 
|  23|0x0000000609000000, 0x0000000609000000, 0x0000000609400000|  0%| F|  |TAMS 0x0000000609000000| PB 0x0000000609000000| Untracked 
|  24|0x0000000609400000, 0x0000000609400000, 0x0000000609800000|  0%| F|  |TAMS 0x0000000609400000| PB 0x0000000609400000| Untracked 
|  25|0x0000000609800000, 0x0000000609800000, 0x0000000609c00000|  0%| F|  |TAMS 0x0000000609800000| PB 0x0000000609800000| Untracked 
|  26|0x0000000609c00000, 0x0000000609c00000, 0x000000060a000000|  0%| F|  |TAMS 0x0000000609c00000| PB 0x0000000609c00000| Untracked 
|  27|0x000000060a000000, 0x000000060a000000, 0x000000060a400000|  0%| F|  |TAMS 0x000000060a000000| PB 0x000000060a000000| Untracked 
|  28|0x000000060a400000, 0x000000060a400000, 0x000000060a800000|  0%| F|  |TAMS 0x000000060a400000| PB 0x000000060a400000| Untracked 
|  29|0x000000060a800000, 0x000000060a800000, 0x000000060ac00000|  0%| F|  |TAMS 0x000000060a800000| PB 0x000000060a800000| Untracked 
|  30|0x000000060ac00000, 0x000000060ac00000, 0x000000060b000000|  0%| F|  |TAMS 0x000000060ac00000| PB 0x000000060ac00000| Untracked 
|  31|0x000000060b000000, 0x000000060b000000, 0x000000060b400000|  0%| F|  |TAMS 0x000000060b000000| PB 0x000000060b000000| Untracked 
|  32|0x000000060b400000, 0x000000060b400000, 0x000000060b800000|  0%| F|  |TAMS 0x000000060b400000| PB 0x000000060b400000| Untracked 
|  33|0x000000060b800000, 0x000000060b800000, 0x000000060bc00000|  0%| F|  |TAMS 0x000000060b800000| PB 0x000000060b800000| Untracked 
|  34|0x000000060bc00000, 0x000000060bc00000, 0x000000060c000000|  0%| F|  |TAMS 0x000000060bc00000| PB 0x000000060bc00000| Untracked 
|  35|0x000000060c000000, 0x000000060c000000, 0x000000060c400000|  0%| F|  |TAMS 0x000000060c000000| PB 0x000000060c000000| Untracked 
|  36|0x000000060c400000, 0x000000060c400000, 0x000000060c800000|  0%| F|  |TAMS 0x000000060c400000| PB 0x000000060c400000| Untracked 
|  37|0x000000060c800000, 0x000000060c800000, 0x000000060cc00000|  0%| F|  |TAMS 0x000000060c800000| PB 0x000000060c800000| Untracked 
|  38|0x000000060cc00000, 0x000000060cc00000, 0x000000060d000000|  0%| F|  |TAMS 0x000000060cc00000| PB 0x000000060cc00000| Untracked 
|  39|0x000000060d000000, 0x000000060d000000, 0x000000060d400000|  0%| F|  |TAMS 0x000000060d000000| PB 0x000000060d000000| Untracked 
|  40|0x000000060d400000, 0x000000060d400000, 0x000000060d800000|  0%| F|  |TAMS 0x000000060d400000| PB 0x000000060d400000| Untracked 
|  41|0x000000060d800000, 0x000000060d800000, 0x000000060dc00000|  0%| F|  |TAMS 0x000000060d800000| PB 0x000000060d800000| Untracked 
|  42|0x000000060dc00000, 0x000000060dc00000, 0x000000060e000000|  0%| F|  |TAMS 0x000000060dc00000| PB 0x000000060dc00000| Untracked 
|  43|0x000000060e000000, 0x000000060e000000, 0x000000060e400000|  0%| F|  |TAMS 0x000000060e000000| PB 0x000000060e000000| Untracked 
|  44|0x000000060e400000, 0x000000060e400000, 0x000000060e800000|  0%| F|  |TAMS 0x000000060e400000| PB 0x000000060e400000| Untracked 
|  45|0x000000060e800000, 0x000000060e800000, 0x000000060ec00000|  0%| F|  |TAMS 0x000000060e800000| PB 0x000000060e800000| Untracked 
|  46|0x000000060ec00000, 0x000000060ec00000, 0x000000060f000000|  0%| F|  |TAMS 0x000000060ec00000| PB 0x000000060ec00000| Untracked 
|  47|0x000000060f000000, 0x000000060f000000, 0x000000060f400000|  0%| F|  |TAMS 0x000000060f000000| PB 0x000000060f000000| Untracked 
|  48|0x000000060f400000, 0x000000060f400000, 0x000000060f800000|  0%| F|  |TAMS 0x000000060f400000| PB 0x000000060f400000| Untracked 
|  49|0x000000060f800000, 0x000000060f800000, 0x000000060fc00000|  0%| F|  |TAMS 0x000000060f800000| PB 0x000000060f800000| Untracked 
|  50|0x000000060fc00000, 0x000000060fc00000, 0x0000000610000000|  0%| F|  |TAMS 0x000000060fc00000| PB 0x000000060fc00000| Untracked 
|  51|0x0000000610000000, 0x0000000610000000, 0x0000000610400000|  0%| F|  |TAMS 0x0000000610000000| PB 0x0000000610000000| Untracked 
|  52|0x0000000610400000, 0x0000000610400000, 0x0000000610800000|  0%| F|  |TAMS 0x0000000610400000| PB 0x0000000610400000| Untracked 
|  53|0x0000000610800000, 0x0000000610800000, 0x0000000610c00000|  0%| F|  |TAMS 0x0000000610800000| PB 0x0000000610800000| Untracked 
|  54|0x0000000610c00000, 0x0000000610c00000, 0x0000000611000000|  0%| F|  |TAMS 0x0000000610c00000| PB 0x0000000610c00000| Untracked 
|  55|0x0000000611000000, 0x0000000611000000, 0x0000000611400000|  0%| F|  |TAMS 0x0000000611000000| PB 0x0000000611000000| Untracked 
|  56|0x0000000611400000, 0x0000000611400000, 0x0000000611800000|  0%| F|  |TAMS 0x0000000611400000| PB 0x0000000611400000| Untracked 
|  57|0x0000000611800000, 0x0000000611800000, 0x0000000611c00000|  0%| F|  |TAMS 0x0000000611800000| PB 0x0000000611800000| Untracked 
|  58|0x0000000611c00000, 0x0000000611c00000, 0x0000000612000000|  0%| F|  |TAMS 0x0000000611c00000| PB 0x0000000611c00000| Untracked 
|  59|0x0000000612000000, 0x0000000612000000, 0x0000000612400000|  0%| F|  |TAMS 0x0000000612000000| PB 0x0000000612000000| Untracked 
|  60|0x0000000612400000, 0x0000000612400000, 0x0000000612800000|  0%| F|  |TAMS 0x0000000612400000| PB 0x0000000612400000| Untracked 
|  61|0x0000000612800000, 0x0000000612800000, 0x0000000612c00000|  0%| F|  |TAMS 0x0000000612800000| PB 0x0000000612800000| Untracked 
|  62|0x0000000612c00000, 0x0000000612c00000, 0x0000000613000000|  0%| F|  |TAMS 0x0000000612c00000| PB 0x0000000612c00000| Untracked 
|  63|0x0000000613000000, 0x0000000613000000, 0x0000000613400000|  0%| F|  |TAMS 0x0000000613000000| PB 0x0000000613000000| Untracked 
|  64|0x0000000613400000, 0x0000000613400000, 0x0000000613800000|  0%| F|  |TAMS 0x0000000613400000| PB 0x0000000613400000| Untracked 
|  65|0x0000000613800000, 0x0000000613800000, 0x0000000613c00000|  0%| F|  |TAMS 0x0000000613800000| PB 0x0000000613800000| Untracked 
|  66|0x0000000613c00000, 0x0000000613c00000, 0x0000000614000000|  0%| F|  |TAMS 0x0000000613c00000| PB 0x0000000613c00000| Untracked 
|  67|0x0000000614000000, 0x0000000614000000, 0x0000000614400000|  0%| F|  |TAMS 0x0000000614000000| PB 0x0000000614000000| Untracked 
|  68|0x0000000614400000, 0x0000000614400000, 0x0000000614800000|  0%| F|  |TAMS 0x0000000614400000| PB 0x0000000614400000| Untracked 
|  69|0x0000000614800000, 0x0000000614800000, 0x0000000614c00000|  0%| F|  |TAMS 0x0000000614800000| PB 0x0000000614800000| Untracked 
|  70|0x0000000614c00000, 0x0000000614c00000, 0x0000000615000000|  0%| F|  |TAMS 0x0000000614c00000| PB 0x0000000614c00000| Untracked 
|  71|0x0000000615000000, 0x0000000615000000, 0x0000000615400000|  0%| F|  |TAMS 0x0000000615000000| PB 0x0000000615000000| Untracked 
|  72|0x0000000615400000, 0x0000000615400000, 0x0000000615800000|  0%| F|  |TAMS 0x0000000615400000| PB 0x0000000615400000| Untracked 
|  73|0x0000000615800000, 0x0000000615800000, 0x0000000615c00000|  0%| F|  |TAMS 0x0000000615800000| PB 0x0000000615800000| Untracked 
|  74|0x0000000615c00000, 0x0000000615c00000, 0x0000000616000000|  0%| F|  |TAMS 0x0000000615c00000| PB 0x0000000615c00000| Untracked 
|  75|0x0000000616000000, 0x0000000616000000, 0x0000000616400000|  0%| F|  |TAMS 0x0000000616000000| PB 0x0000000616000000| Untracked 
|  76|0x0000000616400000, 0x0000000616400000, 0x0000000616800000|  0%| F|  |TAMS 0x0000000616400000| PB 0x0000000616400000| Untracked 
|  77|0x0000000616800000, 0x0000000616800000, 0x0000000616c00000|  0%| F|  |TAMS 0x0000000616800000| PB 0x0000000616800000| Untracked 
|  78|0x0000000616c00000, 0x0000000616c00000, 0x0000000617000000|  0%| F|  |TAMS 0x0000000616c00000| PB 0x0000000616c00000| Untracked 
|  79|0x0000000617000000, 0x0000000617000000, 0x0000000617400000|  0%| F|  |TAMS 0x0000000617000000| PB 0x0000000617000000| Untracked 
|  80|0x0000000617400000, 0x0000000617400000, 0x0000000617800000|  0%| F|  |TAMS 0x0000000617400000| PB 0x0000000617400000| Untracked 
|  81|0x0000000617800000, 0x0000000617800000, 0x0000000617c00000|  0%| F|  |TAMS 0x0000000617800000| PB 0x0000000617800000| Untracked 
|  82|0x0000000617c00000, 0x0000000617c00000, 0x0000000618000000|  0%| F|  |TAMS 0x0000000617c00000| PB 0x0000000617c00000| Untracked 
|  83|0x0000000618000000, 0x0000000618000000, 0x0000000618400000|  0%| F|  |TAMS 0x0000000618000000| PB 0x0000000618000000| Untracked 
|  84|0x0000000618400000, 0x0000000618400000, 0x0000000618800000|  0%| F|  |TAMS 0x0000000618400000| PB 0x0000000618400000| Untracked 
|  85|0x0000000618800000, 0x0000000618800000, 0x0000000618c00000|  0%| F|  |TAMS 0x0000000618800000| PB 0x0000000618800000| Untracked 
|  86|0x0000000618c00000, 0x0000000618c00000, 0x0000000619000000|  0%| F|  |TAMS 0x0000000618c00000| PB 0x0000000618c00000| Untracked 
|  87|0x0000000619000000, 0x0000000619000000, 0x0000000619400000|  0%| F|  |TAMS 0x0000000619000000| PB 0x0000000619000000| Untracked 
|  88|0x0000000619400000, 0x0000000619400000, 0x0000000619800000|  0%| F|  |TAMS 0x0000000619400000| PB 0x0000000619400000| Untracked 
|  89|0x0000000619800000, 0x0000000619800000, 0x0000000619c00000|  0%| F|  |TAMS 0x0000000619800000| PB 0x0000000619800000| Untracked 
|  90|0x0000000619c00000, 0x0000000619c00000, 0x000000061a000000|  0%| F|  |TAMS 0x0000000619c00000| PB 0x0000000619c00000| Untracked 
|  91|0x000000061a000000, 0x000000061a000000, 0x000000061a400000|  0%| F|  |TAMS 0x000000061a000000| PB 0x000000061a000000| Untracked 
|  92|0x000000061a400000, 0x000000061a400000, 0x000000061a800000|  0%| F|  |TAMS 0x000000061a400000| PB 0x000000061a400000| Untracked 
|  93|0x000000061a800000, 0x000000061a800000, 0x000000061ac00000|  0%| F|  |TAMS 0x000000061a800000| PB 0x000000061a800000| Untracked 
|  94|0x000000061ac00000, 0x000000061ac00000, 0x000000061b000000|  0%| F|  |TAMS 0x000000061ac00000| PB 0x000000061ac00000| Untracked 
|  95|0x000000061b000000, 0x000000061b000000, 0x000000061b400000|  0%| F|  |TAMS 0x000000061b000000| PB 0x000000061b000000| Untracked 
|  96|0x000000061b400000, 0x000000061b400000, 0x000000061b800000|  0%| F|  |TAMS 0x000000061b400000| PB 0x000000061b400000| Untracked 
|  97|0x000000061b800000, 0x000000061b800000, 0x000000061bc00000|  0%| F|  |TAMS 0x000000061b800000| PB 0x000000061b800000| Untracked 
|  98|0x000000061bc00000, 0x000000061bc00000, 0x000000061c000000|  0%| F|  |TAMS 0x000000061bc00000| PB 0x000000061bc00000| Untracked 
|  99|0x000000061c000000, 0x000000061c000000, 0x000000061c400000|  0%| F|  |TAMS 0x000000061c000000| PB 0x000000061c000000| Untracked 
| 100|0x000000061c400000, 0x000000061c400000, 0x000000061c800000|  0%| F|  |TAMS 0x000000061c400000| PB 0x000000061c400000| Untracked 
| 101|0x000000061c800000, 0x000000061c800000, 0x000000061cc00000|  0%| F|  |TAMS 0x000000061c800000| PB 0x000000061c800000| Untracked 
| 102|0x000000061cc00000, 0x000000061cc00000, 0x000000061d000000|  0%| F|  |TAMS 0x000000061cc00000| PB 0x000000061cc00000| Untracked 
| 103|0x000000061d000000, 0x000000061d000000, 0x000000061d400000|  0%| F|  |TAMS 0x000000061d000000| PB 0x000000061d000000| Untracked 
| 104|0x000000061d400000, 0x000000061d400000, 0x000000061d800000|  0%| F|  |TAMS 0x000000061d400000| PB 0x000000061d400000| Untracked 
| 105|0x000000061d800000, 0x000000061d800000, 0x000000061dc00000|  0%| F|  |TAMS 0x000000061d800000| PB 0x000000061d800000| Untracked 
| 106|0x000000061dc00000, 0x000000061dc00000, 0x000000061e000000|  0%| F|  |TAMS 0x000000061dc00000| PB 0x000000061dc00000| Untracked 
| 107|0x000000061e000000, 0x000000061e000000, 0x000000061e400000|  0%| F|  |TAMS 0x000000061e000000| PB 0x000000061e000000| Untracked 
| 108|0x000000061e400000, 0x000000061e400000, 0x000000061e800000|  0%| F|  |TAMS 0x000000061e400000| PB 0x000000061e400000| Untracked 
| 109|0x000000061e800000, 0x000000061e800000, 0x000000061ec00000|  0%| F|  |TAMS 0x000000061e800000| PB 0x000000061e800000| Untracked 
| 110|0x000000061ec00000, 0x000000061ec00000, 0x000000061f000000|  0%| F|  |TAMS 0x000000061ec00000| PB 0x000000061ec00000| Untracked 
| 111|0x000000061f000000, 0x000000061f000000, 0x000000061f400000|  0%| F|  |TAMS 0x000000061f000000| PB 0x000000061f000000| Untracked 
| 112|0x000000061f400000, 0x000000061f400000, 0x000000061f800000|  0%| F|  |TAMS 0x000000061f400000| PB 0x000000061f400000| Untracked 
| 113|0x000000061f800000, 0x000000061f800000, 0x000000061fc00000|  0%| F|  |TAMS 0x000000061f800000| PB 0x000000061f800000| Untracked 
| 114|0x000000061fc00000, 0x000000061fc00000, 0x0000000620000000|  0%| F|  |TAMS 0x000000061fc00000| PB 0x000000061fc00000| Untracked 
| 115|0x0000000620000000, 0x0000000620000000, 0x0000000620400000|  0%| F|  |TAMS 0x0000000620000000| PB 0x0000000620000000| Untracked 
| 116|0x0000000620400000, 0x0000000620400000, 0x0000000620800000|  0%| F|  |TAMS 0x0000000620400000| PB 0x0000000620400000| Untracked 
| 117|0x0000000620800000, 0x0000000620800000, 0x0000000620c00000|  0%| F|  |TAMS 0x0000000620800000| PB 0x0000000620800000| Untracked 
| 118|0x0000000620c00000, 0x0000000620c00000, 0x0000000621000000|  0%| F|  |TAMS 0x0000000620c00000| PB 0x0000000620c00000| Untracked 
| 119|0x0000000621000000, 0x0000000621000000, 0x0000000621400000|  0%| F|  |TAMS 0x0000000621000000| PB 0x0000000621000000| Untracked 
| 120|0x0000000621400000, 0x0000000621400000, 0x0000000621800000|  0%| F|  |TAMS 0x0000000621400000| PB 0x0000000621400000| Untracked 
| 121|0x0000000621800000, 0x0000000621800000, 0x0000000621c00000|  0%| F|  |TAMS 0x0000000621800000| PB 0x0000000621800000| Untracked 
| 122|0x0000000621c00000, 0x0000000621c00000, 0x0000000622000000|  0%| F|  |TAMS 0x0000000621c00000| PB 0x0000000621c00000| Untracked 
| 123|0x0000000622000000, 0x00000006221ec0b8, 0x0000000622400000| 48%| E|  |TAMS 0x0000000622000000| PB 0x0000000622000000| Complete 
| 124|0x0000000622400000, 0x0000000622800000, 0x0000000622800000|100%| E|CS|TAMS 0x0000000622400000| PB 0x0000000622400000| Complete 
| 125|0x0000000622800000, 0x0000000622c00000, 0x0000000622c00000|100%| E|CS|TAMS 0x0000000622800000| PB 0x0000000622800000| Complete 
| 126|0x0000000622c00000, 0x0000000623000000, 0x0000000623000000|100%| E|CS|TAMS 0x0000000622c00000| PB 0x0000000622c00000| Complete 
| 127|0x0000000623000000, 0x0000000623400000, 0x0000000623400000|100%| E|CS|TAMS 0x0000000623000000| PB 0x0000000623000000| Complete 

Card table byte_map: [0x000001e9e0d00000,0x000001e9e1cf0000] _byte_map_base: 0x000001e9ddce6000

Marking Bits: (CMBitMap*) 0x000001e9cb6a5a00
 Bits: [0x000001e9e1cf0000, 0x000001e9e9c20000)

Polling page: 0x000001e9c9dc0000

Metaspace:

Usage:
  Non-class:     16.01 MB used.
      Class:      1.75 MB used.
       Both:     17.76 MB used.

Virtual space:
  Non-class space:       64.00 MB reserved,      16.19 MB ( 25%) committed,  1 nodes.
      Class space:        1.00 GB reserved,       1.88 MB ( <1%) committed,  1 nodes.
             Both:        1.06 GB reserved,      18.06 MB (  2%) committed. 

Chunk freelists:
   Non-Class:  15.86 MB
       Class:  14.13 MB
        Both:  29.99 MB

MaxMetaspaceSize: unlimited
CompressedClassSpaceSize: 1.00 GB
Initial GC threshold: 21.00 MB
Current GC threshold: 21.00 MB
CDS: off
 - commit_granule_bytes: 65536.
 - commit_granule_words: 8192.
 - virtual_space_node_default_size: 8388608.
 - enlarge_chunks_in_place: 1.
 - use_allocation_guard: 0.


Internal statistics:

num_allocs_failed_limit: 0.
num_arena_births: 242.
num_arena_deaths: 0.
num_vsnodes_births: 2.
num_vsnodes_deaths: 0.
num_space_committed: 289.
num_space_uncommitted: 0.
num_chunks_returned_to_freelist: 0.
num_chunks_taken_from_freelist: 430.
num_chunk_merges: 0.
num_chunk_splits: 246.
num_chunks_enlarged: 119.
num_inconsistent_stats: 0.

CodeHeap 'non-profiled nmethods': size=119168Kb used=391Kb max_used=391Kb free=118776Kb
 bounds [0x000001e9d7190000, 0x000001e9d7400000, 0x000001e9de5f0000]
CodeHeap 'profiled nmethods': size=119104Kb used=2153Kb max_used=2153Kb free=116950Kb
 bounds [0x000001e9cf5f0000, 0x000001e9cf860000, 0x000001e9d6a40000]
CodeHeap 'non-nmethods': size=7488Kb used=2556Kb max_used=2580Kb free=4931Kb
 bounds [0x000001e9d6a40000, 0x000001e9d6cd0000, 0x000001e9d7190000]
 total_blobs=1776 nmethods=1259 adapters=420
 compilation: enabled
              stopped_count=0, restarted_count=0
 full_count=0

Compilation events (20 events):
Event: 0.312 Thread 0x000001e9f2137d70 1252       3       java.nio.MappedByteBuffer::limit (6 bytes)
Event: 0.312 Thread 0x000001e9ebf351d0 1253       3       java.nio.MappedByteBuffer::position (6 bytes)
Event: 0.312 Thread 0x000001e9ed623420 nmethod 1251 0x000001e9cf805310 code [0x000001e9cf8054c0, 0x000001e9cf805610]
Event: 0.312 Thread 0x000001e9ebf351d0 nmethod 1253 0x000001e9cf805710 code [0x000001e9cf8058c0, 0x000001e9cf805ad0]
Event: 0.312 Thread 0x000001e9f2137d70 nmethod 1252 0x000001e9cf805c10 code [0x000001e9cf805dc0, 0x000001e9cf805fd0]
Event: 0.312 Thread 0x000001e9ebf351d0 1254   !   3       java.lang.invoke.MethodHandleNatives::linkMethodHandleConstant (50 bytes)
Event: 0.312 Thread 0x000001e9ed623420 1255       3       java.lang.invoke.MethodHandles$Lookup::linkMethodHandleConstant (223 bytes)
Event: 0.312 Thread 0x000001e9ebf351d0 nmethod 1254 0x000001e9cf806110 code [0x000001e9cf8062e0, 0x000001e9cf8064e8]
Event: 0.312 Thread 0x000001e9ebf351d0 1256   !   3       jdk.internal.misc.ScopedMemoryAccess::copyMemory (27 bytes)
Event: 0.312 Thread 0x000001e9f2137d70 1257   !   3       jdk.internal.misc.ScopedMemoryAccess::copyMemoryInternal (56 bytes)
Event: 0.312 Thread 0x000001e9ed623420 nmethod 1255 0x000001e9cf806690 code [0x000001e9cf806a80, 0x000001e9cf808338]
Event: 0.312 Thread 0x000001e9f2137d70 nmethod 1257 0x000001e9cf808b10 code [0x000001e9cf808d00, 0x000001e9cf809240]
Event: 0.312 Thread 0x000001e9ebf351d0 nmethod 1256 0x000001e9cf809590 code [0x000001e9cf8097a0, 0x000001e9cf809dc8]
Event: 0.313 Thread 0x000001e9f257d530 nmethod 1244 0x000001e9d71f0f90 code [0x000001e9d71f11a0, 0x000001e9d71f15c8]
Event: 0.314 Thread 0x000001e9ebf351d0 1258       3       java.nio.MappedByteBuffer::limit (6 bytes)
Event: 0.314 Thread 0x000001e9ed623420 1259       1       java.util.concurrent.atomic.AtomicInteger::get (5 bytes)
Event: 0.314 Thread 0x000001e9ed623420 nmethod 1259 0x000001e9d71f1910 code [0x000001e9d71f1aa0, 0x000001e9d71f1b68]
Event: 0.314 Thread 0x000001e9ebf351d0 nmethod 1258 0x000001e9cf80a190 code [0x000001e9cf80a340, 0x000001e9cf80a550]
Event: 0.315 Thread 0x000001e9ed623420 1260       1       sun.security.provider.DigestBase::engineGetDigestLength (5 bytes)
Event: 0.315 Thread 0x000001e9ed623420 nmethod 1260 0x000001e9d71f1c10 code [0x000001e9d71f1da0, 0x000001e9d71f1e68]

GC Heap History (0 events):
No events

Dll operation events (2 events):
Event: 0.004 Loaded shared library C:\Program Files\JetBrains\IntelliJ IDEA 2024.2.0.2\jbr\bin\java.dll
Event: 0.007 Loaded shared library C:\Program Files\JetBrains\IntelliJ IDEA 2024.2.0.2\jbr\bin\zip.dll

Deoptimization events (20 events):
Event: 0.289 Thread 0x000001e9f24a7880 Uncommon trap: trap_request=0xffffff66 fr.pc=0x000001e9d71e6ff4 relative=0x0000000000000314
Event: 0.289 Thread 0x000001e9f24a7880 Uncommon trap: reason=speculate_class_check action=maybe_recompile pc=0x000001e9d71e6ff4 method=sun.security.util.math.intpoly.IntegerPolynomial.multByInt([JJ)V @ 26 c2
Event: 0.289 Thread 0x000001e9f24a7880 DEOPT PACKING pc=0x000001e9d71e6ff4 sp=0x00000017ce9fe1c0
Event: 0.289 Thread 0x000001e9f24a7880 DEOPT UNPACKING pc=0x000001e9d6a946a2 sp=0x00000017ce9fe0a8 mode 2
Event: 0.289 Thread 0x000001e9f24a7880 Uncommon trap: trap_request=0xffffff66 fr.pc=0x000001e9d71e6ff4 relative=0x0000000000000314
Event: 0.289 Thread 0x000001e9f24a7880 Uncommon trap: reason=speculate_class_check action=maybe_recompile pc=0x000001e9d71e6ff4 method=sun.security.util.math.intpoly.IntegerPolynomial.multByInt([JJ)V @ 26 c2
Event: 0.289 Thread 0x000001e9f24a7880 DEOPT PACKING pc=0x000001e9d71e6ff4 sp=0x00000017ce9fe1c0
Event: 0.289 Thread 0x000001e9f24a7880 DEOPT UNPACKING pc=0x000001e9d6a946a2 sp=0x00000017ce9fe0a8 mode 2
Event: 0.289 Thread 0x000001e9f24a7880 Uncommon trap: trap_request=0xffffff66 fr.pc=0x000001e9d71e6ff4 relative=0x0000000000000314
Event: 0.289 Thread 0x000001e9f24a7880 Uncommon trap: reason=speculate_class_check action=maybe_recompile pc=0x000001e9d71e6ff4 method=sun.security.util.math.intpoly.IntegerPolynomial.multByInt([JJ)V @ 26 c2
Event: 0.289 Thread 0x000001e9f24a7880 DEOPT PACKING pc=0x000001e9d71e6ff4 sp=0x00000017ce9fe1c0
Event: 0.289 Thread 0x000001e9f24a7880 DEOPT UNPACKING pc=0x000001e9d6a946a2 sp=0x00000017ce9fe0a8 mode 2
Event: 0.289 Thread 0x000001e9f24a7880 Uncommon trap: trap_request=0xffffff66 fr.pc=0x000001e9d71e7974 relative=0x0000000000000314
Event: 0.289 Thread 0x000001e9f24a7880 Uncommon trap: reason=speculate_class_check action=maybe_recompile pc=0x000001e9d71e7974 method=sun.security.util.math.intpoly.IntegerPolynomial.multByInt([JJ)V @ 26 c2
Event: 0.289 Thread 0x000001e9f24a7880 DEOPT PACKING pc=0x000001e9d71e7974 sp=0x00000017ce9fe150
Event: 0.289 Thread 0x000001e9f24a7880 DEOPT UNPACKING pc=0x000001e9d6a946a2 sp=0x00000017ce9fe0a0 mode 2
Event: 0.289 Thread 0x000001e9f24a7880 Uncommon trap: trap_request=0xffffff66 fr.pc=0x000001e9d71e7974 relative=0x0000000000000314
Event: 0.289 Thread 0x000001e9f24a7880 Uncommon trap: reason=speculate_class_check action=maybe_recompile pc=0x000001e9d71e7974 method=sun.security.util.math.intpoly.IntegerPolynomial.multByInt([JJ)V @ 26 c2
Event: 0.289 Thread 0x000001e9f24a7880 DEOPT PACKING pc=0x000001e9d71e7974 sp=0x00000017ce9fe150
Event: 0.289 Thread 0x000001e9f24a7880 DEOPT UNPACKING pc=0x000001e9d6a946a2 sp=0x00000017ce9fe0a0 mode 2

Classes loaded (20 events):
Event: 0.302 Loading class jdk/internal/event/TLSHandshakeEvent
Event: 0.302 Loading class jdk/internal/event/TLSHandshakeEvent done
Event: 0.302 Loading class com/sun/crypto/provider/GaloisCounterMode$GCMEncrypt
Event: 0.302 Loading class com/sun/crypto/provider/GaloisCounterMode$GCMEncrypt done
Event: 0.302 Loading class com/sun/crypto/provider/GaloisCounterMode$EncryptOp
Event: 0.302 Loading class com/sun/crypto/provider/GaloisCounterMode$EncryptOp done
Event: 0.302 Loading class sun/security/ssl/CipherSuite$1
Event: 0.302 Loading class sun/security/ssl/CipherSuite$1 done
Event: 0.302 Loading class java/util/concurrent/CompletionException
Event: 0.302 Loading class java/util/concurrent/CompletionException done
Event: 0.310 Loading class java/util/Collections$UnmodifiableMap$UnmodifiableEntrySet
Event: 0.310 Loading class java/util/Collections$UnmodifiableMap$UnmodifiableEntrySet done
Event: 0.311 Loading class java/util/Collections$UnmodifiableMap$UnmodifiableEntrySet$1
Event: 0.311 Loading class java/util/Collections$UnmodifiableMap$UnmodifiableEntrySet$1 done
Event: 0.311 Loading class java/util/Collections$UnmodifiableMap$UnmodifiableEntrySet$UnmodifiableEntry
Event: 0.311 Loading class java/util/Collections$UnmodifiableMap$UnmodifiableEntrySet$UnmodifiableEntry done
Event: 0.315 Loading class sun/security/ssl/NewSessionTicket$T13NewSessionTicketMessage
Event: 0.315 Loading class sun/security/ssl/NewSessionTicket$NewSessionTicketMessage
Event: 0.315 Loading class sun/security/ssl/NewSessionTicket$NewSessionTicketMessage done
Event: 0.315 Loading class sun/security/ssl/NewSessionTicket$T13NewSessionTicketMessage done

Classes unloaded (0 events):
No events

Classes redefined (0 events):
No events

Internal exceptions (20 events):
Event: 0.172 Thread 0x000001e9cb5f9740 Exception <a 'java/lang/NoSuchMethodError'{0x000000062280ec70}: 'int java.lang.invoke.DirectMethodHandle$Holder.invokeStaticInit(java.lang.Object, long, long)'> (0x000000062280ec70) 
thrown [s\src\hotspot\share\interpreter\linkResolver.cpp, line 784]
Event: 0.172 Thread 0x000001e9cb5f9740 Exception <a 'java/lang/NoSuchMethodError'{0x0000000622815708}: 'int java.lang.invoke.DirectMethodHandle$Holder.invokeStaticInit(java.lang.Object, float, float)'> (0x0000000622815708) 
thrown [s\src\hotspot\share\interpreter\linkResolver.cpp, line 784]
Event: 0.172 Thread 0x000001e9cb5f9740 Exception <a 'java/lang/NoSuchMethodError'{0x000000062281c2c0}: 'int java.lang.invoke.DirectMethodHandle$Holder.invokeStaticInit(java.lang.Object, double, double)'> (0x000000062281c2c0) 
thrown [s\src\hotspot\share\interpreter\linkResolver.cpp, line 784]
Event: 0.173 Thread 0x000001e9cb5f9740 Exception <a 'java/lang/NoSuchMethodError'{0x0000000622820948}: 'int java.lang.invoke.DirectMethodHandle$Holder.invokeStatic(java.lang.Object, long)'> (0x0000000622820948) 
thrown [s\src\hotspot\share\interpreter\linkResolver.cpp, line 784]
Event: 0.176 Thread 0x000001e9cb5f9740 Exception <a 'java/lang/NoSuchMethodError'{0x000000062284d728}: 'java.lang.Object java.lang.invoke.DelegatingMethodHandle$Holder.delegate(java.lang.Object, int, java.lang.Object, java.lang.Object)'> (0x000000062284d728) 
thrown [s\src\hotspot\share\interpreter\linkResolver.cpp, line 784]
Event: 0.177 Thread 0x000001e9cb5f9740 Exception <a 'java/lang/NoSuchMethodError'{0x000000062285ca48}: 'int java.lang.invoke.Invokers$Holder.linkToTargetMethod(java.lang.Object, java.lang.Object, java.lang.Object)'> (0x000000062285ca48) 
thrown [s\src\hotspot\share\interpreter\linkResolver.cpp, line 784]
Event: 0.178 Thread 0x000001e9cb5f9740 Exception <a 'java/lang/NoSuchMethodError'{0x000000062288fcf0}: 'long java.lang.invoke.DirectMethodHandle$Holder.invokeSpecial(java.lang.Object, java.lang.Object)'> (0x000000062288fcf0) 
thrown [s\src\hotspot\share\interpreter\linkResolver.cpp, line 784]
Event: 0.179 Thread 0x000001e9cb5f9740 Exception <a 'java/lang/NoSuchMethodError'{0x00000006228965c0}: 'int java.lang.invoke.DirectMethodHandle$Holder.invokeStatic(java.lang.Object, java.lang.Object, java.lang.Object, java.lang.Object)'> (0x00000006228965c0) 
thrown [s\src\hotspot\share\interpreter\linkResolver.cpp, line 784]
Event: 0.179 Thread 0x000001e9cb5f9740 Exception <a 'java/lang/NoSuchMethodError'{0x00000006228999e0}: 'java.lang.Object java.lang.invoke.Invokers$Holder.invokeExact_MT(java.lang.Object, java.lang.Object, java.lang.Object, java.lang.Object, java.lang.Object, java.lang.Object)'> (0x00000006228999e0) 
thrown [s\src\hotspot\share\interpreter\linkResolver.cpp, line 784]
Event: 0.215 Thread 0x000001e9cb5f9740 Exception <a 'java/lang/NoSuchMethodError'{0x0000000622a55830}: 'java.lang.Object java.lang.invoke.DirectMethodHandle$Holder.newInvokeSpecial(java.lang.Object, java.lang.Object, java.lang.Object, java.lang.Object, java.lang.Object)'> (0x0000000622a55830) 
thrown [s\src\hotspot\share\interpreter\linkResolver.cpp, line 784]
Event: 0.228 Thread 0x000001e9cb5f9740 Exception <a 'java/lang/NoSuchMethodError'{0x00000006224525c0}: 'java.lang.Object java.lang.invoke.DirectMethodHandle$Holder.invokeSpecial(java.lang.Object, java.lang.Object, java.lang.Object, java.lang.Object, int)'> (0x00000006224525c0) 
thrown [s\src\hotspot\share\interpreter\linkResolver.cpp, line 784]
Event: 0.228 Thread 0x000001e9cb5f9740 Exception <a 'java/lang/NoSuchMethodError'{0x0000000622455f28}: 'java.lang.Object java.lang.invoke.Invokers$Holder.linkToTargetMethod(java.lang.Object, java.lang.Object, int, java.lang.Object)'> (0x0000000622455f28) 
thrown [s\src\hotspot\share\interpreter\linkResolver.cpp, line 784]
Event: 0.231 Thread 0x000001e9cb5f9740 Exception <a 'java/lang/NoSuchMethodError'{0x0000000622484b68}: 'void java.lang.invoke.DirectMethodHandle$Holder.invokeSpecial(java.lang.Object, java.lang.Object, java.lang.Object)'> (0x0000000622484b68) 
thrown [s\src\hotspot\share\interpreter\linkResolver.cpp, line 784]
Event: 0.236 Thread 0x000001e9cb5f9740 Exception <a 'java/lang/NoSuchMethodError'{0x0000000622506780}: 'void java.lang.invoke.DirectMethodHandle$Holder.invokeSpecial(java.lang.Object, java.lang.Object, java.lang.Object, java.lang.Object, java.lang.Object)'> (0x0000000622506780) 
thrown [s\src\hotspot\share\interpreter\linkResolver.cpp, line 784]
Event: 0.237 Thread 0x000001e9f246b8c0 Exception <a 'java/lang/NoSuchMethodError'{0x0000000622a8e760}: 'void java.lang.invoke.DirectMethodHandle$Holder.invokeStatic(java.lang.Object, java.lang.Object, int)'> (0x0000000622a8e760) 
thrown [s\src\hotspot\share\interpreter\linkResolver.cpp, line 784]
Event: 0.240 Thread 0x000001e9f246b8c0 Exception <a 'java/lang/NoSuchMethodError'{0x0000000622ac82f0}: 'void java.lang.invoke.DirectMethodHandle$Holder.invokeStatic(java.lang.Object, java.lang.Object)'> (0x0000000622ac82f0) 
thrown [s\src\hotspot\share\interpreter\linkResolver.cpp, line 784]
Event: 0.240 Thread 0x000001e9f24a7880 Exception <a 'java/lang/NoSuchMethodError'{0x0000000622595f50}: 'void java.lang.invoke.DirectMethodHandle$Holder.invokeInterface(java.lang.Object, java.lang.Object, java.lang.Object)'> (0x0000000622595f50) 
thrown [s\src\hotspot\share\interpreter\linkResolver.cpp, line 784]
Event: 0.243 Thread 0x000001e9f24a7880 Exception <a 'java/lang/NoSuchMethodError'{0x00000006225e7e08}: 'void java.lang.invoke.DirectMethodHandle$Holder.invokeVirtual(java.lang.Object, java.lang.Object)'> (0x00000006225e7e08) 
thrown [s\src\hotspot\share\interpreter\linkResolver.cpp, line 784]
Event: 0.286 Thread 0x000001e9f24a7880 Exception <a 'java/lang/NoSuchMethodError'{0x00000006227ff470}: 'void java.lang.invoke.DirectMethodHandle$Holder.invokeInterface(java.lang.Object, java.lang.Object)'> (0x00000006227ff470) 
thrown [s\src\hotspot\share\interpreter\linkResolver.cpp, line 784]
Event: 0.302 Thread 0x000001e9f24a7880 Exception <a 'java/lang/NoSuchMethodError'{0x0000000622076fd0}: 'void java.lang.invoke.DirectMethodHandle$Holder.invokeStatic(java.lang.Object, java.lang.Object, java.lang.Object, java.lang.Object)'> (0x0000000622076fd0) 
thrown [s\src\hotspot\share\interpreter\linkResolver.cpp, line 784]

ZGC Phase Switch (0 events):
No events

VM Operations (10 events):
Event: 0.057 Executing VM operation: HandshakeAllThreads (Deoptimize)
Event: 0.057 Executing VM operation: HandshakeAllThreads (Deoptimize) done
Event: 0.062 Executing VM operation: HandshakeAllThreads (Deoptimize)
Event: 0.062 Executing VM operation: HandshakeAllThreads (Deoptimize) done
Event: 0.143 Executing VM operation: HandshakeAllThreads (Deoptimize)
Event: 0.143 Executing VM operation: HandshakeAllThreads (Deoptimize) done
Event: 0.238 Executing VM operation: HandshakeAllThreads (Deoptimize)
Event: 0.238 Executing VM operation: HandshakeAllThreads (Deoptimize) done
Event: 0.287 Executing VM operation: ICBufferFull
Event: 0.287 Executing VM operation: ICBufferFull done

Memory protections (0 events):
No events

Nmethod flushes (0 events):
No events

Events (20 events):
Event: 0.031 Thread 0x000001e9cb5f9740 Thread added: 0x000001e9ed61f010
Event: 0.031 Thread 0x000001e9cb5f9740 Thread added: 0x000001e9ed621690
Event: 0.031 Thread 0x000001e9cb5f9740 Thread added: 0x000001e9ed622030
Event: 0.031 Thread 0x000001e9cb5f9740 Thread added: 0x000001e9ed623420
Event: 0.042 Thread 0x000001e9ed623420 Thread added: 0x000001e9ebf351d0
Event: 0.044 Thread 0x000001e9cb5f9740 Thread added: 0x000001e9ed7e61e0
Event: 0.047 Thread 0x000001e9cb5f9740 Thread added: 0x000001e9ed7e9b00
Event: 0.051 Loaded shared library C:\Program Files\JetBrains\IntelliJ IDEA 2024.2.0.2\jbr\bin\net.dll
Event: 0.051 Loaded shared library C:\Program Files\JetBrains\IntelliJ IDEA 2024.2.0.2\jbr\bin\nio.dll
Event: 0.055 Loaded shared library C:\Program Files\JetBrains\IntelliJ IDEA 2024.2.0.2\jbr\bin\zip.dll
Event: 0.089 Loaded shared library C:\Program Files\JetBrains\IntelliJ IDEA 2024.2.0.2\jbr\bin\jimage.dll
Event: 0.148 Thread 0x000001e9ed622030 Thread added: 0x000001e9f2137d70
Event: 0.193 Loaded shared library C:\Program Files\JetBrains\IntelliJ IDEA 2024.2.0.2\jbr\bin\sunmscapi.dll
Event: 0.210 Loaded shared library C:\Program Files\JetBrains\IntelliJ IDEA 2024.2.0.2\jbr\bin\extnet.dll
Event: 0.213 Thread 0x000001e9cb5f9740 Thread added: 0x000001e9f246b8c0
Event: 0.240 Thread 0x000001e9f246b8c0 Thread added: 0x000001e9f24a7880
Event: 0.246 Thread 0x000001e9f246b8c0 Thread added: 0x000001e9f253dd80
Event: 0.263 Thread 0x000001e9ed622030 Thread added: 0x000001e9f24eb1b0
Event: 0.263 Thread 0x000001e9f2137d70 Thread added: 0x000001e9f24eb860
Event: 0.264 Thread 0x000001e9ed623420 Thread added: 0x000001e9f257d530


Dynamic libraries:
0x00007ff62c720000 - 0x00007ff62c72a000 	C:\Program Files\JetBrains\IntelliJ IDEA 2024.2.0.2\jbr\bin\java.exe
0x00007fff07620000 - 0x00007fff07883000 	C:\WINDOWS\SYSTEM32\ntdll.dll
0x00007fff05730000 - 0x00007fff057f7000 	C:\WINDOWS\System32\KERNEL32.DLL
0x00007fff04c70000 - 0x00007fff05039000 	C:\WINDOWS\System32\KERNELBASE.dll
0x00007fff051b0000 - 0x00007fff052fc000 	C:\WINDOWS\System32\ucrtbase.dll
0x00007ffd8d1c0000 - 0x00007ffd8d1d8000 	C:\Program Files\JetBrains\IntelliJ IDEA 2024.2.0.2\jbr\bin\jli.dll
0x00007ffefde30000 - 0x00007ffefde4b000 	C:\Program Files\JetBrains\IntelliJ IDEA 2024.2.0.2\jbr\bin\VCRUNTIME140.dll
0x00007fff06380000 - 0x00007fff0654a000 	C:\WINDOWS\System32\USER32.dll
0x00007ffeedff0000 - 0x00007ffeee280000 	C:\WINDOWS\WinSxS\amd64_microsoft.windows.common-controls_6595b64144ccf1df_6.0.26100.3323_none_3e088096e3344490\COMCTL32.dll
0x00007fff04a10000 - 0x00007fff04a37000 	C:\WINDOWS\System32\win32u.dll
0x00007fff06800000 - 0x00007fff068a9000 	C:\WINDOWS\System32\msvcrt.dll
0x00007fff06e80000 - 0x00007fff06eaa000 	C:\WINDOWS\System32\GDI32.dll
0x00007fff05300000 - 0x00007fff05431000 	C:\WINDOWS\System32\gdi32full.dll
0x00007fff04a40000 - 0x00007fff04ae3000 	C:\WINDOWS\System32\msvcp_win.dll
0x00007fff073b0000 - 0x00007fff073df000 	C:\WINDOWS\System32\IMM32.DLL
0x00007fff005e0000 - 0x00007fff005ec000 	C:\Program Files\JetBrains\IntelliJ IDEA 2024.2.0.2\jbr\bin\vcruntime140_1.dll
0x00007ffd69540000 - 0x00007ffd695cd000 	C:\Program Files\JetBrains\IntelliJ IDEA 2024.2.0.2\jbr\bin\msvcp140.dll
0x00007ffeafb90000 - 0x00007ffeb0947000 	C:\Program Files\JetBrains\IntelliJ IDEA 2024.2.0.2\jbr\bin\server\jvm.dll
0x00007fff072f0000 - 0x00007fff073a2000 	C:\WINDOWS\System32\ADVAPI32.dll
0x00007fff06740000 - 0x00007fff067e6000 	C:\WINDOWS\System32\sechost.dll
0x00007fff05440000 - 0x00007fff05556000 	C:\WINDOWS\System32\RPCRT4.dll
0x00007fff06160000 - 0x00007fff061d4000 	C:\WINDOWS\System32\WS2_32.dll
0x00007fff03470000 - 0x00007fff034be000 	C:\WINDOWS\SYSTEM32\POWRPROF.dll
0x00007ffefe120000 - 0x00007ffefe12b000 	C:\WINDOWS\SYSTEM32\VERSION.dll
0x00007ffef78a0000 - 0x00007ffef78d6000 	C:\WINDOWS\SYSTEM32\WINMM.dll
0x00007fff03450000 - 0x00007fff03464000 	C:\WINDOWS\SYSTEM32\UMPDC.dll
0x00007fff03720000 - 0x00007fff0373a000 	C:\WINDOWS\SYSTEM32\kernel.appcore.dll
0x00007ffefde20000 - 0x00007ffefde2a000 	C:\Program Files\JetBrains\IntelliJ IDEA 2024.2.0.2\jbr\bin\jimage.dll
0x00007fff020d0000 - 0x00007fff02311000 	C:\WINDOWS\SYSTEM32\DBGHELP.DLL
0x00007fff06eb0000 - 0x00007fff07232000 	C:\WINDOWS\System32\combase.dll
0x00007fff05820000 - 0x00007fff058f6000 	C:\WINDOWS\System32\OLEAUT32.dll
0x00007ffedc170000 - 0x00007ffedc1a9000 	C:\WINDOWS\SYSTEM32\dbgcore.DLL
0x00007fff04970000 - 0x00007fff04a09000 	C:\WINDOWS\System32\bcryptPrimitives.dll
0x00007ffef2210000 - 0x00007ffef222f000 	C:\Program Files\JetBrains\IntelliJ IDEA 2024.2.0.2\jbr\bin\java.dll
0x00007ffef1920000 - 0x00007ffef1938000 	C:\Program Files\JetBrains\IntelliJ IDEA 2024.2.0.2\jbr\bin\zip.dll
0x00007fff059b0000 - 0x00007fff060c5000 	C:\WINDOWS\System32\SHELL32.dll
0x00007fff05040000 - 0x00007fff051a8000 	C:\WINDOWS\System32\wintypes.dll
0x00007fff024e0000 - 0x00007fff02d25000 	C:\WINDOWS\SYSTEM32\windows.storage.dll
0x00007fff073f0000 - 0x00007fff074db000 	C:\WINDOWS\System32\SHCORE.dll
0x00007fff06910000 - 0x00007fff0696d000 	C:\WINDOWS\System32\shlwapi.dll
0x00007fff04730000 - 0x00007fff0475f000 	C:\WINDOWS\SYSTEM32\profapi.dll
0x00007ffefbdd0000 - 0x00007ffefbde0000 	C:\Program Files\JetBrains\IntelliJ IDEA 2024.2.0.2\jbr\bin\net.dll
0x00007ffefc4c0000 - 0x00007ffefc5de000 	C:\WINDOWS\SYSTEM32\WINHTTP.dll
0x00007fff03c50000 - 0x00007fff03cba000 	C:\WINDOWS\system32\mswsock.dll
0x00007ffef1900000 - 0x00007ffef1916000 	C:\Program Files\JetBrains\IntelliJ IDEA 2024.2.0.2\jbr\bin\nio.dll
0x00007fff03f20000 - 0x00007fff03f3c000 	C:\WINDOWS\SYSTEM32\CRYPTSP.dll
0x00007fff03680000 - 0x00007fff036ba000 	C:\WINDOWS\system32\rsaenh.dll
0x00007fff03cf0000 - 0x00007fff03d1b000 	C:\WINDOWS\SYSTEM32\USERENV.dll
0x00007fff04150000 - 0x00007fff04176000 	C:\WINDOWS\SYSTEM32\bcrypt.dll
0x00007fff03f10000 - 0x00007fff03f1c000 	C:\WINDOWS\SYSTEM32\CRYPTBASE.dll
0x00007fff030b0000 - 0x00007fff030e3000 	C:\WINDOWS\SYSTEM32\IPHLPAPI.DLL
0x00007fff05560000 - 0x00007fff0556a000 	C:\WINDOWS\System32\NSI.dll
0x00007ffef1980000 - 0x00007ffef198e000 	C:\Program Files\JetBrains\IntelliJ IDEA 2024.2.0.2\jbr\bin\sunmscapi.dll
0x00007fff04af0000 - 0x00007fff04c67000 	C:\WINDOWS\System32\CRYPT32.dll
0x00007fff04110000 - 0x00007fff04140000 	C:\WINDOWS\SYSTEM32\ncrypt.dll
0x00007fff040c0000 - 0x00007fff040ff000 	C:\WINDOWS\SYSTEM32\NTASN1.dll
0x00007ffeec6c0000 - 0x00007ffeec6c8000 	C:\WINDOWS\system32\wshunix.dll
0x00007ffef18e0000 - 0x00007ffef18e9000 	C:\Program Files\JetBrains\IntelliJ IDEA 2024.2.0.2\jbr\bin\extnet.dll

dbghelp: loaded successfully - version: 4.0.5 - missing functions: none
symbol engine: initialized successfully - sym options: 0x614 - pdb path: .;C:\Program Files\JetBrains\IntelliJ IDEA 2024.2.0.2\jbr\bin;C:\WINDOWS\SYSTEM32;C:\WINDOWS\WinSxS\amd64_microsoft.windows.common-controls_6595b64144ccf1df_6.0.26100.3323_none_3e088096e3344490;C:\Program Files\JetBrains\IntelliJ IDEA 2024.2.0.2\jbr\bin\server

VM Arguments:
java_command: git4idea.http.GitAskPassApp Username for 'https://github.com': 
java_class_path (initial): C:/Program Files/JetBrains/IntelliJ IDEA 2024.2.0.2/plugins/vcs-git/lib/git4idea-rt.jar;C:/Program Files/JetBrains/IntelliJ IDEA 2024.2.0.2/lib/externalProcess-rt.jar
Launcher Type: SUN_STANDARD

[Global flags]
     intx CICompilerCount                          = 12                                        {product} {ergonomic}
     uint ConcGCThreads                            = 5                                         {product} {ergonomic}
     uint G1ConcRefinementThreads                  = 20                                        {product} {ergonomic}
   size_t G1HeapRegionSize                         = 4194304                                   {product} {ergonomic}
    uintx GCDrainStackTargetSize                   = 64                                        {product} {ergonomic}
   size_t InitialHeapSize                          = 536870912                                 {product} {ergonomic}
   size_t MarkStackSize                            = 4194304                                   {product} {ergonomic}
   size_t MaxHeapSize                              = 8535408640                                {product} {ergonomic}
   size_t MaxNewSize                               = 5121245184                                {product} {ergonomic}
   size_t MinHeapDeltaBytes                        = 4194304                                   {product} {ergonomic}
   size_t MinHeapSize                              = 8388608                                   {product} {ergonomic}
    uintx NonNMethodCodeHeapSize                   = 7602480                                {pd product} {ergonomic}
    uintx NonProfiledCodeHeapSize                  = 122027880                              {pd product} {ergonomic}
    uintx ProfiledCodeHeapSize                     = 122027880                              {pd product} {ergonomic}
    uintx ReservedCodeCacheSize                    = 251658240                              {pd product} {ergonomic}
     bool SegmentedCodeCache                       = true                                      {product} {ergonomic}
   size_t SoftMaxHeapSize                          = 8535408640                             {manageable} {ergonomic}
     bool UseCompressedOops                        = true                           {product lp64_product} {ergonomic}
     bool UseG1GC                                  = true                                      {product} {ergonomic}
     bool UseLargePagesIndividualAllocation        = false                                  {pd product} {ergonomic}

Logging:
Log output configuration:
 #0: stdout all=warning uptime,level,tags foldmultilines=false
 #1: stderr all=off uptime,level,tags foldmultilines=false

Environment Variables:
PATH=C:\Program Files\Git\mingw64\libexec\git-core;C:\Program Files\Git\mingw64\libexec\git-core;C:\Program Files\Git\mingw64\bin;C:\Program Files\Git\usr\bin;C:\Users\adity\bin;C:\Windows\system32;C:\Windows;C:\Windows\System32\Wbem;C:\Windows\System32\WindowsPowerShell\v1.0;C:\Windows\System32\OpenSSH;C:\Program Files (x86)\NVIDIA Corporation\PhysX\Common;C:\Program Files\NVIDIA Corporation\NVIDIA NvDLISR;C:\Program Files\dotnet;C:\WINDOWS\system32;C:\WINDOWS;C:\WINDOWS\System32\Wbem;C:\WINDOWS\System32\WindowsPowerShell\v1.0;C:\WINDOWS\System32\OpenSSH;C:\Program Files\Git\cmd;C:\Program Files\nodejs;C:\Users\adity\AppData\Local\Microsoft\WindowsApps;C:\Users\adity\AppData\Local\Programs\Microsoft VS Code\bin;C:\Users\adity\.dotnet\tools;C:\Users\adity\AppData\Local\Microsoft\WinGet\Packages\Schniz.fnm_Microsoft.Winget.Source_8wekyb3d8bbwe;C:\Users\adity\AppData\Roaming\npm
USERNAME=adity
DISPLAY=:0.0
LC_ALL=en_US.UTF-8
TERM=xterm-256color
TMPDIR=C:\Users\adity\AppData\Local\Temp
OS=Windows_NT
PROCESSOR_IDENTIFIER=Intel64 Family 6 Model 183 Stepping 1, GenuineIntel
TMP=C:\Users\adity\AppData\Local\Temp
TEMP=C:\Users\adity\AppData\Local\Temp




Periodic native trim disabled

JNI global refs:
JNI global refs: 28, weak refs: 0

JNI global refs memory usage: 835, weak refs: 833

Process memory usage:
Resident Set Size: 95072K (0% of 33329392K total physical memory with 1760820K free physical memory)

OOME stack traces (most recent first):
Classloader memory used:
Loader bootstrap                                                                       : 16279K
Loader jdk.internal.loader.ClassLoaders$PlatformClassLoader                            : 1892K
Loader jdk.internal.loader.ClassLoaders$AppClassLoader                                 : 16448B

---------------  S Y S T E M  ---------------

OS:
 Windows 11 , 64 bit Build 26100 (10.0.26100.3323)
OS uptime: 6 days 22:24 hours
Hyper-V role detected

CPU: total 28 (initial active 28) (14 cores per cpu, 2 threads per core) family 6 model 183 stepping 1 microcode 0x11d, cx8, cmov, fxsr, ht, mmx, 3dnowpref, sse, sse2, sse3, ssse3, sse4.1, sse4.2, popcnt, lzcnt, tsc, tscinvbit, avx, avx2, aes, erms, clmul, bmi1, bmi2, adx, sha, fma, vzeroupper, clflush, clflushopt, clwb, hv, serialize, rdtscp, rdpid, fsrm, f16c, cet_ibt, cet_ss
Processor Information for all 28 processors :
  Max Mhz: 2100, Current Mhz: 2100, Mhz Limit: 2100

Memory: 4k page, system-wide physical 32548M (1719M free)
TotalPageFile size 130852M (AvailPageFile size 10M)
current process WorkingSet (physical memory assigned to process): 92M, peak: 93M
current process commit charge ("private bytes"): 655M, peak: 658M

vm_info: OpenJDK 64-Bit Server VM (21.0.4+13-b509.17) for windows-amd64 JRE (21.0.4+13-b509.17), built on 2024-09-04 by "builduser" with MS VC++ 16.10 / 16.11 (VS2019)

END.
